2024-04-02 02:25:14 [JavaFX Application Thread] core.SettingsProvider.load()
[INFO] [] user settings loaded
2024-04-02 02:25:14 [JavaFX Application Thread] core.World.<init>()
[INFO] [setup] world initiated
2024-04-02 02:25:17 [JavaFX Application Thread] graph.SynchronousBooleanNetwork.loadGraphFile()
[WARN] [] TCR_REDOX_METABOLOISM.graphml doesn't exist
2024-04-02 02:25:17 [JavaFX Application Thread] graph.SynchronousBooleanNetwork.loadGraphFile()
[WARN] [] TCR_REDOX_METABOLOISM.zginml doesn't exist
2024-04-02 02:25:17 [JavaFX Application Thread] graph.SynchronousBooleanNetwork.loadGraphFile()
[WARN] [] TCR_REDOX_METABOLOISM.graphml doesn't exist
2024-04-02 02:25:17 [JavaFX Application Thread] graph.SynchronousBooleanNetwork.loadGraphFile()
[WARN] [] TCR_REDOX_METABOLOISM.zginml doesn't exist
2024-04-02 02:25:17 [JavaFX Application Thread] graph.SynchronousBooleanNetwork.loadGraphFile()
[WARN] [] TCR_REDOX_METABOLOISM.graphml doesn't exist
2024-04-02 02:25:17 [JavaFX Application Thread] graph.SynchronousBooleanNetwork.loadGraphFile()
[WARN] [] TCR_REDOX_METABOLOISM.zginml doesn't exist
2024-04-02 02:25:17 [JavaFX Application Thread] graph.SynchronousBooleanNetwork.loadGraphFile()
[WARN] [] TCR_REDOX_METABOLOISM.graphml doesn't exist
2024-04-02 02:25:17 [JavaFX Application Thread] graph.SynchronousBooleanNetwork.loadGraphFile()
[WARN] [] TCR_REDOX_METABOLOISM.zginml doesn't exist
2024-04-02 02:25:17 [JavaFX Application Thread] graph.SynchronousBooleanNetwork.loadGraphFile()
[WARN] [] TCR_REDOX_METABOLOISM.graphml doesn't exist
2024-04-02 02:25:17 [JavaFX Application Thread] graph.SynchronousBooleanNetwork.loadGraphFile()
[WARN] [] TCR_REDOX_METABOLOISM.zginml doesn't exist
2024-04-02 02:25:17 [JavaFX Application Thread] graph.SynchronousBooleanNetwork.loadGraphFile()
[WARN] [] TCR_REDOX_METABOLOISM.graphml doesn't exist
2024-04-02 02:25:17 [JavaFX Application Thread] graph.SynchronousBooleanNetwork.loadGraphFile()
[WARN] [] TCR_REDOX_METABOLOISM.zginml doesn't exist
2024-04-02 02:25:17 [JavaFX Application Thread] graph.SynchronousBooleanNetwork.loadGraphFile()
[WARN] [] TCR_REDOX_METABOLOISM.graphml doesn't exist
2024-04-02 02:25:17 [JavaFX Application Thread] graph.SynchronousBooleanNetwork.loadGraphFile()
[WARN] [] TCR_REDOX_METABOLOISM.zginml doesn't exist
2024-04-02 02:25:17 [JavaFX Application Thread] graph.SynchronousBooleanNetwork.loadGraphFile()
[WARN] [] TCR_REDOX_METABOLOISM.graphml doesn't exist
2024-04-02 02:25:17 [JavaFX Application Thread] graph.SynchronousBooleanNetwork.loadGraphFile()
[WARN] [] TCR_REDOX_METABOLOISM.zginml doesn't exist
2024-04-02 02:25:17 [JavaFX Application Thread] graph.SynchronousBooleanNetwork.loadGraphFile()
[WARN] [] TCR_REDOX_METABOLOISM.graphml doesn't exist
2024-04-02 02:25:17 [JavaFX Application Thread] graph.SynchronousBooleanNetwork.loadGraphFile()
[WARN] [] TCR_REDOX_METABOLOISM.zginml doesn't exist
2024-04-02 02:25:17 [JavaFX Application Thread] graph.SynchronousBooleanNetwork.loadGraphFile()
[WARN] [] TCR_REDOX_METABOLOISM.graphml doesn't exist
2024-04-02 02:25:17 [JavaFX Application Thread] graph.SynchronousBooleanNetwork.loadGraphFile()
[WARN] [] TCR_REDOX_METABOLOISM.zginml doesn't exist
2024-04-02 02:25:17 [JavaFX Application Thread] graph.SynchronousBooleanNetwork.loadGraphFile()
[WARN] [] TCR_REDOX_METABOLOISM.graphml doesn't exist
2024-04-02 02:25:17 [JavaFX Application Thread] graph.SynchronousBooleanNetwork.loadGraphFile()
[WARN] [] TCR_REDOX_METABOLOISM.zginml doesn't exist
2024-04-02 02:25:17 [JavaFX Application Thread] graph.SynchronousBooleanNetwork.loadGraphFile()
[WARN] [] TCR_REDOX_METABOLOISM.graphml doesn't exist
2024-04-02 02:25:17 [JavaFX Application Thread] graph.SynchronousBooleanNetwork.loadGraphFile()
[WARN] [] TCR_REDOX_METABOLOISM.zginml doesn't exist
2024-04-02 02:25:17 [JavaFX Application Thread] graph.SynchronousBooleanNetwork.loadGraphFile()
[WARN] [] TCR_REDOX_METABOLOISM.graphml doesn't exist
2024-04-02 02:25:17 [JavaFX Application Thread] graph.SynchronousBooleanNetwork.loadGraphFile()
[WARN] [] TCR_REDOX_METABOLOISM.zginml doesn't exist
2024-04-02 02:25:17 [JavaFX Application Thread] graph.SynchronousBooleanNetwork.loadGraphFile()
[WARN] [] TCR_REDOX_METABOLOISM.graphml doesn't exist
2024-04-02 02:25:17 [JavaFX Application Thread] graph.SynchronousBooleanNetwork.loadGraphFile()
[WARN] [] TCR_REDOX_METABOLOISM.zginml doesn't exist
2024-04-02 02:25:17 [JavaFX Application Thread] graph.SynchronousBooleanNetwork.loadGraphFile()
[WARN] [] TCR_REDOX_METABOLOISM.graphml doesn't exist
2024-04-02 02:25:17 [JavaFX Application Thread] graph.SynchronousBooleanNetwork.loadGraphFile()
[WARN] [] TCR_REDOX_METABOLOISM.zginml doesn't exist
2024-04-02 02:25:17 [JavaFX Application Thread] graph.SynchronousBooleanNetwork.loadGraphFile()
[WARN] [] TCR_REDOX_METABOLOISM.graphml doesn't exist
2024-04-02 02:25:17 [JavaFX Application Thread] graph.SynchronousBooleanNetwork.loadGraphFile()
[WARN] [] TCR_REDOX_METABOLOISM.zginml doesn't exist
2024-04-02 02:25:17 [JavaFX Application Thread] graph.SynchronousBooleanNetwork.loadGraphFile()
[WARN] [] TCR_REDOX_METABOLOISM.graphml doesn't exist
2024-04-02 02:25:17 [JavaFX Application Thread] graph.SynchronousBooleanNetwork.loadGraphFile()
[WARN] [] TCR_REDOX_METABOLOISM.zginml doesn't exist
2024-04-02 02:25:17 [JavaFX Application Thread] graph.SynchronousBooleanNetwork.loadGraphFile()
[WARN] [] TCR_REDOX_METABOLOISM.graphml doesn't exist
2024-04-02 02:25:17 [JavaFX Application Thread] graph.SynchronousBooleanNetwork.loadGraphFile()
[WARN] [] TCR_REDOX_METABOLOISM.zginml doesn't exist
2024-04-02 02:25:17 [JavaFX Application Thread] graph.SynchronousBooleanNetwork.loadGraphFile()
[WARN] [] TCR_REDOX_METABOLOISM.graphml doesn't exist
2024-04-02 02:25:17 [JavaFX Application Thread] graph.SynchronousBooleanNetwork.loadGraphFile()
[WARN] [] TCR_REDOX_METABOLOISM.zginml doesn't exist
2024-04-02 02:25:17 [JavaFX Application Thread] graph.SynchronousBooleanNetwork.loadGraphFile()
[WARN] [] TCR_REDOX_METABOLOISM.graphml doesn't exist
2024-04-02 02:25:17 [JavaFX Application Thread] graph.SynchronousBooleanNetwork.loadGraphFile()
[WARN] [] TCR_REDOX_METABOLOISM.zginml doesn't exist
2024-04-02 02:25:17 [JavaFX Application Thread] graph.SynchronousBooleanNetwork.loadGraphFile()
[WARN] [] TCR_REDOX_METABOLOISM.graphml doesn't exist
2024-04-02 02:25:17 [JavaFX Application Thread] graph.SynchronousBooleanNetwork.loadGraphFile()
[WARN] [] TCR_REDOX_METABOLOISM.zginml doesn't exist
2024-04-02 02:25:17 [JavaFX Application Thread] graph.SynchronousBooleanNetwork.loadGraphFile()
[WARN] [] TCR_REDOX_METABOLOISM.graphml doesn't exist
2024-04-02 02:25:17 [JavaFX Application Thread] graph.SynchronousBooleanNetwork.loadGraphFile()
[WARN] [] TCR_REDOX_METABOLOISM.zginml doesn't exist
2024-04-02 02:25:17 [JavaFX Application Thread] graph.SynchronousBooleanNetwork.loadGraphFile()
[WARN] [] TCR_REDOX_METABOLOISM.graphml doesn't exist
2024-04-02 02:25:17 [JavaFX Application Thread] graph.SynchronousBooleanNetwork.loadGraphFile()
[WARN] [] TCR_REDOX_METABOLOISM.zginml doesn't exist
2024-04-02 02:25:17 [JavaFX Application Thread] graph.SynchronousBooleanNetwork.loadGraphFile()
[WARN] [] TCR_REDOX_METABOLOISM.graphml doesn't exist
2024-04-02 02:25:17 [JavaFX Application Thread] graph.SynchronousBooleanNetwork.loadGraphFile()
[WARN] [] TCR_REDOX_METABOLOISM.zginml doesn't exist
2024-04-02 02:25:17 [JavaFX Application Thread] graph.SynchronousBooleanNetwork.loadGraphFile()
[WARN] [] TCR_REDOX_METABOLOISM.graphml doesn't exist
2024-04-02 02:25:17 [JavaFX Application Thread] graph.SynchronousBooleanNetwork.loadGraphFile()
[WARN] [] TCR_REDOX_METABOLOISM.zginml doesn't exist
2024-04-02 02:25:17 [JavaFX Application Thread] graph.SynchronousBooleanNetwork.loadGraphFile()
[WARN] [] TCR_REDOX_METABOLOISM.graphml doesn't exist
2024-04-02 02:25:17 [JavaFX Application Thread] graph.SynchronousBooleanNetwork.loadGraphFile()
[WARN] [] TCR_REDOX_METABOLOISM.zginml doesn't exist
2024-04-02 02:25:17 [JavaFX Application Thread] graph.SynchronousBooleanNetwork.loadGraphFile()
[WARN] [] TCR_REDOX_METABOLOISM.graphml doesn't exist
2024-04-02 02:25:17 [JavaFX Application Thread] graph.SynchronousBooleanNetwork.loadGraphFile()
[WARN] [] TCR_REDOX_METABOLOISM.zginml doesn't exist
2024-04-02 02:25:17 [JavaFX Application Thread] graph.SynchronousBooleanNetwork.loadGraphFile()
[WARN] [] TCR_REDOX_METABOLOISM.graphml doesn't exist
2024-04-02 02:25:17 [JavaFX Application Thread] graph.SynchronousBooleanNetwork.loadGraphFile()
[WARN] [] TCR_REDOX_METABOLOISM.zginml doesn't exist
2024-04-02 02:25:17 [JavaFX Application Thread] graph.SynchronousBooleanNetwork.loadGraphFile()
[WARN] [] TCR_REDOX_METABOLOISM.graphml doesn't exist
2024-04-02 02:25:17 [JavaFX Application Thread] graph.SynchronousBooleanNetwork.loadGraphFile()
[WARN] [] TCR_REDOX_METABOLOISM.zginml doesn't exist
2024-04-02 02:25:17 [JavaFX Application Thread] graph.SynchronousBooleanNetwork.loadGraphFile()
[WARN] [] TCR_REDOX_METABOLOISM.graphml doesn't exist
2024-04-02 02:25:17 [JavaFX Application Thread] graph.SynchronousBooleanNetwork.loadGraphFile()
[WARN] [] TCR_REDOX_METABOLOISM.zginml doesn't exist
2024-04-02 02:25:17 [JavaFX Application Thread] graph.SynchronousBooleanNetwork.loadGraphFile()
[WARN] [] TCR_REDOX_METABOLOISM.graphml doesn't exist
2024-04-02 02:25:17 [JavaFX Application Thread] graph.SynchronousBooleanNetwork.loadGraphFile()
[WARN] [] TCR_REDOX_METABOLOISM.zginml doesn't exist
2024-04-02 02:25:17 [JavaFX Application Thread] graph.SynchronousBooleanNetwork.loadGraphFile()
[WARN] [] TCR_REDOX_METABOLOISM.graphml doesn't exist
2024-04-02 02:25:17 [JavaFX Application Thread] graph.SynchronousBooleanNetwork.loadGraphFile()
[WARN] [] TCR_REDOX_METABOLOISM.zginml doesn't exist
2024-04-02 02:25:17 [JavaFX Application Thread] graph.SynchronousBooleanNetwork.loadGraphFile()
[WARN] [] TCR_REDOX_METABOLOISM.graphml doesn't exist
2024-04-02 02:25:17 [JavaFX Application Thread] graph.SynchronousBooleanNetwork.loadGraphFile()
[WARN] [] TCR_REDOX_METABOLOISM.zginml doesn't exist
2024-04-02 02:25:17 [JavaFX Application Thread] graph.SynchronousBooleanNetwork.loadGraphFile()
[WARN] [] TCR_REDOX_METABOLOISM.graphml doesn't exist
2024-04-02 02:25:17 [JavaFX Application Thread] graph.SynchronousBooleanNetwork.loadGraphFile()
[WARN] [] TCR_REDOX_METABOLOISM.zginml doesn't exist
2024-04-02 02:25:17 [JavaFX Application Thread] graph.SynchronousBooleanNetwork.loadGraphFile()
[WARN] [] TCR_REDOX_METABOLOISM.graphml doesn't exist
2024-04-02 02:25:17 [JavaFX Application Thread] graph.SynchronousBooleanNetwork.loadGraphFile()
[WARN] [] TCR_REDOX_METABOLOISM.zginml doesn't exist
2024-04-02 02:25:17 [JavaFX Application Thread] graph.SynchronousBooleanNetwork.loadGraphFile()
[WARN] [] TCR_REDOX_METABOLOISM.graphml doesn't exist
2024-04-02 02:25:17 [JavaFX Application Thread] graph.SynchronousBooleanNetwork.loadGraphFile()
[WARN] [] TCR_REDOX_METABOLOISM.zginml doesn't exist
2024-04-02 02:25:17 [JavaFX Application Thread] graph.SynchronousBooleanNetwork.loadGraphFile()
[WARN] [] TCR_REDOX_METABOLOISM.graphml doesn't exist
2024-04-02 02:25:17 [JavaFX Application Thread] graph.SynchronousBooleanNetwork.loadGraphFile()
[WARN] [] TCR_REDOX_METABOLOISM.zginml doesn't exist
2024-04-02 02:25:17 [JavaFX Application Thread] graph.SynchronousBooleanNetwork.loadGraphFile()
[WARN] [] TCR_REDOX_METABOLOISM.graphml doesn't exist
2024-04-02 02:25:17 [JavaFX Application Thread] graph.SynchronousBooleanNetwork.loadGraphFile()
[WARN] [] TCR_REDOX_METABOLOISM.zginml doesn't exist
2024-04-02 02:25:17 [JavaFX Application Thread] graph.SynchronousBooleanNetwork.loadGraphFile()
[WARN] [] TCR_REDOX_METABOLOISM.graphml doesn't exist
2024-04-02 02:25:17 [JavaFX Application Thread] graph.SynchronousBooleanNetwork.loadGraphFile()
[WARN] [] TCR_REDOX_METABOLOISM.zginml doesn't exist
2024-04-02 02:25:17 [JavaFX Application Thread] graph.SynchronousBooleanNetwork.loadGraphFile()
[WARN] [] TCR_REDOX_METABOLOISM.graphml doesn't exist
2024-04-02 02:25:17 [JavaFX Application Thread] graph.SynchronousBooleanNetwork.loadGraphFile()
[WARN] [] TCR_REDOX_METABOLOISM.zginml doesn't exist
2024-04-02 02:25:17 [JavaFX Application Thread] graph.SynchronousBooleanNetwork.loadGraphFile()
[WARN] [] TCR_REDOX_METABOLOISM.graphml doesn't exist
2024-04-02 02:25:17 [JavaFX Application Thread] graph.SynchronousBooleanNetwork.loadGraphFile()
[WARN] [] TCR_REDOX_METABOLOISM.zginml doesn't exist
2024-04-02 02:25:17 [JavaFX Application Thread] graph.SynchronousBooleanNetwork.loadGraphFile()
[WARN] [] TCR_REDOX_METABOLOISM.graphml doesn't exist
2024-04-02 02:25:17 [JavaFX Application Thread] graph.SynchronousBooleanNetwork.loadGraphFile()
[WARN] [] TCR_REDOX_METABOLOISM.zginml doesn't exist
2024-04-02 02:25:17 [JavaFX Application Thread] graph.SynchronousBooleanNetwork.loadGraphFile()
[WARN] [] TCR_REDOX_METABOLOISM.graphml doesn't exist
2024-04-02 02:25:17 [JavaFX Application Thread] graph.SynchronousBooleanNetwork.loadGraphFile()
[WARN] [] TCR_REDOX_METABOLOISM.zginml doesn't exist
2024-04-02 02:25:17 [JavaFX Application Thread] graph.SynchronousBooleanNetwork.loadGraphFile()
[WARN] [] TCR_REDOX_METABOLOISM.graphml doesn't exist
2024-04-02 02:25:17 [JavaFX Application Thread] graph.SynchronousBooleanNetwork.loadGraphFile()
[WARN] [] TCR_REDOX_METABOLOISM.zginml doesn't exist
2024-04-02 02:25:17 [JavaFX Application Thread] graph.SynchronousBooleanNetwork.loadGraphFile()
[WARN] [] TCR_REDOX_METABOLOISM.graphml doesn't exist
2024-04-02 02:25:17 [JavaFX Application Thread] graph.SynchronousBooleanNetwork.loadGraphFile()
[WARN] [] TCR_REDOX_METABOLOISM.zginml doesn't exist
2024-04-02 02:25:17 [JavaFX Application Thread] graph.SynchronousBooleanNetwork.loadGraphFile()
[WARN] [] TCR_REDOX_METABOLOISM.graphml doesn't exist
2024-04-02 02:25:17 [JavaFX Application Thread] graph.SynchronousBooleanNetwork.loadGraphFile()
[WARN] [] TCR_REDOX_METABOLOISM.zginml doesn't exist
2024-04-02 02:25:17 [JavaFX Application Thread] graph.SynchronousBooleanNetwork.loadGraphFile()
[WARN] [] TCR_REDOX_METABOLOISM.graphml doesn't exist
2024-04-02 02:25:17 [JavaFX Application Thread] graph.SynchronousBooleanNetwork.loadGraphFile()
[WARN] [] TCR_REDOX_METABOLOISM.zginml doesn't exist
2024-04-02 02:25:17 [JavaFX Application Thread] graph.SynchronousBooleanNetwork.loadGraphFile()
[WARN] [] TCR_REDOX_METABOLOISM.graphml doesn't exist
2024-04-02 02:25:17 [JavaFX Application Thread] graph.SynchronousBooleanNetwork.loadGraphFile()
[WARN] [] TCR_REDOX_METABOLOISM.zginml doesn't exist
2024-04-02 02:25:17 [JavaFX Application Thread] graph.SynchronousBooleanNetwork.loadGraphFile()
[WARN] [] TCR_REDOX_METABOLOISM.graphml doesn't exist
2024-04-02 02:25:17 [JavaFX Application Thread] graph.SynchronousBooleanNetwork.loadGraphFile()
[WARN] [] TCR_REDOX_METABOLOISM.zginml doesn't exist
2024-04-02 02:25:17 [JavaFX Application Thread] graph.SynchronousBooleanNetwork.loadGraphFile()
[WARN] [] TCR_REDOX_METABOLOISM.graphml doesn't exist
2024-04-02 02:25:17 [JavaFX Application Thread] graph.SynchronousBooleanNetwork.loadGraphFile()
[WARN] [] TCR_REDOX_METABOLOISM.zginml doesn't exist
2024-04-02 02:25:17 [JavaFX Application Thread] graph.SynchronousBooleanNetwork.loadGraphFile()
[WARN] [] TCR_REDOX_METABOLOISM.graphml doesn't exist
2024-04-02 02:25:17 [JavaFX Application Thread] graph.SynchronousBooleanNetwork.loadGraphFile()
[WARN] [] TCR_REDOX_METABOLOISM.zginml doesn't exist
2024-04-02 02:25:17 [JavaFX Application Thread] graph.SynchronousBooleanNetwork.loadGraphFile()
[WARN] [] TCR_REDOX_METABOLOISM.graphml doesn't exist
2024-04-02 02:25:17 [JavaFX Application Thread] graph.SynchronousBooleanNetwork.loadGraphFile()
[WARN] [] TCR_REDOX_METABOLOISM.zginml doesn't exist
2024-04-02 02:25:17 [JavaFX Application Thread] graph.SynchronousBooleanNetwork.loadGraphFile()
[WARN] [] TCR_REDOX_METABOLOISM.graphml doesn't exist
2024-04-02 02:25:17 [JavaFX Application Thread] graph.SynchronousBooleanNetwork.loadGraphFile()
[WARN] [] TCR_REDOX_METABOLOISM.zginml doesn't exist
2024-04-02 02:25:17 [JavaFX Application Thread] graph.SynchronousBooleanNetwork.loadGraphFile()
[WARN] [] TCR_REDOX_METABOLOISM.graphml doesn't exist
2024-04-02 02:25:17 [JavaFX Application Thread] graph.SynchronousBooleanNetwork.loadGraphFile()
[WARN] [] TCR_REDOX_METABOLOISM.zginml doesn't exist
2024-04-02 02:25:17 [JavaFX Application Thread] graph.SynchronousBooleanNetwork.loadGraphFile()
[WARN] [] TCR_REDOX_METABOLOISM.graphml doesn't exist
2024-04-02 02:25:17 [JavaFX Application Thread] graph.SynchronousBooleanNetwork.loadGraphFile()
[WARN] [] TCR_REDOX_METABOLOISM.zginml doesn't exist
2024-04-02 02:25:17 [JavaFX Application Thread] graph.SynchronousBooleanNetwork.loadGraphFile()
[WARN] [] TCR_REDOX_METABOLOISM.graphml doesn't exist
2024-04-02 02:25:17 [JavaFX Application Thread] graph.SynchronousBooleanNetwork.loadGraphFile()
[WARN] [] TCR_REDOX_METABOLOISM.zginml doesn't exist
2024-04-02 02:25:17 [JavaFX Application Thread] graph.SynchronousBooleanNetwork.loadGraphFile()
[WARN] [] TCR_REDOX_METABOLOISM.graphml doesn't exist
2024-04-02 02:25:17 [JavaFX Application Thread] graph.SynchronousBooleanNetwork.loadGraphFile()
[WARN] [] TCR_REDOX_METABOLOISM.zginml doesn't exist
2024-04-02 02:25:17 [JavaFX Application Thread] graph.SynchronousBooleanNetwork.loadGraphFile()
[WARN] [] TCR_REDOX_METABOLOISM.graphml doesn't exist
2024-04-02 02:25:17 [JavaFX Application Thread] graph.SynchronousBooleanNetwork.loadGraphFile()
[WARN] [] TCR_REDOX_METABOLOISM.zginml doesn't exist
2024-04-02 02:25:17 [JavaFX Application Thread] graph.SynchronousBooleanNetwork.loadGraphFile()
[WARN] [] TCR_REDOX_METABOLOISM.graphml doesn't exist
2024-04-02 02:25:17 [JavaFX Application Thread] graph.SynchronousBooleanNetwork.loadGraphFile()
[WARN] [] TCR_REDOX_METABOLOISM.zginml doesn't exist
2024-04-02 02:25:17 [JavaFX Application Thread] graph.SynchronousBooleanNetwork.loadGraphFile()
[WARN] [] TCR_REDOX_METABOLOISM.graphml doesn't exist
2024-04-02 02:25:17 [JavaFX Application Thread] graph.SynchronousBooleanNetwork.loadGraphFile()
[WARN] [] TCR_REDOX_METABOLOISM.zginml doesn't exist
2024-04-02 02:25:17 [JavaFX Application Thread] graph.SynchronousBooleanNetwork.loadGraphFile()
[WARN] [] TCR_REDOX_METABOLOISM.graphml doesn't exist
2024-04-02 02:25:17 [JavaFX Application Thread] graph.SynchronousBooleanNetwork.loadGraphFile()
[WARN] [] TCR_REDOX_METABOLOISM.zginml doesn't exist
2024-04-02 02:25:17 [JavaFX Application Thread] graph.SynchronousBooleanNetwork.loadGraphFile()
[WARN] [] TCR_REDOX_METABOLOISM.graphml doesn't exist
2024-04-02 02:25:17 [JavaFX Application Thread] graph.SynchronousBooleanNetwork.loadGraphFile()
[WARN] [] TCR_REDOX_METABOLOISM.zginml doesn't exist
2024-04-02 02:25:17 [JavaFX Application Thread] graph.SynchronousBooleanNetwork.loadGraphFile()
[WARN] [] TCR_REDOX_METABOLOISM.graphml doesn't exist
2024-04-02 02:25:17 [JavaFX Application Thread] graph.SynchronousBooleanNetwork.loadGraphFile()
[WARN] [] TCR_REDOX_METABOLOISM.zginml doesn't exist
2024-04-02 02:25:17 [JavaFX Application Thread] graph.SynchronousBooleanNetwork.loadGraphFile()
[WARN] [] TCR_REDOX_METABOLOISM.graphml doesn't exist
2024-04-02 02:25:17 [JavaFX Application Thread] graph.SynchronousBooleanNetwork.loadGraphFile()
[WARN] [] TCR_REDOX_METABOLOISM.zginml doesn't exist
2024-04-02 02:25:17 [JavaFX Application Thread] graph.SynchronousBooleanNetwork.loadGraphFile()
[WARN] [] TCR_REDOX_METABOLOISM.graphml doesn't exist
2024-04-02 02:25:17 [JavaFX Application Thread] graph.SynchronousBooleanNetwork.loadGraphFile()
[WARN] [] TCR_REDOX_METABOLOISM.zginml doesn't exist
2024-04-02 02:25:17 [JavaFX Application Thread] graph.SynchronousBooleanNetwork.loadGraphFile()
[WARN] [] TCR_REDOX_METABOLOISM.graphml doesn't exist
2024-04-02 02:25:17 [JavaFX Application Thread] graph.SynchronousBooleanNetwork.loadGraphFile()
[WARN] [] TCR_REDOX_METABOLOISM.zginml doesn't exist
2024-04-02 02:25:17 [JavaFX Application Thread] graph.SynchronousBooleanNetwork.loadGraphFile()
[WARN] [] TCR_REDOX_METABOLOISM.graphml doesn't exist
2024-04-02 02:25:17 [JavaFX Application Thread] graph.SynchronousBooleanNetwork.loadGraphFile()
[WARN] [] TCR_REDOX_METABOLOISM.zginml doesn't exist
2024-04-02 02:25:17 [JavaFX Application Thread] graph.SynchronousBooleanNetwork.loadGraphFile()
[WARN] [] TCR_REDOX_METABOLOISM.graphml doesn't exist
2024-04-02 02:25:17 [JavaFX Application Thread] graph.SynchronousBooleanNetwork.loadGraphFile()
[WARN] [] TCR_REDOX_METABOLOISM.zginml doesn't exist
2024-04-02 02:25:17 [JavaFX Application Thread] graph.SynchronousBooleanNetwork.loadGraphFile()
[WARN] [] TCR_REDOX_METABOLOISM.graphml doesn't exist
2024-04-02 02:25:17 [JavaFX Application Thread] graph.SynchronousBooleanNetwork.loadGraphFile()
[WARN] [] TCR_REDOX_METABOLOISM.zginml doesn't exist
2024-04-02 02:25:17 [JavaFX Application Thread] graph.SynchronousBooleanNetwork.loadGraphFile()
[WARN] [] TCR_REDOX_METABOLOISM.graphml doesn't exist
2024-04-02 02:25:17 [JavaFX Application Thread] graph.SynchronousBooleanNetwork.loadGraphFile()
[WARN] [] TCR_REDOX_METABOLOISM.zginml doesn't exist
2024-04-02 02:25:17 [JavaFX Application Thread] graph.SynchronousBooleanNetwork.loadGraphFile()
[WARN] [] TCR_REDOX_METABOLOISM.graphml doesn't exist
2024-04-02 02:25:17 [JavaFX Application Thread] graph.SynchronousBooleanNetwork.loadGraphFile()
[WARN] [] TCR_REDOX_METABOLOISM.zginml doesn't exist
2024-04-02 02:25:17 [JavaFX Application Thread] graph.SynchronousBooleanNetwork.loadGraphFile()
[WARN] [] TCR_REDOX_METABOLOISM.graphml doesn't exist
2024-04-02 02:25:17 [JavaFX Application Thread] graph.SynchronousBooleanNetwork.loadGraphFile()
[WARN] [] TCR_REDOX_METABOLOISM.zginml doesn't exist
2024-04-02 02:25:17 [JavaFX Application Thread] graph.SynchronousBooleanNetwork.loadGraphFile()
[WARN] [] TCR_REDOX_METABOLOISM.graphml doesn't exist
2024-04-02 02:25:17 [JavaFX Application Thread] graph.SynchronousBooleanNetwork.loadGraphFile()
[WARN] [] TCR_REDOX_METABOLOISM.zginml doesn't exist
2024-04-02 02:25:17 [JavaFX Application Thread] graph.SynchronousBooleanNetwork.loadGraphFile()
[WARN] [] TCR_REDOX_METABOLOISM.graphml doesn't exist
2024-04-02 02:25:17 [JavaFX Application Thread] graph.SynchronousBooleanNetwork.loadGraphFile()
[WARN] [] TCR_REDOX_METABOLOISM.zginml doesn't exist
2024-04-02 02:25:17 [JavaFX Application Thread] graph.SynchronousBooleanNetwork.loadGraphFile()
[WARN] [] TCR_REDOX_METABOLOISM.graphml doesn't exist
2024-04-02 02:25:17 [JavaFX Application Thread] graph.SynchronousBooleanNetwork.loadGraphFile()
[WARN] [] TCR_REDOX_METABOLOISM.zginml doesn't exist
2024-04-02 02:25:17 [JavaFX Application Thread] graph.SynchronousBooleanNetwork.loadGraphFile()
[WARN] [] TCR_REDOX_METABOLOISM.graphml doesn't exist
2024-04-02 02:25:17 [JavaFX Application Thread] graph.SynchronousBooleanNetwork.loadGraphFile()
[WARN] [] TCR_REDOX_METABOLOISM.zginml doesn't exist
2024-04-02 02:25:17 [JavaFX Application Thread] graph.SynchronousBooleanNetwork.loadGraphFile()
[WARN] [] TCR_REDOX_METABOLOISM.graphml doesn't exist
2024-04-02 02:25:17 [JavaFX Application Thread] graph.SynchronousBooleanNetwork.loadGraphFile()
[WARN] [] TCR_REDOX_METABOLOISM.zginml doesn't exist
2024-04-02 02:25:17 [JavaFX Application Thread] graph.SynchronousBooleanNetwork.loadGraphFile()
[WARN] [] TCR_REDOX_METABOLOISM.graphml doesn't exist
2024-04-02 02:25:17 [JavaFX Application Thread] graph.SynchronousBooleanNetwork.loadGraphFile()
[WARN] [] TCR_REDOX_METABOLOISM.zginml doesn't exist
2024-04-02 02:25:17 [JavaFX Application Thread] graph.SynchronousBooleanNetwork.loadGraphFile()
[WARN] [] TCR_REDOX_METABOLOISM.graphml doesn't exist
2024-04-02 02:25:17 [JavaFX Application Thread] graph.SynchronousBooleanNetwork.loadGraphFile()
[WARN] [] TCR_REDOX_METABOLOISM.zginml doesn't exist
2024-04-02 02:25:17 [JavaFX Application Thread] graph.SynchronousBooleanNetwork.loadGraphFile()
[WARN] [] TCR_REDOX_METABOLOISM.graphml doesn't exist
2024-04-02 02:25:17 [JavaFX Application Thread] graph.SynchronousBooleanNetwork.loadGraphFile()
[WARN] [] TCR_REDOX_METABOLOISM.zginml doesn't exist
2024-04-02 02:25:17 [JavaFX Application Thread] graph.SynchronousBooleanNetwork.loadGraphFile()
[WARN] [] TCR_REDOX_METABOLOISM.graphml doesn't exist
2024-04-02 02:25:17 [JavaFX Application Thread] graph.SynchronousBooleanNetwork.loadGraphFile()
[WARN] [] TCR_REDOX_METABOLOISM.zginml doesn't exist
2024-04-02 02:25:17 [JavaFX Application Thread] graph.SynchronousBooleanNetwork.loadGraphFile()
[WARN] [] TCR_REDOX_METABOLOISM.graphml doesn't exist
2024-04-02 02:25:17 [JavaFX Application Thread] graph.SynchronousBooleanNetwork.loadGraphFile()
[WARN] [] TCR_REDOX_METABOLOISM.zginml doesn't exist
2024-04-02 02:25:17 [JavaFX Application Thread] graph.SynchronousBooleanNetwork.loadGraphFile()
[WARN] [] TCR_REDOX_METABOLOISM.graphml doesn't exist
2024-04-02 02:25:17 [JavaFX Application Thread] graph.SynchronousBooleanNetwork.loadGraphFile()
[WARN] [] TCR_REDOX_METABOLOISM.zginml doesn't exist
2024-04-02 02:25:17 [JavaFX Application Thread] graph.SynchronousBooleanNetwork.loadGraphFile()
[WARN] [] TCR_REDOX_METABOLOISM.graphml doesn't exist
2024-04-02 02:25:17 [JavaFX Application Thread] graph.SynchronousBooleanNetwork.loadGraphFile()
[WARN] [] TCR_REDOX_METABOLOISM.zginml doesn't exist
2024-04-02 02:25:17 [JavaFX Application Thread] graph.SynchronousBooleanNetwork.loadGraphFile()
[WARN] [] TCR_REDOX_METABOLOISM.graphml doesn't exist
2024-04-02 02:25:17 [JavaFX Application Thread] graph.SynchronousBooleanNetwork.loadGraphFile()
[WARN] [] TCR_REDOX_METABOLOISM.zginml doesn't exist
2024-04-02 02:25:17 [JavaFX Application Thread] graph.SynchronousBooleanNetwork.loadGraphFile()
[WARN] [] TCR_REDOX_METABOLOISM.graphml doesn't exist
2024-04-02 02:25:17 [JavaFX Application Thread] graph.SynchronousBooleanNetwork.loadGraphFile()
[WARN] [] TCR_REDOX_METABOLOISM.zginml doesn't exist
2024-04-02 02:25:17 [JavaFX Application Thread] graph.SynchronousBooleanNetwork.loadGraphFile()
[WARN] [] TCR_REDOX_METABOLOISM.graphml doesn't exist
2024-04-02 02:25:17 [JavaFX Application Thread] graph.SynchronousBooleanNetwork.loadGraphFile()
[WARN] [] TCR_REDOX_METABOLOISM.zginml doesn't exist
2024-04-02 02:25:17 [JavaFX Application Thread] graph.SynchronousBooleanNetwork.loadGraphFile()
[WARN] [] TCR_REDOX_METABOLOISM.graphml doesn't exist
2024-04-02 02:25:17 [JavaFX Application Thread] graph.SynchronousBooleanNetwork.loadGraphFile()
[WARN] [] TCR_REDOX_METABOLOISM.zginml doesn't exist
2024-04-02 02:25:17 [JavaFX Application Thread] graph.SynchronousBooleanNetwork.loadGraphFile()
[WARN] [] TCR_REDOX_METABOLOISM.graphml doesn't exist
2024-04-02 02:25:17 [JavaFX Application Thread] graph.SynchronousBooleanNetwork.loadGraphFile()
[WARN] [] TCR_REDOX_METABOLOISM.zginml doesn't exist
2024-04-02 02:25:17 [JavaFX Application Thread] graph.SynchronousBooleanNetwork.loadGraphFile()
[WARN] [] TCR_REDOX_METABOLOISM.graphml doesn't exist
2024-04-02 02:25:17 [JavaFX Application Thread] graph.SynchronousBooleanNetwork.loadGraphFile()
[WARN] [] TCR_REDOX_METABOLOISM.zginml doesn't exist
2024-04-02 02:25:17 [JavaFX Application Thread] graph.SynchronousBooleanNetwork.loadGraphFile()
[WARN] [] TCR_REDOX_METABOLOISM.graphml doesn't exist
2024-04-02 02:25:17 [JavaFX Application Thread] graph.SynchronousBooleanNetwork.loadGraphFile()
[WARN] [] TCR_REDOX_METABOLOISM.zginml doesn't exist
2024-04-02 02:25:17 [JavaFX Application Thread] graph.SynchronousBooleanNetwork.loadGraphFile()
[WARN] [] TCR_REDOX_METABOLOISM.graphml doesn't exist
2024-04-02 02:25:17 [JavaFX Application Thread] graph.SynchronousBooleanNetwork.loadGraphFile()
[WARN] [] TCR_REDOX_METABOLOISM.zginml doesn't exist
2024-04-02 02:25:17 [JavaFX Application Thread] graph.SynchronousBooleanNetwork.loadGraphFile()
[WARN] [] TCR_REDOX_METABOLOISM.graphml doesn't exist
2024-04-02 02:25:17 [JavaFX Application Thread] graph.SynchronousBooleanNetwork.loadGraphFile()
[WARN] [] TCR_REDOX_METABOLOISM.zginml doesn't exist
2024-04-02 02:25:17 [JavaFX Application Thread] graph.SynchronousBooleanNetwork.loadGraphFile()
[WARN] [] TCR_REDOX_METABOLOISM.graphml doesn't exist
2024-04-02 02:25:17 [JavaFX Application Thread] graph.SynchronousBooleanNetwork.loadGraphFile()
[WARN] [] TCR_REDOX_METABOLOISM.zginml doesn't exist
2024-04-02 02:25:17 [JavaFX Application Thread] graph.SynchronousBooleanNetwork.loadGraphFile()
[WARN] [] TCR_REDOX_METABOLOISM.graphml doesn't exist
2024-04-02 02:25:17 [JavaFX Application Thread] graph.SynchronousBooleanNetwork.loadGraphFile()
[WARN] [] TCR_REDOX_METABOLOISM.zginml doesn't exist
2024-04-02 02:25:17 [JavaFX Application Thread] graph.SynchronousBooleanNetwork.loadGraphFile()
[WARN] [] TCR_REDOX_METABOLOISM.graphml doesn't exist
2024-04-02 02:25:17 [JavaFX Application Thread] graph.SynchronousBooleanNetwork.loadGraphFile()
[WARN] [] TCR_REDOX_METABOLOISM.zginml doesn't exist
2024-04-02 02:25:17 [JavaFX Application Thread] graph.SynchronousBooleanNetwork.loadGraphFile()
[WARN] [] TCR_REDOX_METABOLOISM.graphml doesn't exist
2024-04-02 02:25:17 [JavaFX Application Thread] graph.SynchronousBooleanNetwork.loadGraphFile()
[WARN] [] TCR_REDOX_METABOLOISM.zginml doesn't exist
2024-04-02 02:25:17 [JavaFX Application Thread] graph.SynchronousBooleanNetwork.loadGraphFile()
[WARN] [] TCR_REDOX_METABOLOISM.graphml doesn't exist
2024-04-02 02:25:17 [JavaFX Application Thread] graph.SynchronousBooleanNetwork.loadGraphFile()
[WARN] [] TCR_REDOX_METABOLOISM.zginml doesn't exist
2024-04-02 02:25:17 [JavaFX Application Thread] graph.SynchronousBooleanNetwork.loadGraphFile()
[WARN] [] TCR_REDOX_METABOLOISM.graphml doesn't exist
2024-04-02 02:25:17 [JavaFX Application Thread] graph.SynchronousBooleanNetwork.loadGraphFile()
[WARN] [] TCR_REDOX_METABOLOISM.zginml doesn't exist
2024-04-02 02:25:17 [JavaFX Application Thread] graph.SynchronousBooleanNetwork.loadGraphFile()
[WARN] [] TCR_REDOX_METABOLOISM.graphml doesn't exist
2024-04-02 02:25:17 [JavaFX Application Thread] graph.SynchronousBooleanNetwork.loadGraphFile()
[WARN] [] TCR_REDOX_METABOLOISM.zginml doesn't exist
2024-04-02 02:25:17 [JavaFX Application Thread] core.World.setup()
[INFO] [setup] tumor initiated
2024-04-02 02:25:17 [JavaFX Application Thread] diffusion.DiffusibleBase.parseDiffusibles()
[TRACE] [] Imported diffusible: DiffusibleBase{name='TNFA', initialConcentration=0.04, diffusionCoefficient=2.7E-11, threshold=1.0E-10, defaultConsumption=2.0E-17, inputNode='TNFalpha'}
2024-04-02 02:25:17 [JavaFX Application Thread] diffusion.DiffusibleBase.parseDiffusibles()
[TRACE] [] Imported diffusible: DiffusibleBase{name='EGF', initialConcentration=0.0, diffusionCoefficient=5.18E-11, threshold=1.0E-6, defaultConsumption=2.0E-17, inputNode='EGF'}
2024-04-02 02:25:17 [JavaFX Application Thread] diffusion.DiffusibleBase.parseDiffusibles()
[TRACE] [] Imported diffusible: DiffusibleBase{name='oxygen', initialConcentration=0.28, diffusionCoefficient=1.0E-9, threshold=0.022, defaultConsumption=3.0E-17, inputNode='oxygen_supply'}
2024-04-02 02:25:17 [JavaFX Application Thread] diffusion.DiffusibleBase.parseDiffusibles()
[TRACE] [] Imported diffusible: DiffusibleBase{name='lactate', initialConcentration=0.0, diffusionCoefficient=5.18E-11, threshold=1.0E-6, defaultConsumption=2.0E-17, inputNode='Acidosis'}
2024-04-02 02:25:17 [JavaFX Application Thread] diffusion.DiffusibleBase.parseDiffusibles()
[TRACE] [] Imported diffusible: DiffusibleBase{name='Nutrients', initialConcentration=0.0, diffusionCoefficient=5.18E-11, threshold=1.0E-6, defaultConsumption=2.0E-17, inputNode='Nutrients'}
2024-04-02 02:25:17 [JavaFX Application Thread] core.World.setup()
[INFO] [setup] diffusion model initiated
2024-04-02 02:25:25 [pool-2-thread-1] update.PaceMaker.lambda$startClock$0()
[INFO] [step] World 0 - step <1>]
2024-04-02 02:25:25 [pool-2-thread-1] core.World.update()
[INFO] [] World 0 starting update
2024-04-02 02:25:25 [pool-2-thread-1] core.Cell.update()
[DEBUG] [] CD4 Cell 16491 updated, fate: no_fate_reached
2024-04-02 02:25:25 [ForkJoinPool.commonPool-worker-8] core.Cell.update()
[DEBUG] [] CD4 Cell 2551 updated, fate: no_fate_reached
2024-04-02 02:25:25 [ForkJoinPool.commonPool-worker-3] core.Cell.update()
[DEBUG] [] CD4 Cell 13261 updated, fate: no_fate_reached
2024-04-02 02:25:25 [ForkJoinPool.commonPool-worker-10] core.Cell.update()
[DEBUG] [] CD4 Cell 4251 updated, fate: no_fate_reached
2024-04-02 02:25:25 [ForkJoinPool.commonPool-worker-12] core.Cell.update()
[DEBUG] [] CD4 Cell 16151 updated, fate: no_fate_reached
2024-04-02 02:25:25 [ForkJoinPool.commonPool-worker-16] core.Cell.update()
[DEBUG] [] CD4 Cell 13601 updated, fate: no_fate_reached
2024-04-02 02:25:25 [ForkJoinPool.commonPool-worker-14] core.Cell.update()
[DEBUG] [] CD4 Cell 7821 updated, fate: no_fate_reached
2024-04-02 02:25:25 [ForkJoinPool.commonPool-worker-8] core.Cell.update()
[DEBUG] [] CD4 Cell 13771 updated, fate: no_fate_reached
2024-04-02 02:25:25 [ForkJoinPool.commonPool-worker-17] core.Cell.update()
[DEBUG] [] CD4 Cell 12751 updated, fate: no_fate_reached
2024-04-02 02:25:25 [ForkJoinPool.commonPool-worker-5] core.Cell.update()
[DEBUG] [] CD4 Cell 6971 updated, fate: no_fate_reached
2024-04-02 02:25:25 [ForkJoinPool.commonPool-worker-19] core.Cell.update()
[DEBUG] [] CD4 Cell 10031 updated, fate: no_fate_reached
2024-04-02 02:25:25 [ForkJoinPool.commonPool-worker-18] core.Cell.update()
[DEBUG] [] CD4 Cell 7141 updated, fate: no_fate_reached
2024-04-02 02:25:25 [ForkJoinPool.commonPool-worker-11] core.Cell.update()
[DEBUG] [] CD4 Cell 12241 updated, fate: no_fate_reached
2024-04-02 02:25:25 [ForkJoinPool.commonPool-worker-4] core.Cell.update()
[DEBUG] [] CD4 Cell 8501 updated, fate: no_fate_reached
2024-04-02 02:25:25 [ForkJoinPool.commonPool-worker-17] core.Cell.update()
[DEBUG] [] CD4 Cell 6631 updated, fate: no_fate_reached
2024-04-02 02:25:25 [pool-2-thread-1] core.Cell.update()
[DEBUG] [] CD4 Cell 4421 updated, fate: no_fate_reached
2024-04-02 02:25:25 [ForkJoinPool.commonPool-worker-8] core.Cell.update()
[DEBUG] [] CD4 Cell 9521 updated, fate: no_fate_reached
2024-04-02 02:25:25 [ForkJoinPool.commonPool-worker-5] core.Cell.update()
[DEBUG] [] CD4 Cell 16831 updated, fate: no_fate_reached
2024-04-02 02:25:25 [ForkJoinPool.commonPool-worker-11] core.Cell.update()
[DEBUG] [] CD4 Cell 11731 updated, fate: no_fate_reached
2024-04-02 02:25:25 [pool-2-thread-1] core.Cell.update()
[DEBUG] [] CD4 Cell 10371 updated, fate: no_fate_reached
2024-04-02 02:25:25 [ForkJoinPool.commonPool-worker-16] core.Cell.update()
[DEBUG] [] CD4 Cell 12071 updated, fate: no_fate_reached
2024-04-02 02:25:25 [ForkJoinPool.commonPool-worker-8] core.Cell.update()
[DEBUG] [] CD4 Cell 13091 updated, fate: no_fate_reached
2024-04-02 02:25:25 [pool-2-thread-1] core.Cell.update()
[DEBUG] [] CD4 Cell 4761 updated, fate: no_fate_reached
2024-04-02 02:25:25 [ForkJoinPool.commonPool-worker-9] core.Cell.update()
[DEBUG] [] CD4 Cell 1531 updated, fate: no_fate_reached
2024-04-02 02:25:25 [ForkJoinPool.commonPool-worker-5] core.Cell.update()
[DEBUG] [] CD4 Cell 11561 updated, fate: no_fate_reached
2024-04-02 02:25:25 [ForkJoinPool.commonPool-worker-16] core.Cell.update()
[DEBUG] [] CD4 Cell 3061 updated, fate: no_fate_reached
2024-04-02 02:25:25 [pool-2-thread-1] core.Cell.update()
[DEBUG] [] CD4 Cell 2381 updated, fate: no_fate_reached
2024-04-02 02:25:25 [ForkJoinPool.commonPool-worker-8] core.Cell.update()
[DEBUG] [] CD4 Cell 14111 updated, fate: no_fate_reached
2024-04-02 02:25:25 [ForkJoinPool.commonPool-worker-13] core.Cell.update()
[DEBUG] [] CD4 Cell 5441 updated, fate: no_fate_reached
2024-04-02 02:25:25 [ForkJoinPool.commonPool-worker-5] core.Cell.update()
[DEBUG] [] CD4 Cell 3741 updated, fate: no_fate_reached
2024-04-02 02:25:25 [ForkJoinPool.commonPool-worker-10] core.Cell.update()
[DEBUG] [] CD4 Cell 7481 updated, fate: no_fate_reached
2024-04-02 02:25:25 [ForkJoinPool.commonPool-worker-14] core.Cell.update()
[DEBUG] [] CD4 Cell 4931 updated, fate: no_fate_reached
2024-04-02 02:25:25 [ForkJoinPool.commonPool-worker-8] core.Cell.update()
[DEBUG] [] CD4 Cell 15981 updated, fate: no_fate_reached
2024-04-02 02:25:25 [ForkJoinPool.commonPool-worker-12] core.Cell.update()
[DEBUG] [] CD4 Cell 9181 updated, fate: no_fate_reached
2024-04-02 02:25:25 [ForkJoinPool.commonPool-worker-3] core.Cell.update()
[DEBUG] [] CD4 Cell 4591 updated, fate: no_fate_reached
2024-04-02 02:25:25 [ForkJoinPool.commonPool-worker-7] core.Cell.update()
[DEBUG] [] CD4 Cell 5101 updated, fate: no_fate_reached
2024-04-02 02:25:25 [ForkJoinPool.commonPool-worker-2] core.Cell.update()
[DEBUG] [] CD4 Cell 10881 updated, fate: no_fate_reached
2024-04-02 02:25:25 [ForkJoinPool.commonPool-worker-15] core.Cell.update()
[DEBUG] [] CD4 Cell 8841 updated, fate: no_fate_reached
2024-04-02 02:25:25 [ForkJoinPool.commonPool-worker-8] core.Cell.update()
[DEBUG] [] CD4 Cell 10541 updated, fate: no_fate_reached
2024-04-02 02:25:25 [ForkJoinPool.commonPool-worker-13] core.Cell.update()
[DEBUG] [] CD4 Cell 1701 updated, fate: no_fate_reached
2024-04-02 02:25:25 [ForkJoinPool.commonPool-worker-6] core.Cell.update()
[DEBUG] [] CD4 Cell 6801 updated, fate: no_fate_reached
2024-04-02 02:25:25 [ForkJoinPool.commonPool-worker-15] core.Cell.update()
[DEBUG] [] CD4 Cell 6461 updated, fate: no_fate_reached
2024-04-02 02:25:25 [ForkJoinPool.commonPool-worker-8] core.Cell.update()
[DEBUG] [] CD4 Cell 7651 updated, fate: no_fate_reached
2024-04-02 02:25:25 [ForkJoinPool.commonPool-worker-10] core.Cell.update()
[DEBUG] [] CD4 Cell 1021 updated, fate: no_fate_reached
2024-04-02 02:25:25 [ForkJoinPool.commonPool-worker-15] core.Cell.update()
[DEBUG] [] CD4 Cell 15131 updated, fate: no_fate_reached
2024-04-02 02:25:25 [ForkJoinPool.commonPool-worker-1] core.Cell.update()
[DEBUG] [] CD4 Cell 14281 updated, fate: no_fate_reached
2024-04-02 02:25:25 [ForkJoinPool.commonPool-worker-6] core.Cell.update()
[DEBUG] [] CD4 Cell 2211 updated, fate: no_fate_reached
2024-04-02 02:25:25 [ForkJoinPool.commonPool-worker-15] core.Cell.update()
[DEBUG] [] CD4 Cell 13941 updated, fate: no_fate_reached
2024-04-02 02:25:25 [ForkJoinPool.commonPool-worker-8] core.Cell.update()
[DEBUG] [] CD4 Cell 9011 updated, fate: no_fate_reached
2024-04-02 02:25:25 [ForkJoinPool.commonPool-worker-6] core.Cell.update()
[DEBUG] [] CD4 Cell 15301 updated, fate: no_fate_reached
2024-04-02 02:25:25 [ForkJoinPool.commonPool-worker-15] core.Cell.update()
[DEBUG] [] CD4 Cell 3911 updated, fate: no_fate_reached
2024-04-02 02:25:25 [ForkJoinPool.commonPool-worker-13] core.Cell.update()
[DEBUG] [] CD4 Cell 11391 updated, fate: no_fate_reached
2024-04-02 02:25:25 [ForkJoinPool.commonPool-worker-8] core.Cell.update()
[DEBUG] [] CD4 Cell 11221 updated, fate: no_fate_reached
2024-04-02 02:25:25 [ForkJoinPool.commonPool-worker-2] core.Cell.update()
[DEBUG] [] CD4 Cell 1191 updated, fate: no_fate_reached
2024-04-02 02:25:25 [ForkJoinPool.commonPool-worker-7] core.Cell.update()
[DEBUG] [] CD4 Cell 6291 updated, fate: no_fate_reached
2024-04-02 02:25:25 [ForkJoinPool.commonPool-worker-12] core.Cell.update()
[DEBUG] [] CD4 Cell 7311 updated, fate: no_fate_reached
2024-04-02 02:25:25 [ForkJoinPool.commonPool-worker-2] core.Cell.update()
[DEBUG] [] CD4 Cell 5271 updated, fate: no_fate_reached
2024-04-02 02:25:25 [ForkJoinPool.commonPool-worker-13] core.Cell.update()
[DEBUG] [] CD4 Cell 3571 updated, fate: no_fate_reached
2024-04-02 02:25:25 [ForkJoinPool.commonPool-worker-3] core.Cell.update()
[DEBUG] [] CD4 Cell 3401 updated, fate: no_fate_reached
2024-04-02 02:25:25 [ForkJoinPool.commonPool-worker-16] core.Cell.update()
[DEBUG] [] CD4 Cell 2891 updated, fate: no_fate_reached
2024-04-02 02:25:25 [pool-2-thread-1] core.Cell.update()
[DEBUG] [] CD4 Cell 15641 updated, fate: no_fate_reached
2024-04-02 02:25:25 [ForkJoinPool.commonPool-worker-9] core.Cell.update()
[DEBUG] [] CD4 Cell 15811 updated, fate: no_fate_reached
2024-04-02 02:25:25 [ForkJoinPool.commonPool-worker-12] core.Cell.update()
[DEBUG] [] CD4 Cell 4081 updated, fate: no_fate_reached
2024-04-02 02:25:25 [ForkJoinPool.commonPool-worker-11] core.Cell.update()
[DEBUG] [] CD4 Cell 8671 updated, fate: no_fate_reached
2024-04-02 02:25:25 [ForkJoinPool.commonPool-worker-16] core.Cell.update()
[DEBUG] [] CD4 Cell 851 updated, fate: no_fate_reached
2024-04-02 02:25:25 [ForkJoinPool.commonPool-worker-9] core.Cell.update()
[DEBUG] [] CD4 Cell 14961 updated, fate: no_fate_reached
2024-04-02 02:25:25 [ForkJoinPool.commonPool-worker-4] core.Cell.update()
[DEBUG] [] CD4 Cell 681 updated, fate: no_fate_reached
2024-04-02 02:25:25 [ForkJoinPool.commonPool-worker-14] core.Cell.update()
[DEBUG] [] CD4 Cell 14791 updated, fate: no_fate_reached
2024-04-02 02:25:25 [ForkJoinPool.commonPool-worker-16] core.Cell.update()
[DEBUG] [] CD4 Cell 13431 updated, fate: no_fate_reached
2024-04-02 02:25:25 [ForkJoinPool.commonPool-worker-9] core.Cell.update()
[DEBUG] [] CD4 Cell 7991 updated, fate: no_fate_reached
2024-04-02 02:25:25 [ForkJoinPool.commonPool-worker-17] core.Cell.update()
[DEBUG] [] CD4 Cell 9861 updated, fate: no_fate_reached
2024-04-02 02:25:25 [ForkJoinPool.commonPool-worker-4] core.Cell.update()
[DEBUG] [] CD4 Cell 2041 updated, fate: no_fate_reached
2024-04-02 02:25:25 [ForkJoinPool.commonPool-worker-18] core.Cell.update()
[DEBUG] [] CD4 Cell 9691 updated, fate: no_fate_reached
2024-04-02 02:25:25 [ForkJoinPool.commonPool-worker-19] core.Cell.update()
[DEBUG] [] CD4 Cell 11051 updated, fate: no_fate_reached
2024-04-02 02:25:25 [ForkJoinPool.commonPool-worker-14] core.Cell.update()
[DEBUG] [] CD4 Cell 10711 updated, fate: no_fate_reached
2024-04-02 02:25:25 [ForkJoinPool.commonPool-worker-17] core.Cell.update()
[DEBUG] [] CD4 Cell 12581 updated, fate: no_fate_reached
2024-04-02 02:25:25 [ForkJoinPool.commonPool-worker-19] core.Cell.update()
[DEBUG] [] CD4 Cell 5781 updated, fate: no_fate_reached
2024-04-02 02:25:25 [ForkJoinPool.commonPool-worker-9] core.Cell.update()
[DEBUG] [] CD4 Cell 8161 updated, fate: no_fate_reached
2024-04-02 02:25:25 [ForkJoinPool.commonPool-worker-16] core.Cell.update()
[DEBUG] [] CD4 Cell 1361 updated, fate: no_fate_reached
2024-04-02 02:25:25 [ForkJoinPool.commonPool-worker-17] core.Cell.update()
[DEBUG] [] CD4 Cell 5611 updated, fate: no_fate_reached
2024-04-02 02:25:25 [ForkJoinPool.commonPool-worker-9] core.Cell.update()
[DEBUG] [] CD4 Cell 171 updated, fate: no_fate_reached
2024-04-02 02:25:25 [ForkJoinPool.commonPool-worker-11] core.Cell.update()
[DEBUG] [] CD4 Cell 12411 updated, fate: no_fate_reached
2024-04-02 02:25:25 [ForkJoinPool.commonPool-worker-16] core.Cell.update()
[DEBUG] [] CD4 Cell 12921 updated, fate: no_fate_reached
2024-04-02 02:25:25 [ForkJoinPool.commonPool-worker-12] core.Cell.update()
[DEBUG] [] CD4 Cell 14621 updated, fate: no_fate_reached
2024-04-02 02:25:25 [pool-2-thread-1] core.Cell.update()
[DEBUG] [] CD4 Cell 1871 updated, fate: no_fate_reached
2024-04-02 02:25:25 [ForkJoinPool.commonPool-worker-5] core.Cell.update()
[DEBUG] [] CD4 Cell 3231 updated, fate: no_fate_reached
2024-04-02 02:25:25 [ForkJoinPool.commonPool-worker-3] core.Cell.update()
[DEBUG] [] CD4 Cell 2721 updated, fate: no_fate_reached
2024-04-02 02:25:25 [ForkJoinPool.commonPool-worker-13] core.Cell.update()
[DEBUG] [] CD4 Cell 14451 updated, fate: no_fate_reached
2024-04-02 02:25:25 [ForkJoinPool.commonPool-worker-2] core.Cell.update()
[DEBUG] [] CD4 Cell 10201 updated, fate: no_fate_reached
2024-04-02 02:25:25 [ForkJoinPool.commonPool-worker-7] core.Cell.update()
[DEBUG] [] CD4 Cell 15471 updated, fate: no_fate_reached
2024-04-02 02:25:25 [ForkJoinPool.commonPool-worker-8] core.Cell.update()
[DEBUG] [] CD4 Cell 1 updated, fate: no_fate_reached
2024-04-02 02:25:25 [ForkJoinPool.commonPool-worker-6] core.Cell.update()
[DEBUG] [] CD4 Cell 9351 updated, fate: no_fate_reached
2024-04-02 02:25:25 [ForkJoinPool.commonPool-worker-15] core.Cell.update()
[DEBUG] [] CD4 Cell 11901 updated, fate: no_fate_reached
2024-04-02 02:25:25 [ForkJoinPool.commonPool-worker-1] core.Cell.update()
[DEBUG] [] CD4 Cell 511 updated, fate: no_fate_reached
2024-04-02 02:25:25 [ForkJoinPool.commonPool-worker-10] core.Cell.update()
[DEBUG] [] CD4 Cell 8331 updated, fate: no_fate_reached
2024-04-02 02:25:25 [ForkJoinPool.commonPool-worker-17] core.Cell.update()
[DEBUG] [] CD4 Cell 5951 updated, fate: no_fate_reached
2024-04-02 02:25:25 [ForkJoinPool.commonPool-worker-19] core.Cell.update()
[DEBUG] [] CD4 Cell 6121 updated, fate: no_fate_reached
2024-04-02 02:25:25 [ForkJoinPool.commonPool-worker-14] core.Cell.update()
[DEBUG] [] CD4 Cell 16321 updated, fate: no_fate_reached
2024-04-02 02:25:25 [ForkJoinPool.commonPool-worker-4] core.Cell.update()
[DEBUG] [] CD4 Cell 16661 updated, fate: no_fate_reached
2024-04-02 02:25:25 [ForkJoinPool.commonPool-worker-18] core.Cell.update()
[DEBUG] [] CD4 Cell 341 updated, fate: no_fate_reached
2024-04-02 02:25:25 [pool-2-thread-1] core.Tumor.tickAllCells()
[INFO] [] cells ticked
2024-04-02 02:25:25 [pool-2-thread-1] core.Tumor.tickAllCells()
[INFO] [] starting proliferation
2024-04-02 02:25:25 [pool-2-thread-1] core.Tumor.tickAllCells()
[INFO] [] proliferation done
2024-04-02 02:25:25 [pool-2-thread-1] core.World.update()
[INFO] [] World 0 cells ticked
2024-04-02 02:25:25 [pool-2-thread-1] core.World.update()
[INFO] [] World 0 tumor update done
2024-04-02 02:25:25 [pool-2-thread-1] core.World.update()
[INFO] [] World 0 diffusion agents update done
