2024-04-02 02:43:23 [JavaFX Application Thread] core.SettingsProvider.load()
[INFO] [] default settings loaded
2024-04-02 02:43:23 [JavaFX Application Thread] core.World.<init>()
[INFO] [setup] world initiated
2024-04-02 02:43:26 [JavaFX Application Thread] graph.SynchronousBooleanNetwork.loadGraphFile()
[WARN] [] TCR_REDOX_METABOLOISM.graphml doesn't exist
2024-04-02 02:43:26 [JavaFX Application Thread] graph.SynchronousBooleanNetwork.loadGraphFile()
[WARN] [] TCR_REDOX_METABOLOISM.zginml doesn't exist
2024-04-02 02:43:26 [JavaFX Application Thread] graph.SynchronousBooleanNetwork.loadGraphFile()
[WARN] [] TCR_REDOX_METABOLOISM.graphml doesn't exist
2024-04-02 02:43:26 [JavaFX Application Thread] graph.SynchronousBooleanNetwork.loadGraphFile()
[WARN] [] TCR_REDOX_METABOLOISM.zginml doesn't exist
2024-04-02 02:43:26 [JavaFX Application Thread] graph.SynchronousBooleanNetwork.loadGraphFile()
[WARN] [] TCR_REDOX_METABOLOISM.graphml doesn't exist
2024-04-02 02:43:26 [JavaFX Application Thread] graph.SynchronousBooleanNetwork.loadGraphFile()
[WARN] [] TCR_REDOX_METABOLOISM.zginml doesn't exist
2024-04-02 02:43:26 [JavaFX Application Thread] graph.SynchronousBooleanNetwork.loadGraphFile()
[WARN] [] TCR_REDOX_METABOLOISM.graphml doesn't exist
2024-04-02 02:43:26 [JavaFX Application Thread] graph.SynchronousBooleanNetwork.loadGraphFile()
[WARN] [] TCR_REDOX_METABOLOISM.zginml doesn't exist
2024-04-02 02:43:26 [JavaFX Application Thread] graph.SynchronousBooleanNetwork.loadGraphFile()
[WARN] [] TCR_REDOX_METABOLOISM.graphml doesn't exist
2024-04-02 02:43:26 [JavaFX Application Thread] graph.SynchronousBooleanNetwork.loadGraphFile()
[WARN] [] TCR_REDOX_METABOLOISM.zginml doesn't exist
2024-04-02 02:43:26 [JavaFX Application Thread] graph.SynchronousBooleanNetwork.loadGraphFile()
[WARN] [] TCR_REDOX_METABOLOISM.graphml doesn't exist
2024-04-02 02:43:26 [JavaFX Application Thread] graph.SynchronousBooleanNetwork.loadGraphFile()
[WARN] [] TCR_REDOX_METABOLOISM.zginml doesn't exist
2024-04-02 02:43:26 [JavaFX Application Thread] graph.SynchronousBooleanNetwork.loadGraphFile()
[WARN] [] TCR_REDOX_METABOLOISM.graphml doesn't exist
2024-04-02 02:43:26 [JavaFX Application Thread] graph.SynchronousBooleanNetwork.loadGraphFile()
[WARN] [] TCR_REDOX_METABOLOISM.zginml doesn't exist
2024-04-02 02:43:26 [JavaFX Application Thread] graph.SynchronousBooleanNetwork.loadGraphFile()
[WARN] [] TCR_REDOX_METABOLOISM.graphml doesn't exist
2024-04-02 02:43:26 [JavaFX Application Thread] graph.SynchronousBooleanNetwork.loadGraphFile()
[WARN] [] TCR_REDOX_METABOLOISM.zginml doesn't exist
2024-04-02 02:43:26 [JavaFX Application Thread] graph.SynchronousBooleanNetwork.loadGraphFile()
[WARN] [] TCR_REDOX_METABOLOISM.graphml doesn't exist
2024-04-02 02:43:26 [JavaFX Application Thread] graph.SynchronousBooleanNetwork.loadGraphFile()
[WARN] [] TCR_REDOX_METABOLOISM.zginml doesn't exist
2024-04-02 02:43:26 [JavaFX Application Thread] graph.SynchronousBooleanNetwork.loadGraphFile()
[WARN] [] TCR_REDOX_METABOLOISM.graphml doesn't exist
2024-04-02 02:43:26 [JavaFX Application Thread] graph.SynchronousBooleanNetwork.loadGraphFile()
[WARN] [] TCR_REDOX_METABOLOISM.zginml doesn't exist
2024-04-02 02:43:26 [JavaFX Application Thread] graph.SynchronousBooleanNetwork.loadGraphFile()
[WARN] [] TCR_REDOX_METABOLOISM.graphml doesn't exist
2024-04-02 02:43:26 [JavaFX Application Thread] graph.SynchronousBooleanNetwork.loadGraphFile()
[WARN] [] TCR_REDOX_METABOLOISM.zginml doesn't exist
2024-04-02 02:43:26 [JavaFX Application Thread] graph.SynchronousBooleanNetwork.loadGraphFile()
[WARN] [] TCR_REDOX_METABOLOISM.graphml doesn't exist
2024-04-02 02:43:26 [JavaFX Application Thread] graph.SynchronousBooleanNetwork.loadGraphFile()
[WARN] [] TCR_REDOX_METABOLOISM.zginml doesn't exist
2024-04-02 02:43:26 [JavaFX Application Thread] graph.SynchronousBooleanNetwork.loadGraphFile()
[WARN] [] TCR_REDOX_METABOLOISM.graphml doesn't exist
2024-04-02 02:43:26 [JavaFX Application Thread] graph.SynchronousBooleanNetwork.loadGraphFile()
[WARN] [] TCR_REDOX_METABOLOISM.zginml doesn't exist
2024-04-02 02:43:26 [JavaFX Application Thread] graph.SynchronousBooleanNetwork.loadGraphFile()
[WARN] [] TCR_REDOX_METABOLOISM.graphml doesn't exist
2024-04-02 02:43:26 [JavaFX Application Thread] graph.SynchronousBooleanNetwork.loadGraphFile()
[WARN] [] TCR_REDOX_METABOLOISM.zginml doesn't exist
2024-04-02 02:43:26 [JavaFX Application Thread] graph.SynchronousBooleanNetwork.loadGraphFile()
[WARN] [] TCR_REDOX_METABOLOISM.graphml doesn't exist
2024-04-02 02:43:26 [JavaFX Application Thread] graph.SynchronousBooleanNetwork.loadGraphFile()
[WARN] [] TCR_REDOX_METABOLOISM.zginml doesn't exist
2024-04-02 02:43:26 [JavaFX Application Thread] graph.SynchronousBooleanNetwork.loadGraphFile()
[WARN] [] TCR_REDOX_METABOLOISM.graphml doesn't exist
2024-04-02 02:43:26 [JavaFX Application Thread] graph.SynchronousBooleanNetwork.loadGraphFile()
[WARN] [] TCR_REDOX_METABOLOISM.zginml doesn't exist
2024-04-02 02:43:26 [JavaFX Application Thread] graph.SynchronousBooleanNetwork.loadGraphFile()
[WARN] [] TCR_REDOX_METABOLOISM.graphml doesn't exist
2024-04-02 02:43:26 [JavaFX Application Thread] graph.SynchronousBooleanNetwork.loadGraphFile()
[WARN] [] TCR_REDOX_METABOLOISM.zginml doesn't exist
2024-04-02 02:43:26 [JavaFX Application Thread] graph.SynchronousBooleanNetwork.loadGraphFile()
[WARN] [] TCR_REDOX_METABOLOISM.graphml doesn't exist
2024-04-02 02:43:26 [JavaFX Application Thread] graph.SynchronousBooleanNetwork.loadGraphFile()
[WARN] [] TCR_REDOX_METABOLOISM.zginml doesn't exist
2024-04-02 02:43:26 [JavaFX Application Thread] graph.SynchronousBooleanNetwork.loadGraphFile()
[WARN] [] TCR_REDOX_METABOLOISM.graphml doesn't exist
2024-04-02 02:43:26 [JavaFX Application Thread] graph.SynchronousBooleanNetwork.loadGraphFile()
[WARN] [] TCR_REDOX_METABOLOISM.zginml doesn't exist
2024-04-02 02:43:26 [JavaFX Application Thread] graph.SynchronousBooleanNetwork.loadGraphFile()
[WARN] [] TCR_REDOX_METABOLOISM.graphml doesn't exist
2024-04-02 02:43:26 [JavaFX Application Thread] graph.SynchronousBooleanNetwork.loadGraphFile()
[WARN] [] TCR_REDOX_METABOLOISM.zginml doesn't exist
2024-04-02 02:43:26 [JavaFX Application Thread] graph.SynchronousBooleanNetwork.loadGraphFile()
[WARN] [] TCR_REDOX_METABOLOISM.graphml doesn't exist
2024-04-02 02:43:26 [JavaFX Application Thread] graph.SynchronousBooleanNetwork.loadGraphFile()
[WARN] [] TCR_REDOX_METABOLOISM.zginml doesn't exist
2024-04-02 02:43:26 [JavaFX Application Thread] graph.SynchronousBooleanNetwork.loadGraphFile()
[WARN] [] TCR_REDOX_METABOLOISM.graphml doesn't exist
2024-04-02 02:43:26 [JavaFX Application Thread] graph.SynchronousBooleanNetwork.loadGraphFile()
[WARN] [] TCR_REDOX_METABOLOISM.zginml doesn't exist
2024-04-02 02:43:26 [JavaFX Application Thread] graph.SynchronousBooleanNetwork.loadGraphFile()
[WARN] [] TCR_REDOX_METABOLOISM.graphml doesn't exist
2024-04-02 02:43:26 [JavaFX Application Thread] graph.SynchronousBooleanNetwork.loadGraphFile()
[WARN] [] TCR_REDOX_METABOLOISM.zginml doesn't exist
2024-04-02 02:43:26 [JavaFX Application Thread] graph.SynchronousBooleanNetwork.loadGraphFile()
[WARN] [] TCR_REDOX_METABOLOISM.graphml doesn't exist
2024-04-02 02:43:26 [JavaFX Application Thread] graph.SynchronousBooleanNetwork.loadGraphFile()
[WARN] [] TCR_REDOX_METABOLOISM.zginml doesn't exist
2024-04-02 02:43:26 [JavaFX Application Thread] graph.SynchronousBooleanNetwork.loadGraphFile()
[WARN] [] TCR_REDOX_METABOLOISM.graphml doesn't exist
2024-04-02 02:43:26 [JavaFX Application Thread] graph.SynchronousBooleanNetwork.loadGraphFile()
[WARN] [] TCR_REDOX_METABOLOISM.zginml doesn't exist
2024-04-02 02:43:26 [JavaFX Application Thread] graph.SynchronousBooleanNetwork.loadGraphFile()
[WARN] [] TCR_REDOX_METABOLOISM.graphml doesn't exist
2024-04-02 02:43:26 [JavaFX Application Thread] graph.SynchronousBooleanNetwork.loadGraphFile()
[WARN] [] TCR_REDOX_METABOLOISM.zginml doesn't exist
2024-04-02 02:43:26 [JavaFX Application Thread] graph.SynchronousBooleanNetwork.loadGraphFile()
[WARN] [] TCR_REDOX_METABOLOISM.graphml doesn't exist
2024-04-02 02:43:26 [JavaFX Application Thread] graph.SynchronousBooleanNetwork.loadGraphFile()
[WARN] [] TCR_REDOX_METABOLOISM.zginml doesn't exist
2024-04-02 02:43:26 [JavaFX Application Thread] graph.SynchronousBooleanNetwork.loadGraphFile()
[WARN] [] TCR_REDOX_METABOLOISM.graphml doesn't exist
2024-04-02 02:43:26 [JavaFX Application Thread] graph.SynchronousBooleanNetwork.loadGraphFile()
[WARN] [] TCR_REDOX_METABOLOISM.zginml doesn't exist
2024-04-02 02:43:26 [JavaFX Application Thread] graph.SynchronousBooleanNetwork.loadGraphFile()
[WARN] [] TCR_REDOX_METABOLOISM.graphml doesn't exist
2024-04-02 02:43:26 [JavaFX Application Thread] graph.SynchronousBooleanNetwork.loadGraphFile()
[WARN] [] TCR_REDOX_METABOLOISM.zginml doesn't exist
2024-04-02 02:43:26 [JavaFX Application Thread] graph.SynchronousBooleanNetwork.loadGraphFile()
[WARN] [] TCR_REDOX_METABOLOISM.graphml doesn't exist
2024-04-02 02:43:26 [JavaFX Application Thread] graph.SynchronousBooleanNetwork.loadGraphFile()
[WARN] [] TCR_REDOX_METABOLOISM.zginml doesn't exist
2024-04-02 02:43:26 [JavaFX Application Thread] graph.SynchronousBooleanNetwork.loadGraphFile()
[WARN] [] TCR_REDOX_METABOLOISM.graphml doesn't exist
2024-04-02 02:43:26 [JavaFX Application Thread] graph.SynchronousBooleanNetwork.loadGraphFile()
[WARN] [] TCR_REDOX_METABOLOISM.zginml doesn't exist
2024-04-02 02:43:26 [JavaFX Application Thread] graph.SynchronousBooleanNetwork.loadGraphFile()
[WARN] [] TCR_REDOX_METABOLOISM.graphml doesn't exist
2024-04-02 02:43:26 [JavaFX Application Thread] graph.SynchronousBooleanNetwork.loadGraphFile()
[WARN] [] TCR_REDOX_METABOLOISM.zginml doesn't exist
2024-04-02 02:43:26 [JavaFX Application Thread] graph.SynchronousBooleanNetwork.loadGraphFile()
[WARN] [] TCR_REDOX_METABOLOISM.graphml doesn't exist
2024-04-02 02:43:26 [JavaFX Application Thread] graph.SynchronousBooleanNetwork.loadGraphFile()
[WARN] [] TCR_REDOX_METABOLOISM.zginml doesn't exist
2024-04-02 02:43:26 [JavaFX Application Thread] graph.SynchronousBooleanNetwork.loadGraphFile()
[WARN] [] TCR_REDOX_METABOLOISM.graphml doesn't exist
2024-04-02 02:43:26 [JavaFX Application Thread] graph.SynchronousBooleanNetwork.loadGraphFile()
[WARN] [] TCR_REDOX_METABOLOISM.zginml doesn't exist
2024-04-02 02:43:26 [JavaFX Application Thread] graph.SynchronousBooleanNetwork.loadGraphFile()
[WARN] [] TCR_REDOX_METABOLOISM.graphml doesn't exist
2024-04-02 02:43:26 [JavaFX Application Thread] graph.SynchronousBooleanNetwork.loadGraphFile()
[WARN] [] TCR_REDOX_METABOLOISM.zginml doesn't exist
2024-04-02 02:43:26 [JavaFX Application Thread] graph.SynchronousBooleanNetwork.loadGraphFile()
[WARN] [] TCR_REDOX_METABOLOISM.graphml doesn't exist
2024-04-02 02:43:26 [JavaFX Application Thread] graph.SynchronousBooleanNetwork.loadGraphFile()
[WARN] [] TCR_REDOX_METABOLOISM.zginml doesn't exist
2024-04-02 02:43:26 [JavaFX Application Thread] graph.SynchronousBooleanNetwork.loadGraphFile()
[WARN] [] TCR_REDOX_METABOLOISM.graphml doesn't exist
2024-04-02 02:43:26 [JavaFX Application Thread] graph.SynchronousBooleanNetwork.loadGraphFile()
[WARN] [] TCR_REDOX_METABOLOISM.zginml doesn't exist
2024-04-02 02:43:26 [JavaFX Application Thread] graph.SynchronousBooleanNetwork.loadGraphFile()
[WARN] [] TCR_REDOX_METABOLOISM.graphml doesn't exist
2024-04-02 02:43:26 [JavaFX Application Thread] graph.SynchronousBooleanNetwork.loadGraphFile()
[WARN] [] TCR_REDOX_METABOLOISM.zginml doesn't exist
2024-04-02 02:43:26 [JavaFX Application Thread] graph.SynchronousBooleanNetwork.loadGraphFile()
[WARN] [] TCR_REDOX_METABOLOISM.graphml doesn't exist
2024-04-02 02:43:26 [JavaFX Application Thread] graph.SynchronousBooleanNetwork.loadGraphFile()
[WARN] [] TCR_REDOX_METABOLOISM.zginml doesn't exist
2024-04-02 02:43:26 [JavaFX Application Thread] graph.SynchronousBooleanNetwork.loadGraphFile()
[WARN] [] TCR_REDOX_METABOLOISM.graphml doesn't exist
2024-04-02 02:43:26 [JavaFX Application Thread] graph.SynchronousBooleanNetwork.loadGraphFile()
[WARN] [] TCR_REDOX_METABOLOISM.zginml doesn't exist
2024-04-02 02:43:26 [JavaFX Application Thread] graph.SynchronousBooleanNetwork.loadGraphFile()
[WARN] [] TCR_REDOX_METABOLOISM.graphml doesn't exist
2024-04-02 02:43:26 [JavaFX Application Thread] graph.SynchronousBooleanNetwork.loadGraphFile()
[WARN] [] TCR_REDOX_METABOLOISM.zginml doesn't exist
2024-04-02 02:43:26 [JavaFX Application Thread] graph.SynchronousBooleanNetwork.loadGraphFile()
[WARN] [] TCR_REDOX_METABOLOISM.graphml doesn't exist
2024-04-02 02:43:26 [JavaFX Application Thread] graph.SynchronousBooleanNetwork.loadGraphFile()
[WARN] [] TCR_REDOX_METABOLOISM.zginml doesn't exist
2024-04-02 02:43:26 [JavaFX Application Thread] graph.SynchronousBooleanNetwork.loadGraphFile()
[WARN] [] TCR_REDOX_METABOLOISM.graphml doesn't exist
2024-04-02 02:43:26 [JavaFX Application Thread] graph.SynchronousBooleanNetwork.loadGraphFile()
[WARN] [] TCR_REDOX_METABOLOISM.zginml doesn't exist
2024-04-02 02:43:26 [JavaFX Application Thread] graph.SynchronousBooleanNetwork.loadGraphFile()
[WARN] [] TCR_REDOX_METABOLOISM.graphml doesn't exist
2024-04-02 02:43:26 [JavaFX Application Thread] graph.SynchronousBooleanNetwork.loadGraphFile()
[WARN] [] TCR_REDOX_METABOLOISM.zginml doesn't exist
2024-04-02 02:43:26 [JavaFX Application Thread] graph.SynchronousBooleanNetwork.loadGraphFile()
[WARN] [] TCR_REDOX_METABOLOISM.graphml doesn't exist
2024-04-02 02:43:26 [JavaFX Application Thread] graph.SynchronousBooleanNetwork.loadGraphFile()
[WARN] [] TCR_REDOX_METABOLOISM.zginml doesn't exist
2024-04-02 02:43:26 [JavaFX Application Thread] graph.SynchronousBooleanNetwork.loadGraphFile()
[WARN] [] TCR_REDOX_METABOLOISM.graphml doesn't exist
2024-04-02 02:43:26 [JavaFX Application Thread] graph.SynchronousBooleanNetwork.loadGraphFile()
[WARN] [] TCR_REDOX_METABOLOISM.zginml doesn't exist
2024-04-02 02:43:26 [JavaFX Application Thread] graph.SynchronousBooleanNetwork.loadGraphFile()
[WARN] [] TCR_REDOX_METABOLOISM.graphml doesn't exist
2024-04-02 02:43:26 [JavaFX Application Thread] graph.SynchronousBooleanNetwork.loadGraphFile()
[WARN] [] TCR_REDOX_METABOLOISM.zginml doesn't exist
2024-04-02 02:43:26 [JavaFX Application Thread] graph.SynchronousBooleanNetwork.loadGraphFile()
[WARN] [] TCR_REDOX_METABOLOISM.graphml doesn't exist
2024-04-02 02:43:26 [JavaFX Application Thread] graph.SynchronousBooleanNetwork.loadGraphFile()
[WARN] [] TCR_REDOX_METABOLOISM.zginml doesn't exist
2024-04-02 02:43:26 [JavaFX Application Thread] graph.SynchronousBooleanNetwork.loadGraphFile()
[WARN] [] TCR_REDOX_METABOLOISM.graphml doesn't exist
2024-04-02 02:43:26 [JavaFX Application Thread] graph.SynchronousBooleanNetwork.loadGraphFile()
[WARN] [] TCR_REDOX_METABOLOISM.zginml doesn't exist
2024-04-02 02:43:26 [JavaFX Application Thread] graph.SynchronousBooleanNetwork.loadGraphFile()
[WARN] [] TCR_REDOX_METABOLOISM.graphml doesn't exist
2024-04-02 02:43:26 [JavaFX Application Thread] graph.SynchronousBooleanNetwork.loadGraphFile()
[WARN] [] TCR_REDOX_METABOLOISM.zginml doesn't exist
2024-04-02 02:43:26 [JavaFX Application Thread] graph.SynchronousBooleanNetwork.loadGraphFile()
[WARN] [] TCR_REDOX_METABOLOISM.graphml doesn't exist
2024-04-02 02:43:26 [JavaFX Application Thread] graph.SynchronousBooleanNetwork.loadGraphFile()
[WARN] [] TCR_REDOX_METABOLOISM.zginml doesn't exist
2024-04-02 02:43:26 [JavaFX Application Thread] graph.SynchronousBooleanNetwork.loadGraphFile()
[WARN] [] TCR_REDOX_METABOLOISM.graphml doesn't exist
2024-04-02 02:43:26 [JavaFX Application Thread] graph.SynchronousBooleanNetwork.loadGraphFile()
[WARN] [] TCR_REDOX_METABOLOISM.zginml doesn't exist
2024-04-02 02:43:26 [JavaFX Application Thread] graph.SynchronousBooleanNetwork.loadGraphFile()
[WARN] [] TCR_REDOX_METABOLOISM.graphml doesn't exist
2024-04-02 02:43:26 [JavaFX Application Thread] graph.SynchronousBooleanNetwork.loadGraphFile()
[WARN] [] TCR_REDOX_METABOLOISM.zginml doesn't exist
2024-04-02 02:43:26 [JavaFX Application Thread] graph.SynchronousBooleanNetwork.loadGraphFile()
[WARN] [] TCR_REDOX_METABOLOISM.graphml doesn't exist
2024-04-02 02:43:26 [JavaFX Application Thread] graph.SynchronousBooleanNetwork.loadGraphFile()
[WARN] [] TCR_REDOX_METABOLOISM.zginml doesn't exist
2024-04-02 02:43:26 [JavaFX Application Thread] graph.SynchronousBooleanNetwork.loadGraphFile()
[WARN] [] TCR_REDOX_METABOLOISM.graphml doesn't exist
2024-04-02 02:43:26 [JavaFX Application Thread] graph.SynchronousBooleanNetwork.loadGraphFile()
[WARN] [] TCR_REDOX_METABOLOISM.zginml doesn't exist
2024-04-02 02:43:26 [JavaFX Application Thread] graph.SynchronousBooleanNetwork.loadGraphFile()
[WARN] [] TCR_REDOX_METABOLOISM.graphml doesn't exist
2024-04-02 02:43:26 [JavaFX Application Thread] graph.SynchronousBooleanNetwork.loadGraphFile()
[WARN] [] TCR_REDOX_METABOLOISM.zginml doesn't exist
2024-04-02 02:43:26 [JavaFX Application Thread] graph.SynchronousBooleanNetwork.loadGraphFile()
[WARN] [] TCR_REDOX_METABOLOISM.graphml doesn't exist
2024-04-02 02:43:26 [JavaFX Application Thread] graph.SynchronousBooleanNetwork.loadGraphFile()
[WARN] [] TCR_REDOX_METABOLOISM.zginml doesn't exist
2024-04-02 02:43:26 [JavaFX Application Thread] graph.SynchronousBooleanNetwork.loadGraphFile()
[WARN] [] TCR_REDOX_METABOLOISM.graphml doesn't exist
2024-04-02 02:43:26 [JavaFX Application Thread] graph.SynchronousBooleanNetwork.loadGraphFile()
[WARN] [] TCR_REDOX_METABOLOISM.zginml doesn't exist
2024-04-02 02:43:26 [JavaFX Application Thread] graph.SynchronousBooleanNetwork.loadGraphFile()
[WARN] [] TCR_REDOX_METABOLOISM.graphml doesn't exist
2024-04-02 02:43:26 [JavaFX Application Thread] graph.SynchronousBooleanNetwork.loadGraphFile()
[WARN] [] TCR_REDOX_METABOLOISM.zginml doesn't exist
2024-04-02 02:43:26 [JavaFX Application Thread] graph.SynchronousBooleanNetwork.loadGraphFile()
[WARN] [] TCR_REDOX_METABOLOISM.graphml doesn't exist
2024-04-02 02:43:26 [JavaFX Application Thread] graph.SynchronousBooleanNetwork.loadGraphFile()
[WARN] [] TCR_REDOX_METABOLOISM.zginml doesn't exist
2024-04-02 02:43:26 [JavaFX Application Thread] graph.SynchronousBooleanNetwork.loadGraphFile()
[WARN] [] TCR_REDOX_METABOLOISM.graphml doesn't exist
2024-04-02 02:43:26 [JavaFX Application Thread] graph.SynchronousBooleanNetwork.loadGraphFile()
[WARN] [] TCR_REDOX_METABOLOISM.zginml doesn't exist
2024-04-02 02:43:26 [JavaFX Application Thread] graph.SynchronousBooleanNetwork.loadGraphFile()
[WARN] [] TCR_REDOX_METABOLOISM.graphml doesn't exist
2024-04-02 02:43:26 [JavaFX Application Thread] graph.SynchronousBooleanNetwork.loadGraphFile()
[WARN] [] TCR_REDOX_METABOLOISM.zginml doesn't exist
2024-04-02 02:43:26 [JavaFX Application Thread] graph.SynchronousBooleanNetwork.loadGraphFile()
[WARN] [] TCR_REDOX_METABOLOISM.graphml doesn't exist
2024-04-02 02:43:26 [JavaFX Application Thread] graph.SynchronousBooleanNetwork.loadGraphFile()
[WARN] [] TCR_REDOX_METABOLOISM.zginml doesn't exist
2024-04-02 02:43:26 [JavaFX Application Thread] graph.SynchronousBooleanNetwork.loadGraphFile()
[WARN] [] TCR_REDOX_METABOLOISM.graphml doesn't exist
2024-04-02 02:43:26 [JavaFX Application Thread] graph.SynchronousBooleanNetwork.loadGraphFile()
[WARN] [] TCR_REDOX_METABOLOISM.zginml doesn't exist
2024-04-02 02:43:26 [JavaFX Application Thread] graph.SynchronousBooleanNetwork.loadGraphFile()
[WARN] [] TCR_REDOX_METABOLOISM.graphml doesn't exist
2024-04-02 02:43:26 [JavaFX Application Thread] graph.SynchronousBooleanNetwork.loadGraphFile()
[WARN] [] TCR_REDOX_METABOLOISM.zginml doesn't exist
2024-04-02 02:43:26 [JavaFX Application Thread] graph.SynchronousBooleanNetwork.loadGraphFile()
[WARN] [] TCR_REDOX_METABOLOISM.graphml doesn't exist
2024-04-02 02:43:26 [JavaFX Application Thread] graph.SynchronousBooleanNetwork.loadGraphFile()
[WARN] [] TCR_REDOX_METABOLOISM.zginml doesn't exist
2024-04-02 02:43:26 [JavaFX Application Thread] graph.SynchronousBooleanNetwork.loadGraphFile()
[WARN] [] TCR_REDOX_METABOLOISM.graphml doesn't exist
2024-04-02 02:43:26 [JavaFX Application Thread] graph.SynchronousBooleanNetwork.loadGraphFile()
[WARN] [] TCR_REDOX_METABOLOISM.zginml doesn't exist
2024-04-02 02:43:26 [JavaFX Application Thread] graph.SynchronousBooleanNetwork.loadGraphFile()
[WARN] [] TCR_REDOX_METABOLOISM.graphml doesn't exist
2024-04-02 02:43:26 [JavaFX Application Thread] graph.SynchronousBooleanNetwork.loadGraphFile()
[WARN] [] TCR_REDOX_METABOLOISM.zginml doesn't exist
2024-04-02 02:43:26 [JavaFX Application Thread] graph.SynchronousBooleanNetwork.loadGraphFile()
[WARN] [] TCR_REDOX_METABOLOISM.graphml doesn't exist
2024-04-02 02:43:26 [JavaFX Application Thread] graph.SynchronousBooleanNetwork.loadGraphFile()
[WARN] [] TCR_REDOX_METABOLOISM.zginml doesn't exist
2024-04-02 02:43:26 [JavaFX Application Thread] graph.SynchronousBooleanNetwork.loadGraphFile()
[WARN] [] TCR_REDOX_METABOLOISM.graphml doesn't exist
2024-04-02 02:43:26 [JavaFX Application Thread] graph.SynchronousBooleanNetwork.loadGraphFile()
[WARN] [] TCR_REDOX_METABOLOISM.zginml doesn't exist
2024-04-02 02:43:26 [JavaFX Application Thread] graph.SynchronousBooleanNetwork.loadGraphFile()
[WARN] [] TCR_REDOX_METABOLOISM.graphml doesn't exist
2024-04-02 02:43:26 [JavaFX Application Thread] graph.SynchronousBooleanNetwork.loadGraphFile()
[WARN] [] TCR_REDOX_METABOLOISM.zginml doesn't exist
2024-04-02 02:43:26 [JavaFX Application Thread] graph.SynchronousBooleanNetwork.loadGraphFile()
[WARN] [] TCR_REDOX_METABOLOISM.graphml doesn't exist
2024-04-02 02:43:26 [JavaFX Application Thread] graph.SynchronousBooleanNetwork.loadGraphFile()
[WARN] [] TCR_REDOX_METABOLOISM.zginml doesn't exist
2024-04-02 02:43:26 [JavaFX Application Thread] graph.SynchronousBooleanNetwork.loadGraphFile()
[WARN] [] TCR_REDOX_METABOLOISM.graphml doesn't exist
2024-04-02 02:43:26 [JavaFX Application Thread] graph.SynchronousBooleanNetwork.loadGraphFile()
[WARN] [] TCR_REDOX_METABOLOISM.zginml doesn't exist
2024-04-02 02:43:26 [JavaFX Application Thread] graph.SynchronousBooleanNetwork.loadGraphFile()
[WARN] [] TCR_REDOX_METABOLOISM.graphml doesn't exist
2024-04-02 02:43:26 [JavaFX Application Thread] graph.SynchronousBooleanNetwork.loadGraphFile()
[WARN] [] TCR_REDOX_METABOLOISM.zginml doesn't exist
2024-04-02 02:43:26 [JavaFX Application Thread] graph.SynchronousBooleanNetwork.loadGraphFile()
[WARN] [] TCR_REDOX_METABOLOISM.graphml doesn't exist
2024-04-02 02:43:26 [JavaFX Application Thread] graph.SynchronousBooleanNetwork.loadGraphFile()
[WARN] [] TCR_REDOX_METABOLOISM.zginml doesn't exist
2024-04-02 02:43:26 [JavaFX Application Thread] graph.SynchronousBooleanNetwork.loadGraphFile()
[WARN] [] TCR_REDOX_METABOLOISM.graphml doesn't exist
2024-04-02 02:43:26 [JavaFX Application Thread] graph.SynchronousBooleanNetwork.loadGraphFile()
[WARN] [] TCR_REDOX_METABOLOISM.zginml doesn't exist
2024-04-02 02:43:26 [JavaFX Application Thread] graph.SynchronousBooleanNetwork.loadGraphFile()
[WARN] [] TCR_REDOX_METABOLOISM.graphml doesn't exist
2024-04-02 02:43:26 [JavaFX Application Thread] graph.SynchronousBooleanNetwork.loadGraphFile()
[WARN] [] TCR_REDOX_METABOLOISM.zginml doesn't exist
2024-04-02 02:43:26 [JavaFX Application Thread] graph.SynchronousBooleanNetwork.loadGraphFile()
[WARN] [] TCR_REDOX_METABOLOISM.graphml doesn't exist
2024-04-02 02:43:26 [JavaFX Application Thread] graph.SynchronousBooleanNetwork.loadGraphFile()
[WARN] [] TCR_REDOX_METABOLOISM.zginml doesn't exist
2024-04-02 02:43:26 [JavaFX Application Thread] graph.SynchronousBooleanNetwork.loadGraphFile()
[WARN] [] TCR_REDOX_METABOLOISM.graphml doesn't exist
2024-04-02 02:43:26 [JavaFX Application Thread] graph.SynchronousBooleanNetwork.loadGraphFile()
[WARN] [] TCR_REDOX_METABOLOISM.zginml doesn't exist
2024-04-02 02:43:26 [JavaFX Application Thread] graph.SynchronousBooleanNetwork.loadGraphFile()
[WARN] [] TCR_REDOX_METABOLOISM.graphml doesn't exist
2024-04-02 02:43:26 [JavaFX Application Thread] graph.SynchronousBooleanNetwork.loadGraphFile()
[WARN] [] TCR_REDOX_METABOLOISM.zginml doesn't exist
2024-04-02 02:43:26 [JavaFX Application Thread] graph.SynchronousBooleanNetwork.loadGraphFile()
[WARN] [] TCR_REDOX_METABOLOISM.graphml doesn't exist
2024-04-02 02:43:26 [JavaFX Application Thread] graph.SynchronousBooleanNetwork.loadGraphFile()
[WARN] [] TCR_REDOX_METABOLOISM.zginml doesn't exist
2024-04-02 02:43:26 [JavaFX Application Thread] graph.SynchronousBooleanNetwork.loadGraphFile()
[WARN] [] TCR_REDOX_METABOLOISM.graphml doesn't exist
2024-04-02 02:43:26 [JavaFX Application Thread] graph.SynchronousBooleanNetwork.loadGraphFile()
[WARN] [] TCR_REDOX_METABOLOISM.zginml doesn't exist
2024-04-02 02:43:26 [JavaFX Application Thread] graph.SynchronousBooleanNetwork.loadGraphFile()
[WARN] [] TCR_REDOX_METABOLOISM.graphml doesn't exist
2024-04-02 02:43:26 [JavaFX Application Thread] graph.SynchronousBooleanNetwork.loadGraphFile()
[WARN] [] TCR_REDOX_METABOLOISM.zginml doesn't exist
2024-04-02 02:43:26 [JavaFX Application Thread] graph.SynchronousBooleanNetwork.loadGraphFile()
[WARN] [] TCR_REDOX_METABOLOISM.graphml doesn't exist
2024-04-02 02:43:26 [JavaFX Application Thread] graph.SynchronousBooleanNetwork.loadGraphFile()
[WARN] [] TCR_REDOX_METABOLOISM.zginml doesn't exist
2024-04-02 02:43:26 [JavaFX Application Thread] graph.SynchronousBooleanNetwork.loadGraphFile()
[WARN] [] TCR_REDOX_METABOLOISM.graphml doesn't exist
2024-04-02 02:43:26 [JavaFX Application Thread] graph.SynchronousBooleanNetwork.loadGraphFile()
[WARN] [] TCR_REDOX_METABOLOISM.zginml doesn't exist
2024-04-02 02:43:26 [JavaFX Application Thread] graph.SynchronousBooleanNetwork.loadGraphFile()
[WARN] [] TCR_REDOX_METABOLOISM.graphml doesn't exist
2024-04-02 02:43:26 [JavaFX Application Thread] graph.SynchronousBooleanNetwork.loadGraphFile()
[WARN] [] TCR_REDOX_METABOLOISM.zginml doesn't exist
2024-04-02 02:43:26 [JavaFX Application Thread] graph.SynchronousBooleanNetwork.loadGraphFile()
[WARN] [] TCR_REDOX_METABOLOISM.graphml doesn't exist
2024-04-02 02:43:26 [JavaFX Application Thread] graph.SynchronousBooleanNetwork.loadGraphFile()
[WARN] [] TCR_REDOX_METABOLOISM.zginml doesn't exist
2024-04-02 02:43:26 [JavaFX Application Thread] graph.SynchronousBooleanNetwork.loadGraphFile()
[WARN] [] TCR_REDOX_METABOLOISM.graphml doesn't exist
2024-04-02 02:43:26 [JavaFX Application Thread] graph.SynchronousBooleanNetwork.loadGraphFile()
[WARN] [] TCR_REDOX_METABOLOISM.zginml doesn't exist
2024-04-02 02:43:26 [JavaFX Application Thread] graph.SynchronousBooleanNetwork.loadGraphFile()
[WARN] [] TCR_REDOX_METABOLOISM.graphml doesn't exist
2024-04-02 02:43:26 [JavaFX Application Thread] graph.SynchronousBooleanNetwork.loadGraphFile()
[WARN] [] TCR_REDOX_METABOLOISM.zginml doesn't exist
2024-04-02 02:43:26 [JavaFX Application Thread] graph.SynchronousBooleanNetwork.loadGraphFile()
[WARN] [] TCR_REDOX_METABOLOISM.graphml doesn't exist
2024-04-02 02:43:26 [JavaFX Application Thread] graph.SynchronousBooleanNetwork.loadGraphFile()
[WARN] [] TCR_REDOX_METABOLOISM.zginml doesn't exist
2024-04-02 02:43:26 [JavaFX Application Thread] graph.SynchronousBooleanNetwork.loadGraphFile()
[WARN] [] TCR_REDOX_METABOLOISM.graphml doesn't exist
2024-04-02 02:43:26 [JavaFX Application Thread] graph.SynchronousBooleanNetwork.loadGraphFile()
[WARN] [] TCR_REDOX_METABOLOISM.zginml doesn't exist
2024-04-02 02:43:26 [JavaFX Application Thread] graph.SynchronousBooleanNetwork.loadGraphFile()
[WARN] [] TCR_REDOX_METABOLOISM.graphml doesn't exist
2024-04-02 02:43:26 [JavaFX Application Thread] graph.SynchronousBooleanNetwork.loadGraphFile()
[WARN] [] TCR_REDOX_METABOLOISM.zginml doesn't exist
2024-04-02 02:43:26 [JavaFX Application Thread] graph.SynchronousBooleanNetwork.loadGraphFile()
[WARN] [] TCR_REDOX_METABOLOISM.graphml doesn't exist
2024-04-02 02:43:26 [JavaFX Application Thread] graph.SynchronousBooleanNetwork.loadGraphFile()
[WARN] [] TCR_REDOX_METABOLOISM.zginml doesn't exist
2024-04-02 02:43:26 [JavaFX Application Thread] graph.SynchronousBooleanNetwork.loadGraphFile()
[WARN] [] TCR_REDOX_METABOLOISM.graphml doesn't exist
2024-04-02 02:43:26 [JavaFX Application Thread] graph.SynchronousBooleanNetwork.loadGraphFile()
[WARN] [] TCR_REDOX_METABOLOISM.zginml doesn't exist
2024-04-02 02:43:26 [JavaFX Application Thread] graph.SynchronousBooleanNetwork.loadGraphFile()
[WARN] [] TCR_REDOX_METABOLOISM.graphml doesn't exist
2024-04-02 02:43:26 [JavaFX Application Thread] graph.SynchronousBooleanNetwork.loadGraphFile()
[WARN] [] TCR_REDOX_METABOLOISM.zginml doesn't exist
2024-04-02 02:43:26 [JavaFX Application Thread] graph.SynchronousBooleanNetwork.loadGraphFile()
[WARN] [] TCR_REDOX_METABOLOISM.graphml doesn't exist
2024-04-02 02:43:26 [JavaFX Application Thread] graph.SynchronousBooleanNetwork.loadGraphFile()
[WARN] [] TCR_REDOX_METABOLOISM.zginml doesn't exist
2024-04-02 02:43:26 [JavaFX Application Thread] graph.SynchronousBooleanNetwork.loadGraphFile()
[WARN] [] TCR_REDOX_METABOLOISM.graphml doesn't exist
2024-04-02 02:43:26 [JavaFX Application Thread] graph.SynchronousBooleanNetwork.loadGraphFile()
[WARN] [] TCR_REDOX_METABOLOISM.zginml doesn't exist
2024-04-02 02:43:26 [JavaFX Application Thread] graph.SynchronousBooleanNetwork.loadGraphFile()
[WARN] [] TCR_REDOX_METABOLOISM.graphml doesn't exist
2024-04-02 02:43:26 [JavaFX Application Thread] graph.SynchronousBooleanNetwork.loadGraphFile()
[WARN] [] TCR_REDOX_METABOLOISM.zginml doesn't exist
2024-04-02 02:43:26 [JavaFX Application Thread] graph.SynchronousBooleanNetwork.loadGraphFile()
[WARN] [] TCR_REDOX_METABOLOISM.graphml doesn't exist
2024-04-02 02:43:26 [JavaFX Application Thread] graph.SynchronousBooleanNetwork.loadGraphFile()
[WARN] [] TCR_REDOX_METABOLOISM.zginml doesn't exist
2024-04-02 02:43:26 [JavaFX Application Thread] graph.SynchronousBooleanNetwork.loadGraphFile()
[WARN] [] TCR_REDOX_METABOLOISM.graphml doesn't exist
2024-04-02 02:43:26 [JavaFX Application Thread] graph.SynchronousBooleanNetwork.loadGraphFile()
[WARN] [] TCR_REDOX_METABOLOISM.zginml doesn't exist
2024-04-02 02:44:16 [JavaFX Application Thread] core.SettingsProvider.load()
[INFO] [] user settings loaded
2024-04-02 02:44:16 [JavaFX Application Thread] core.World.<init>()
[INFO] [setup] world initiated
