2024-04-02 02:26:00 [JavaFX Application Thread] core.SettingsProvider.load()
[INFO] [] user settings loaded
2024-04-02 02:26:00 [JavaFX Application Thread] core.World.<init>()
[INFO] [setup] world initiated
2024-04-02 02:26:04 [JavaFX Application Thread] graph.SynchronousBooleanNetwork.loadGraphFile()
[WARN] [] TCR-REDOX-METABOLOISM.graphml doesn't exist
2024-04-02 02:26:04 [JavaFX Application Thread] graph.SynchronousBooleanNetwork.loadGraphFile()
[WARN] [] TCR-REDOX-METABOLOISM.zginml doesn't exist
2024-04-02 02:26:04 [JavaFX Application Thread] graph.SynchronousBooleanNetwork.loadGraphFile()
[WARN] [] TCR-REDOX-METABOLOISM.graphml doesn't exist
2024-04-02 02:26:04 [JavaFX Application Thread] graph.SynchronousBooleanNetwork.loadGraphFile()
[WARN] [] TCR-REDOX-METABOLOISM.zginml doesn't exist
2024-04-02 02:26:04 [JavaFX Application Thread] graph.SynchronousBooleanNetwork.loadGraphFile()
[WARN] [] TCR-REDOX-METABOLOISM.graphml doesn't exist
2024-04-02 02:26:04 [JavaFX Application Thread] graph.SynchronousBooleanNetwork.loadGraphFile()
[WARN] [] TCR-REDOX-METABOLOISM.zginml doesn't exist
2024-04-02 02:26:04 [JavaFX Application Thread] graph.SynchronousBooleanNetwork.loadGraphFile()
[WARN] [] TCR-REDOX-METABOLOISM.graphml doesn't exist
2024-04-02 02:26:04 [JavaFX Application Thread] graph.SynchronousBooleanNetwork.loadGraphFile()
[WARN] [] TCR-REDOX-METABOLOISM.zginml doesn't exist
2024-04-02 02:26:04 [JavaFX Application Thread] graph.SynchronousBooleanNetwork.loadGraphFile()
[WARN] [] TCR-REDOX-METABOLOISM.graphml doesn't exist
2024-04-02 02:26:04 [JavaFX Application Thread] graph.SynchronousBooleanNetwork.loadGraphFile()
[WARN] [] TCR-REDOX-METABOLOISM.zginml doesn't exist
2024-04-02 02:26:04 [JavaFX Application Thread] graph.SynchronousBooleanNetwork.loadGraphFile()
[WARN] [] TCR-REDOX-METABOLOISM.graphml doesn't exist
2024-04-02 02:26:04 [JavaFX Application Thread] graph.SynchronousBooleanNetwork.loadGraphFile()
[WARN] [] TCR-REDOX-METABOLOISM.zginml doesn't exist
2024-04-02 02:26:04 [JavaFX Application Thread] graph.SynchronousBooleanNetwork.loadGraphFile()
[WARN] [] TCR-REDOX-METABOLOISM.graphml doesn't exist
2024-04-02 02:26:04 [JavaFX Application Thread] graph.SynchronousBooleanNetwork.loadGraphFile()
[WARN] [] TCR-REDOX-METABOLOISM.zginml doesn't exist
2024-04-02 02:26:04 [JavaFX Application Thread] graph.SynchronousBooleanNetwork.loadGraphFile()
[WARN] [] TCR-REDOX-METABOLOISM.graphml doesn't exist
2024-04-02 02:26:04 [JavaFX Application Thread] graph.SynchronousBooleanNetwork.loadGraphFile()
[WARN] [] TCR-REDOX-METABOLOISM.zginml doesn't exist
2024-04-02 02:26:04 [JavaFX Application Thread] graph.SynchronousBooleanNetwork.loadGraphFile()
[WARN] [] TCR-REDOX-METABOLOISM.graphml doesn't exist
2024-04-02 02:26:04 [JavaFX Application Thread] graph.SynchronousBooleanNetwork.loadGraphFile()
[WARN] [] TCR-REDOX-METABOLOISM.zginml doesn't exist
2024-04-02 02:26:04 [JavaFX Application Thread] graph.SynchronousBooleanNetwork.loadGraphFile()
[WARN] [] TCR-REDOX-METABOLOISM.graphml doesn't exist
2024-04-02 02:26:04 [JavaFX Application Thread] graph.SynchronousBooleanNetwork.loadGraphFile()
[WARN] [] TCR-REDOX-METABOLOISM.zginml doesn't exist
2024-04-02 02:26:04 [JavaFX Application Thread] graph.SynchronousBooleanNetwork.loadGraphFile()
[WARN] [] TCR-REDOX-METABOLOISM.graphml doesn't exist
2024-04-02 02:26:04 [JavaFX Application Thread] graph.SynchronousBooleanNetwork.loadGraphFile()
[WARN] [] TCR-REDOX-METABOLOISM.zginml doesn't exist
2024-04-02 02:26:04 [JavaFX Application Thread] graph.SynchronousBooleanNetwork.loadGraphFile()
[WARN] [] TCR-REDOX-METABOLOISM.graphml doesn't exist
2024-04-02 02:26:04 [JavaFX Application Thread] graph.SynchronousBooleanNetwork.loadGraphFile()
[WARN] [] TCR-REDOX-METABOLOISM.zginml doesn't exist
2024-04-02 02:26:04 [JavaFX Application Thread] graph.SynchronousBooleanNetwork.loadGraphFile()
[WARN] [] TCR-REDOX-METABOLOISM.graphml doesn't exist
2024-04-02 02:26:04 [JavaFX Application Thread] graph.SynchronousBooleanNetwork.loadGraphFile()
[WARN] [] TCR-REDOX-METABOLOISM.zginml doesn't exist
2024-04-02 02:26:04 [JavaFX Application Thread] graph.SynchronousBooleanNetwork.loadGraphFile()
[WARN] [] TCR-REDOX-METABOLOISM.graphml doesn't exist
2024-04-02 02:26:04 [JavaFX Application Thread] graph.SynchronousBooleanNetwork.loadGraphFile()
[WARN] [] TCR-REDOX-METABOLOISM.zginml doesn't exist
2024-04-02 02:26:04 [JavaFX Application Thread] graph.SynchronousBooleanNetwork.loadGraphFile()
[WARN] [] TCR-REDOX-METABOLOISM.graphml doesn't exist
2024-04-02 02:26:04 [JavaFX Application Thread] graph.SynchronousBooleanNetwork.loadGraphFile()
[WARN] [] TCR-REDOX-METABOLOISM.zginml doesn't exist
2024-04-02 02:26:04 [JavaFX Application Thread] graph.SynchronousBooleanNetwork.loadGraphFile()
[WARN] [] TCR-REDOX-METABOLOISM.graphml doesn't exist
2024-04-02 02:26:04 [JavaFX Application Thread] graph.SynchronousBooleanNetwork.loadGraphFile()
[WARN] [] TCR-REDOX-METABOLOISM.zginml doesn't exist
2024-04-02 02:26:04 [JavaFX Application Thread] graph.SynchronousBooleanNetwork.loadGraphFile()
[WARN] [] TCR-REDOX-METABOLOISM.graphml doesn't exist
2024-04-02 02:26:04 [JavaFX Application Thread] graph.SynchronousBooleanNetwork.loadGraphFile()
[WARN] [] TCR-REDOX-METABOLOISM.zginml doesn't exist
2024-04-02 02:26:04 [JavaFX Application Thread] graph.SynchronousBooleanNetwork.loadGraphFile()
[WARN] [] TCR-REDOX-METABOLOISM.graphml doesn't exist
2024-04-02 02:26:04 [JavaFX Application Thread] graph.SynchronousBooleanNetwork.loadGraphFile()
[WARN] [] TCR-REDOX-METABOLOISM.zginml doesn't exist
2024-04-02 02:26:04 [JavaFX Application Thread] graph.SynchronousBooleanNetwork.loadGraphFile()
[WARN] [] TCR-REDOX-METABOLOISM.graphml doesn't exist
2024-04-02 02:26:04 [JavaFX Application Thread] graph.SynchronousBooleanNetwork.loadGraphFile()
[WARN] [] TCR-REDOX-METABOLOISM.zginml doesn't exist
2024-04-02 02:26:04 [JavaFX Application Thread] graph.SynchronousBooleanNetwork.loadGraphFile()
[WARN] [] TCR-REDOX-METABOLOISM.graphml doesn't exist
2024-04-02 02:26:04 [JavaFX Application Thread] graph.SynchronousBooleanNetwork.loadGraphFile()
[WARN] [] TCR-REDOX-METABOLOISM.zginml doesn't exist
2024-04-02 02:26:04 [JavaFX Application Thread] graph.SynchronousBooleanNetwork.loadGraphFile()
[WARN] [] TCR-REDOX-METABOLOISM.graphml doesn't exist
2024-04-02 02:26:04 [JavaFX Application Thread] graph.SynchronousBooleanNetwork.loadGraphFile()
[WARN] [] TCR-REDOX-METABOLOISM.zginml doesn't exist
2024-04-02 02:26:04 [JavaFX Application Thread] graph.SynchronousBooleanNetwork.loadGraphFile()
[WARN] [] TCR-REDOX-METABOLOISM.graphml doesn't exist
2024-04-02 02:26:04 [JavaFX Application Thread] graph.SynchronousBooleanNetwork.loadGraphFile()
[WARN] [] TCR-REDOX-METABOLOISM.zginml doesn't exist
2024-04-02 02:26:04 [JavaFX Application Thread] graph.SynchronousBooleanNetwork.loadGraphFile()
[WARN] [] TCR-REDOX-METABOLOISM.graphml doesn't exist
2024-04-02 02:26:04 [JavaFX Application Thread] graph.SynchronousBooleanNetwork.loadGraphFile()
[WARN] [] TCR-REDOX-METABOLOISM.zginml doesn't exist
2024-04-02 02:26:04 [JavaFX Application Thread] graph.SynchronousBooleanNetwork.loadGraphFile()
[WARN] [] TCR-REDOX-METABOLOISM.graphml doesn't exist
2024-04-02 02:26:04 [JavaFX Application Thread] graph.SynchronousBooleanNetwork.loadGraphFile()
[WARN] [] TCR-REDOX-METABOLOISM.zginml doesn't exist
2024-04-02 02:26:04 [JavaFX Application Thread] graph.SynchronousBooleanNetwork.loadGraphFile()
[WARN] [] TCR-REDOX-METABOLOISM.graphml doesn't exist
2024-04-02 02:26:04 [JavaFX Application Thread] graph.SynchronousBooleanNetwork.loadGraphFile()
[WARN] [] TCR-REDOX-METABOLOISM.zginml doesn't exist
2024-04-02 02:26:04 [JavaFX Application Thread] graph.SynchronousBooleanNetwork.loadGraphFile()
[WARN] [] TCR-REDOX-METABOLOISM.graphml doesn't exist
2024-04-02 02:26:04 [JavaFX Application Thread] graph.SynchronousBooleanNetwork.loadGraphFile()
[WARN] [] TCR-REDOX-METABOLOISM.zginml doesn't exist
2024-04-02 02:26:04 [JavaFX Application Thread] graph.SynchronousBooleanNetwork.loadGraphFile()
[WARN] [] TCR-REDOX-METABOLOISM.graphml doesn't exist
2024-04-02 02:26:04 [JavaFX Application Thread] graph.SynchronousBooleanNetwork.loadGraphFile()
[WARN] [] TCR-REDOX-METABOLOISM.zginml doesn't exist
2024-04-02 02:26:04 [JavaFX Application Thread] graph.SynchronousBooleanNetwork.loadGraphFile()
[WARN] [] TCR-REDOX-METABOLOISM.graphml doesn't exist
2024-04-02 02:26:04 [JavaFX Application Thread] graph.SynchronousBooleanNetwork.loadGraphFile()
[WARN] [] TCR-REDOX-METABOLOISM.zginml doesn't exist
2024-04-02 02:26:04 [JavaFX Application Thread] graph.SynchronousBooleanNetwork.loadGraphFile()
[WARN] [] TCR-REDOX-METABOLOISM.graphml doesn't exist
2024-04-02 02:26:04 [JavaFX Application Thread] graph.SynchronousBooleanNetwork.loadGraphFile()
[WARN] [] TCR-REDOX-METABOLOISM.zginml doesn't exist
2024-04-02 02:26:04 [JavaFX Application Thread] graph.SynchronousBooleanNetwork.loadGraphFile()
[WARN] [] TCR-REDOX-METABOLOISM.graphml doesn't exist
2024-04-02 02:26:04 [JavaFX Application Thread] graph.SynchronousBooleanNetwork.loadGraphFile()
[WARN] [] TCR-REDOX-METABOLOISM.zginml doesn't exist
2024-04-02 02:26:04 [JavaFX Application Thread] graph.SynchronousBooleanNetwork.loadGraphFile()
[WARN] [] TCR-REDOX-METABOLOISM.graphml doesn't exist
2024-04-02 02:26:04 [JavaFX Application Thread] graph.SynchronousBooleanNetwork.loadGraphFile()
[WARN] [] TCR-REDOX-METABOLOISM.zginml doesn't exist
2024-04-02 02:26:04 [JavaFX Application Thread] graph.SynchronousBooleanNetwork.loadGraphFile()
[WARN] [] TCR-REDOX-METABOLOISM.graphml doesn't exist
2024-04-02 02:26:04 [JavaFX Application Thread] graph.SynchronousBooleanNetwork.loadGraphFile()
[WARN] [] TCR-REDOX-METABOLOISM.zginml doesn't exist
2024-04-02 02:26:04 [JavaFX Application Thread] graph.SynchronousBooleanNetwork.loadGraphFile()
[WARN] [] TCR-REDOX-METABOLOISM.graphml doesn't exist
2024-04-02 02:26:04 [JavaFX Application Thread] graph.SynchronousBooleanNetwork.loadGraphFile()
[WARN] [] TCR-REDOX-METABOLOISM.zginml doesn't exist
2024-04-02 02:26:04 [JavaFX Application Thread] graph.SynchronousBooleanNetwork.loadGraphFile()
[WARN] [] TCR-REDOX-METABOLOISM.graphml doesn't exist
2024-04-02 02:26:04 [JavaFX Application Thread] graph.SynchronousBooleanNetwork.loadGraphFile()
[WARN] [] TCR-REDOX-METABOLOISM.zginml doesn't exist
2024-04-02 02:26:04 [JavaFX Application Thread] graph.SynchronousBooleanNetwork.loadGraphFile()
[WARN] [] TCR-REDOX-METABOLOISM.graphml doesn't exist
2024-04-02 02:26:04 [JavaFX Application Thread] graph.SynchronousBooleanNetwork.loadGraphFile()
[WARN] [] TCR-REDOX-METABOLOISM.zginml doesn't exist
2024-04-02 02:26:04 [JavaFX Application Thread] graph.SynchronousBooleanNetwork.loadGraphFile()
[WARN] [] TCR-REDOX-METABOLOISM.graphml doesn't exist
2024-04-02 02:26:04 [JavaFX Application Thread] graph.SynchronousBooleanNetwork.loadGraphFile()
[WARN] [] TCR-REDOX-METABOLOISM.zginml doesn't exist
2024-04-02 02:26:04 [JavaFX Application Thread] graph.SynchronousBooleanNetwork.loadGraphFile()
[WARN] [] TCR-REDOX-METABOLOISM.graphml doesn't exist
2024-04-02 02:26:04 [JavaFX Application Thread] graph.SynchronousBooleanNetwork.loadGraphFile()
[WARN] [] TCR-REDOX-METABOLOISM.zginml doesn't exist
2024-04-02 02:26:04 [JavaFX Application Thread] graph.SynchronousBooleanNetwork.loadGraphFile()
[WARN] [] TCR-REDOX-METABOLOISM.graphml doesn't exist
2024-04-02 02:26:04 [JavaFX Application Thread] graph.SynchronousBooleanNetwork.loadGraphFile()
[WARN] [] TCR-REDOX-METABOLOISM.zginml doesn't exist
2024-04-02 02:26:04 [JavaFX Application Thread] graph.SynchronousBooleanNetwork.loadGraphFile()
[WARN] [] TCR-REDOX-METABOLOISM.graphml doesn't exist
2024-04-02 02:26:04 [JavaFX Application Thread] graph.SynchronousBooleanNetwork.loadGraphFile()
[WARN] [] TCR-REDOX-METABOLOISM.zginml doesn't exist
2024-04-02 02:26:04 [JavaFX Application Thread] graph.SynchronousBooleanNetwork.loadGraphFile()
[WARN] [] TCR-REDOX-METABOLOISM.graphml doesn't exist
2024-04-02 02:26:04 [JavaFX Application Thread] graph.SynchronousBooleanNetwork.loadGraphFile()
[WARN] [] TCR-REDOX-METABOLOISM.zginml doesn't exist
2024-04-02 02:26:04 [JavaFX Application Thread] graph.SynchronousBooleanNetwork.loadGraphFile()
[WARN] [] TCR-REDOX-METABOLOISM.graphml doesn't exist
2024-04-02 02:26:04 [JavaFX Application Thread] graph.SynchronousBooleanNetwork.loadGraphFile()
[WARN] [] TCR-REDOX-METABOLOISM.zginml doesn't exist
2024-04-02 02:26:04 [JavaFX Application Thread] graph.SynchronousBooleanNetwork.loadGraphFile()
[WARN] [] TCR-REDOX-METABOLOISM.graphml doesn't exist
2024-04-02 02:26:04 [JavaFX Application Thread] graph.SynchronousBooleanNetwork.loadGraphFile()
[WARN] [] TCR-REDOX-METABOLOISM.zginml doesn't exist
2024-04-02 02:26:04 [JavaFX Application Thread] graph.SynchronousBooleanNetwork.loadGraphFile()
[WARN] [] TCR-REDOX-METABOLOISM.graphml doesn't exist
2024-04-02 02:26:04 [JavaFX Application Thread] graph.SynchronousBooleanNetwork.loadGraphFile()
[WARN] [] TCR-REDOX-METABOLOISM.zginml doesn't exist
2024-04-02 02:26:04 [JavaFX Application Thread] graph.SynchronousBooleanNetwork.loadGraphFile()
[WARN] [] TCR-REDOX-METABOLOISM.graphml doesn't exist
2024-04-02 02:26:04 [JavaFX Application Thread] graph.SynchronousBooleanNetwork.loadGraphFile()
[WARN] [] TCR-REDOX-METABOLOISM.zginml doesn't exist
2024-04-02 02:26:04 [JavaFX Application Thread] graph.SynchronousBooleanNetwork.loadGraphFile()
[WARN] [] TCR-REDOX-METABOLOISM.graphml doesn't exist
2024-04-02 02:26:04 [JavaFX Application Thread] graph.SynchronousBooleanNetwork.loadGraphFile()
[WARN] [] TCR-REDOX-METABOLOISM.zginml doesn't exist
2024-04-02 02:26:04 [JavaFX Application Thread] graph.SynchronousBooleanNetwork.loadGraphFile()
[WARN] [] TCR-REDOX-METABOLOISM.graphml doesn't exist
2024-04-02 02:26:04 [JavaFX Application Thread] graph.SynchronousBooleanNetwork.loadGraphFile()
[WARN] [] TCR-REDOX-METABOLOISM.zginml doesn't exist
2024-04-02 02:26:04 [JavaFX Application Thread] graph.SynchronousBooleanNetwork.loadGraphFile()
[WARN] [] TCR-REDOX-METABOLOISM.graphml doesn't exist
2024-04-02 02:26:04 [JavaFX Application Thread] graph.SynchronousBooleanNetwork.loadGraphFile()
[WARN] [] TCR-REDOX-METABOLOISM.zginml doesn't exist
2024-04-02 02:26:04 [JavaFX Application Thread] graph.SynchronousBooleanNetwork.loadGraphFile()
[WARN] [] TCR-REDOX-METABOLOISM.graphml doesn't exist
2024-04-02 02:26:04 [JavaFX Application Thread] graph.SynchronousBooleanNetwork.loadGraphFile()
[WARN] [] TCR-REDOX-METABOLOISM.zginml doesn't exist
2024-04-02 02:26:04 [JavaFX Application Thread] graph.SynchronousBooleanNetwork.loadGraphFile()
[WARN] [] TCR-REDOX-METABOLOISM.graphml doesn't exist
2024-04-02 02:26:04 [JavaFX Application Thread] graph.SynchronousBooleanNetwork.loadGraphFile()
[WARN] [] TCR-REDOX-METABOLOISM.zginml doesn't exist
2024-04-02 02:26:04 [JavaFX Application Thread] graph.SynchronousBooleanNetwork.loadGraphFile()
[WARN] [] TCR-REDOX-METABOLOISM.graphml doesn't exist
2024-04-02 02:26:04 [JavaFX Application Thread] graph.SynchronousBooleanNetwork.loadGraphFile()
[WARN] [] TCR-REDOX-METABOLOISM.zginml doesn't exist
2024-04-02 02:26:04 [JavaFX Application Thread] graph.SynchronousBooleanNetwork.loadGraphFile()
[WARN] [] TCR-REDOX-METABOLOISM.graphml doesn't exist
2024-04-02 02:26:04 [JavaFX Application Thread] graph.SynchronousBooleanNetwork.loadGraphFile()
[WARN] [] TCR-REDOX-METABOLOISM.zginml doesn't exist
2024-04-02 02:26:04 [JavaFX Application Thread] graph.SynchronousBooleanNetwork.loadGraphFile()
[WARN] [] TCR-REDOX-METABOLOISM.graphml doesn't exist
2024-04-02 02:26:04 [JavaFX Application Thread] graph.SynchronousBooleanNetwork.loadGraphFile()
[WARN] [] TCR-REDOX-METABOLOISM.zginml doesn't exist
2024-04-02 02:26:04 [JavaFX Application Thread] graph.SynchronousBooleanNetwork.loadGraphFile()
[WARN] [] TCR-REDOX-METABOLOISM.graphml doesn't exist
2024-04-02 02:26:04 [JavaFX Application Thread] graph.SynchronousBooleanNetwork.loadGraphFile()
[WARN] [] TCR-REDOX-METABOLOISM.zginml doesn't exist
2024-04-02 02:26:04 [JavaFX Application Thread] graph.SynchronousBooleanNetwork.loadGraphFile()
[WARN] [] TCR-REDOX-METABOLOISM.graphml doesn't exist
2024-04-02 02:26:04 [JavaFX Application Thread] graph.SynchronousBooleanNetwork.loadGraphFile()
[WARN] [] TCR-REDOX-METABOLOISM.zginml doesn't exist
2024-04-02 02:26:04 [JavaFX Application Thread] graph.SynchronousBooleanNetwork.loadGraphFile()
[WARN] [] TCR-REDOX-METABOLOISM.graphml doesn't exist
2024-04-02 02:26:04 [JavaFX Application Thread] graph.SynchronousBooleanNetwork.loadGraphFile()
[WARN] [] TCR-REDOX-METABOLOISM.zginml doesn't exist
2024-04-02 02:26:04 [JavaFX Application Thread] graph.SynchronousBooleanNetwork.loadGraphFile()
[WARN] [] TCR-REDOX-METABOLOISM.graphml doesn't exist
2024-04-02 02:26:04 [JavaFX Application Thread] graph.SynchronousBooleanNetwork.loadGraphFile()
[WARN] [] TCR-REDOX-METABOLOISM.zginml doesn't exist
2024-04-02 02:26:04 [JavaFX Application Thread] graph.SynchronousBooleanNetwork.loadGraphFile()
[WARN] [] TCR-REDOX-METABOLOISM.graphml doesn't exist
2024-04-02 02:26:04 [JavaFX Application Thread] graph.SynchronousBooleanNetwork.loadGraphFile()
[WARN] [] TCR-REDOX-METABOLOISM.zginml doesn't exist
2024-04-02 02:26:04 [JavaFX Application Thread] graph.SynchronousBooleanNetwork.loadGraphFile()
[WARN] [] TCR-REDOX-METABOLOISM.graphml doesn't exist
2024-04-02 02:26:04 [JavaFX Application Thread] graph.SynchronousBooleanNetwork.loadGraphFile()
[WARN] [] TCR-REDOX-METABOLOISM.zginml doesn't exist
2024-04-02 02:26:04 [JavaFX Application Thread] graph.SynchronousBooleanNetwork.loadGraphFile()
[WARN] [] TCR-REDOX-METABOLOISM.graphml doesn't exist
2024-04-02 02:26:04 [JavaFX Application Thread] graph.SynchronousBooleanNetwork.loadGraphFile()
[WARN] [] TCR-REDOX-METABOLOISM.zginml doesn't exist
2024-04-02 02:26:04 [JavaFX Application Thread] graph.SynchronousBooleanNetwork.loadGraphFile()
[WARN] [] TCR-REDOX-METABOLOISM.graphml doesn't exist
2024-04-02 02:26:04 [JavaFX Application Thread] graph.SynchronousBooleanNetwork.loadGraphFile()
[WARN] [] TCR-REDOX-METABOLOISM.zginml doesn't exist
2024-04-02 02:26:04 [JavaFX Application Thread] graph.SynchronousBooleanNetwork.loadGraphFile()
[WARN] [] TCR-REDOX-METABOLOISM.graphml doesn't exist
2024-04-02 02:26:04 [JavaFX Application Thread] graph.SynchronousBooleanNetwork.loadGraphFile()
[WARN] [] TCR-REDOX-METABOLOISM.zginml doesn't exist
2024-04-02 02:26:04 [JavaFX Application Thread] graph.SynchronousBooleanNetwork.loadGraphFile()
[WARN] [] TCR-REDOX-METABOLOISM.graphml doesn't exist
2024-04-02 02:26:04 [JavaFX Application Thread] graph.SynchronousBooleanNetwork.loadGraphFile()
[WARN] [] TCR-REDOX-METABOLOISM.zginml doesn't exist
2024-04-02 02:26:04 [JavaFX Application Thread] graph.SynchronousBooleanNetwork.loadGraphFile()
[WARN] [] TCR-REDOX-METABOLOISM.graphml doesn't exist
2024-04-02 02:26:04 [JavaFX Application Thread] graph.SynchronousBooleanNetwork.loadGraphFile()
[WARN] [] TCR-REDOX-METABOLOISM.zginml doesn't exist
2024-04-02 02:26:04 [JavaFX Application Thread] graph.SynchronousBooleanNetwork.loadGraphFile()
[WARN] [] TCR-REDOX-METABOLOISM.graphml doesn't exist
2024-04-02 02:26:04 [JavaFX Application Thread] graph.SynchronousBooleanNetwork.loadGraphFile()
[WARN] [] TCR-REDOX-METABOLOISM.zginml doesn't exist
2024-04-02 02:26:04 [JavaFX Application Thread] graph.SynchronousBooleanNetwork.loadGraphFile()
[WARN] [] TCR-REDOX-METABOLOISM.graphml doesn't exist
2024-04-02 02:26:04 [JavaFX Application Thread] graph.SynchronousBooleanNetwork.loadGraphFile()
[WARN] [] TCR-REDOX-METABOLOISM.zginml doesn't exist
2024-04-02 02:26:04 [JavaFX Application Thread] graph.SynchronousBooleanNetwork.loadGraphFile()
[WARN] [] TCR-REDOX-METABOLOISM.graphml doesn't exist
2024-04-02 02:26:04 [JavaFX Application Thread] graph.SynchronousBooleanNetwork.loadGraphFile()
[WARN] [] TCR-REDOX-METABOLOISM.zginml doesn't exist
2024-04-02 02:26:04 [JavaFX Application Thread] graph.SynchronousBooleanNetwork.loadGraphFile()
[WARN] [] TCR-REDOX-METABOLOISM.graphml doesn't exist
2024-04-02 02:26:04 [JavaFX Application Thread] graph.SynchronousBooleanNetwork.loadGraphFile()
[WARN] [] TCR-REDOX-METABOLOISM.zginml doesn't exist
2024-04-02 02:26:04 [JavaFX Application Thread] graph.SynchronousBooleanNetwork.loadGraphFile()
[WARN] [] TCR-REDOX-METABOLOISM.graphml doesn't exist
2024-04-02 02:26:04 [JavaFX Application Thread] graph.SynchronousBooleanNetwork.loadGraphFile()
[WARN] [] TCR-REDOX-METABOLOISM.zginml doesn't exist
2024-04-02 02:26:04 [JavaFX Application Thread] graph.SynchronousBooleanNetwork.loadGraphFile()
[WARN] [] TCR-REDOX-METABOLOISM.graphml doesn't exist
2024-04-02 02:26:04 [JavaFX Application Thread] graph.SynchronousBooleanNetwork.loadGraphFile()
[WARN] [] TCR-REDOX-METABOLOISM.zginml doesn't exist
2024-04-02 02:26:04 [JavaFX Application Thread] graph.SynchronousBooleanNetwork.loadGraphFile()
[WARN] [] TCR-REDOX-METABOLOISM.graphml doesn't exist
2024-04-02 02:26:04 [JavaFX Application Thread] graph.SynchronousBooleanNetwork.loadGraphFile()
[WARN] [] TCR-REDOX-METABOLOISM.zginml doesn't exist
2024-04-02 02:26:04 [JavaFX Application Thread] graph.SynchronousBooleanNetwork.loadGraphFile()
[WARN] [] TCR-REDOX-METABOLOISM.graphml doesn't exist
2024-04-02 02:26:04 [JavaFX Application Thread] graph.SynchronousBooleanNetwork.loadGraphFile()
[WARN] [] TCR-REDOX-METABOLOISM.zginml doesn't exist
2024-04-02 02:26:04 [JavaFX Application Thread] graph.SynchronousBooleanNetwork.loadGraphFile()
[WARN] [] TCR-REDOX-METABOLOISM.graphml doesn't exist
2024-04-02 02:26:04 [JavaFX Application Thread] graph.SynchronousBooleanNetwork.loadGraphFile()
[WARN] [] TCR-REDOX-METABOLOISM.zginml doesn't exist
2024-04-02 02:26:04 [JavaFX Application Thread] graph.SynchronousBooleanNetwork.loadGraphFile()
[WARN] [] TCR-REDOX-METABOLOISM.graphml doesn't exist
2024-04-02 02:26:04 [JavaFX Application Thread] graph.SynchronousBooleanNetwork.loadGraphFile()
[WARN] [] TCR-REDOX-METABOLOISM.zginml doesn't exist
2024-04-02 02:26:04 [JavaFX Application Thread] graph.SynchronousBooleanNetwork.loadGraphFile()
[WARN] [] TCR-REDOX-METABOLOISM.graphml doesn't exist
2024-04-02 02:26:04 [JavaFX Application Thread] graph.SynchronousBooleanNetwork.loadGraphFile()
[WARN] [] TCR-REDOX-METABOLOISM.zginml doesn't exist
2024-04-02 02:26:04 [JavaFX Application Thread] graph.SynchronousBooleanNetwork.loadGraphFile()
[WARN] [] TCR-REDOX-METABOLOISM.graphml doesn't exist
2024-04-02 02:26:04 [JavaFX Application Thread] graph.SynchronousBooleanNetwork.loadGraphFile()
[WARN] [] TCR-REDOX-METABOLOISM.zginml doesn't exist
2024-04-02 02:26:04 [JavaFX Application Thread] graph.SynchronousBooleanNetwork.loadGraphFile()
[WARN] [] TCR-REDOX-METABOLOISM.graphml doesn't exist
2024-04-02 02:26:04 [JavaFX Application Thread] graph.SynchronousBooleanNetwork.loadGraphFile()
[WARN] [] TCR-REDOX-METABOLOISM.zginml doesn't exist
2024-04-02 02:26:04 [JavaFX Application Thread] graph.SynchronousBooleanNetwork.loadGraphFile()
[WARN] [] TCR-REDOX-METABOLOISM.graphml doesn't exist
2024-04-02 02:26:04 [JavaFX Application Thread] graph.SynchronousBooleanNetwork.loadGraphFile()
[WARN] [] TCR-REDOX-METABOLOISM.zginml doesn't exist
2024-04-02 02:26:04 [JavaFX Application Thread] graph.SynchronousBooleanNetwork.loadGraphFile()
[WARN] [] TCR-REDOX-METABOLOISM.graphml doesn't exist
2024-04-02 02:26:04 [JavaFX Application Thread] graph.SynchronousBooleanNetwork.loadGraphFile()
[WARN] [] TCR-REDOX-METABOLOISM.zginml doesn't exist
2024-04-02 02:26:04 [JavaFX Application Thread] graph.SynchronousBooleanNetwork.loadGraphFile()
[WARN] [] TCR-REDOX-METABOLOISM.graphml doesn't exist
2024-04-02 02:26:04 [JavaFX Application Thread] graph.SynchronousBooleanNetwork.loadGraphFile()
[WARN] [] TCR-REDOX-METABOLOISM.zginml doesn't exist
2024-04-02 02:26:04 [JavaFX Application Thread] graph.SynchronousBooleanNetwork.loadGraphFile()
[WARN] [] TCR-REDOX-METABOLOISM.graphml doesn't exist
2024-04-02 02:26:04 [JavaFX Application Thread] graph.SynchronousBooleanNetwork.loadGraphFile()
[WARN] [] TCR-REDOX-METABOLOISM.zginml doesn't exist
2024-04-02 02:26:04 [JavaFX Application Thread] graph.SynchronousBooleanNetwork.loadGraphFile()
[WARN] [] TCR-REDOX-METABOLOISM.graphml doesn't exist
2024-04-02 02:26:04 [JavaFX Application Thread] graph.SynchronousBooleanNetwork.loadGraphFile()
[WARN] [] TCR-REDOX-METABOLOISM.zginml doesn't exist
2024-04-02 02:26:04 [JavaFX Application Thread] graph.SynchronousBooleanNetwork.loadGraphFile()
[WARN] [] TCR-REDOX-METABOLOISM.graphml doesn't exist
2024-04-02 02:26:04 [JavaFX Application Thread] graph.SynchronousBooleanNetwork.loadGraphFile()
[WARN] [] TCR-REDOX-METABOLOISM.zginml doesn't exist
2024-04-02 02:26:04 [JavaFX Application Thread] graph.SynchronousBooleanNetwork.loadGraphFile()
[WARN] [] TCR-REDOX-METABOLOISM.graphml doesn't exist
2024-04-02 02:26:04 [JavaFX Application Thread] graph.SynchronousBooleanNetwork.loadGraphFile()
[WARN] [] TCR-REDOX-METABOLOISM.zginml doesn't exist
2024-04-02 02:26:04 [JavaFX Application Thread] graph.SynchronousBooleanNetwork.loadGraphFile()
[WARN] [] TCR-REDOX-METABOLOISM.graphml doesn't exist
2024-04-02 02:26:04 [JavaFX Application Thread] graph.SynchronousBooleanNetwork.loadGraphFile()
[WARN] [] TCR-REDOX-METABOLOISM.zginml doesn't exist
2024-04-02 02:26:04 [JavaFX Application Thread] graph.SynchronousBooleanNetwork.loadGraphFile()
[WARN] [] TCR-REDOX-METABOLOISM.graphml doesn't exist
2024-04-02 02:26:04 [JavaFX Application Thread] graph.SynchronousBooleanNetwork.loadGraphFile()
[WARN] [] TCR-REDOX-METABOLOISM.zginml doesn't exist
2024-04-02 02:26:04 [JavaFX Application Thread] graph.SynchronousBooleanNetwork.loadGraphFile()
[WARN] [] TCR-REDOX-METABOLOISM.graphml doesn't exist
2024-04-02 02:26:04 [JavaFX Application Thread] graph.SynchronousBooleanNetwork.loadGraphFile()
[WARN] [] TCR-REDOX-METABOLOISM.zginml doesn't exist
2024-04-02 02:26:04 [JavaFX Application Thread] graph.SynchronousBooleanNetwork.loadGraphFile()
[WARN] [] TCR-REDOX-METABOLOISM.graphml doesn't exist
2024-04-02 02:26:04 [JavaFX Application Thread] graph.SynchronousBooleanNetwork.loadGraphFile()
[WARN] [] TCR-REDOX-METABOLOISM.zginml doesn't exist
2024-04-02 02:26:04 [JavaFX Application Thread] graph.SynchronousBooleanNetwork.loadGraphFile()
[WARN] [] TCR-REDOX-METABOLOISM.graphml doesn't exist
2024-04-02 02:26:04 [JavaFX Application Thread] graph.SynchronousBooleanNetwork.loadGraphFile()
[WARN] [] TCR-REDOX-METABOLOISM.zginml doesn't exist
2024-04-02 02:26:04 [JavaFX Application Thread] graph.SynchronousBooleanNetwork.loadGraphFile()
[WARN] [] TCR-REDOX-METABOLOISM.graphml doesn't exist
2024-04-02 02:26:04 [JavaFX Application Thread] graph.SynchronousBooleanNetwork.loadGraphFile()
[WARN] [] TCR-REDOX-METABOLOISM.zginml doesn't exist
2024-04-02 02:26:04 [JavaFX Application Thread] graph.SynchronousBooleanNetwork.loadGraphFile()
[WARN] [] TCR-REDOX-METABOLOISM.graphml doesn't exist
2024-04-02 02:26:04 [JavaFX Application Thread] graph.SynchronousBooleanNetwork.loadGraphFile()
[WARN] [] TCR-REDOX-METABOLOISM.zginml doesn't exist
2024-04-02 02:26:04 [JavaFX Application Thread] graph.SynchronousBooleanNetwork.loadGraphFile()
[WARN] [] TCR-REDOX-METABOLOISM.graphml doesn't exist
2024-04-02 02:26:04 [JavaFX Application Thread] graph.SynchronousBooleanNetwork.loadGraphFile()
[WARN] [] TCR-REDOX-METABOLOISM.zginml doesn't exist
2024-04-02 02:26:04 [JavaFX Application Thread] graph.SynchronousBooleanNetwork.loadGraphFile()
[WARN] [] TCR-REDOX-METABOLOISM.graphml doesn't exist
2024-04-02 02:26:04 [JavaFX Application Thread] graph.SynchronousBooleanNetwork.loadGraphFile()
[WARN] [] TCR-REDOX-METABOLOISM.zginml doesn't exist
2024-04-02 02:26:04 [JavaFX Application Thread] graph.SynchronousBooleanNetwork.loadGraphFile()
[WARN] [] TCR-REDOX-METABOLOISM.graphml doesn't exist
2024-04-02 02:26:04 [JavaFX Application Thread] graph.SynchronousBooleanNetwork.loadGraphFile()
[WARN] [] TCR-REDOX-METABOLOISM.zginml doesn't exist
2024-04-02 02:26:04 [JavaFX Application Thread] graph.SynchronousBooleanNetwork.loadGraphFile()
[WARN] [] TCR-REDOX-METABOLOISM.graphml doesn't exist
2024-04-02 02:26:04 [JavaFX Application Thread] graph.SynchronousBooleanNetwork.loadGraphFile()
[WARN] [] TCR-REDOX-METABOLOISM.zginml doesn't exist
2024-04-02 02:26:04 [JavaFX Application Thread] graph.SynchronousBooleanNetwork.loadGraphFile()
[WARN] [] TCR-REDOX-METABOLOISM.graphml doesn't exist
2024-04-02 02:26:04 [JavaFX Application Thread] graph.SynchronousBooleanNetwork.loadGraphFile()
[WARN] [] TCR-REDOX-METABOLOISM.zginml doesn't exist
2024-04-02 02:26:04 [JavaFX Application Thread] graph.SynchronousBooleanNetwork.loadGraphFile()
[WARN] [] TCR-REDOX-METABOLOISM.graphml doesn't exist
2024-04-02 02:26:04 [JavaFX Application Thread] graph.SynchronousBooleanNetwork.loadGraphFile()
[WARN] [] TCR-REDOX-METABOLOISM.zginml doesn't exist
2024-04-02 02:26:04 [JavaFX Application Thread] graph.SynchronousBooleanNetwork.loadGraphFile()
[WARN] [] TCR-REDOX-METABOLOISM.graphml doesn't exist
2024-04-02 02:26:04 [JavaFX Application Thread] graph.SynchronousBooleanNetwork.loadGraphFile()
[WARN] [] TCR-REDOX-METABOLOISM.zginml doesn't exist
2024-04-02 02:26:04 [JavaFX Application Thread] graph.SynchronousBooleanNetwork.loadGraphFile()
[WARN] [] TCR-REDOX-METABOLOISM.graphml doesn't exist
2024-04-02 02:26:04 [JavaFX Application Thread] graph.SynchronousBooleanNetwork.loadGraphFile()
[WARN] [] TCR-REDOX-METABOLOISM.zginml doesn't exist
2024-04-02 02:26:04 [JavaFX Application Thread] graph.SynchronousBooleanNetwork.loadGraphFile()
[WARN] [] TCR-REDOX-METABOLOISM.graphml doesn't exist
2024-04-02 02:26:04 [JavaFX Application Thread] graph.SynchronousBooleanNetwork.loadGraphFile()
[WARN] [] TCR-REDOX-METABOLOISM.zginml doesn't exist
2024-04-02 02:26:04 [JavaFX Application Thread] graph.SynchronousBooleanNetwork.loadGraphFile()
[WARN] [] TCR-REDOX-METABOLOISM.graphml doesn't exist
2024-04-02 02:26:04 [JavaFX Application Thread] graph.SynchronousBooleanNetwork.loadGraphFile()
[WARN] [] TCR-REDOX-METABOLOISM.zginml doesn't exist
2024-04-02 02:26:04 [JavaFX Application Thread] core.World.setup()
[INFO] [setup] tumor initiated
2024-04-02 02:26:04 [JavaFX Application Thread] core.World.setup()
[INFO] [setup] diffusion model initiated
