2024-04-02 02:22:18 [JavaFX Application Thread] core.SettingsProvider.load()
[INFO] [] user settings loaded
2024-04-02 02:22:18 [JavaFX Application Thread] core.World.<init>()
[INFO] [setup] world initiated
2024-04-02 02:22:21 [JavaFX Application Thread] graph.SynchronousBooleanNetwork.loadGraphFile()
[WARN] [] TCR_REDOX_METABOLOISM.graphml doesn't exist
2024-04-02 02:22:21 [JavaFX Application Thread] graph.SynchronousBooleanNetwork.loadGraphFile()
[WARN] [] TCR_REDOX_METABOLOISM.zginml doesn't exist
2024-04-02 02:22:21 [JavaFX Application Thread] graph.SynchronousBooleanNetwork.loadGraphFile()
[WARN] [] TCR_REDOX_METABOLOISM.graphml doesn't exist
2024-04-02 02:22:21 [JavaFX Application Thread] graph.SynchronousBooleanNetwork.loadGraphFile()
[WARN] [] TCR_REDOX_METABOLOISM.zginml doesn't exist
2024-04-02 02:22:21 [JavaFX Application Thread] graph.SynchronousBooleanNetwork.loadGraphFile()
[WARN] [] TCR_REDOX_METABOLOISM.graphml doesn't exist
2024-04-02 02:22:21 [JavaFX Application Thread] graph.SynchronousBooleanNetwork.loadGraphFile()
[WARN] [] TCR_REDOX_METABOLOISM.zginml doesn't exist
2024-04-02 02:22:21 [JavaFX Application Thread] graph.SynchronousBooleanNetwork.loadGraphFile()
[WARN] [] TCR_REDOX_METABOLOISM.graphml doesn't exist
2024-04-02 02:22:21 [JavaFX Application Thread] graph.SynchronousBooleanNetwork.loadGraphFile()
[WARN] [] TCR_REDOX_METABOLOISM.zginml doesn't exist
2024-04-02 02:22:21 [JavaFX Application Thread] graph.SynchronousBooleanNetwork.loadGraphFile()
[WARN] [] TCR_REDOX_METABOLOISM.graphml doesn't exist
2024-04-02 02:22:21 [JavaFX Application Thread] graph.SynchronousBooleanNetwork.loadGraphFile()
[WARN] [] TCR_REDOX_METABOLOISM.zginml doesn't exist
2024-04-02 02:22:21 [JavaFX Application Thread] graph.SynchronousBooleanNetwork.loadGraphFile()
[WARN] [] TCR_REDOX_METABOLOISM.graphml doesn't exist
2024-04-02 02:22:21 [JavaFX Application Thread] graph.SynchronousBooleanNetwork.loadGraphFile()
[WARN] [] TCR_REDOX_METABOLOISM.zginml doesn't exist
2024-04-02 02:22:21 [JavaFX Application Thread] graph.SynchronousBooleanNetwork.loadGraphFile()
[WARN] [] TCR_REDOX_METABOLOISM.graphml doesn't exist
2024-04-02 02:22:21 [JavaFX Application Thread] graph.SynchronousBooleanNetwork.loadGraphFile()
[WARN] [] TCR_REDOX_METABOLOISM.zginml doesn't exist
2024-04-02 02:22:21 [JavaFX Application Thread] graph.SynchronousBooleanNetwork.loadGraphFile()
[WARN] [] TCR_REDOX_METABOLOISM.graphml doesn't exist
2024-04-02 02:22:21 [JavaFX Application Thread] graph.SynchronousBooleanNetwork.loadGraphFile()
[WARN] [] TCR_REDOX_METABOLOISM.zginml doesn't exist
2024-04-02 02:22:21 [JavaFX Application Thread] graph.SynchronousBooleanNetwork.loadGraphFile()
[WARN] [] TCR_REDOX_METABOLOISM.graphml doesn't exist
2024-04-02 02:22:21 [JavaFX Application Thread] graph.SynchronousBooleanNetwork.loadGraphFile()
[WARN] [] TCR_REDOX_METABOLOISM.zginml doesn't exist
2024-04-02 02:22:21 [JavaFX Application Thread] graph.SynchronousBooleanNetwork.loadGraphFile()
[WARN] [] TCR_REDOX_METABOLOISM.graphml doesn't exist
2024-04-02 02:22:21 [JavaFX Application Thread] graph.SynchronousBooleanNetwork.loadGraphFile()
[WARN] [] TCR_REDOX_METABOLOISM.zginml doesn't exist
2024-04-02 02:22:21 [JavaFX Application Thread] graph.SynchronousBooleanNetwork.loadGraphFile()
[WARN] [] TCR_REDOX_METABOLOISM.graphml doesn't exist
2024-04-02 02:22:21 [JavaFX Application Thread] graph.SynchronousBooleanNetwork.loadGraphFile()
[WARN] [] TCR_REDOX_METABOLOISM.zginml doesn't exist
2024-04-02 02:22:21 [JavaFX Application Thread] graph.SynchronousBooleanNetwork.loadGraphFile()
[WARN] [] TCR_REDOX_METABOLOISM.graphml doesn't exist
2024-04-02 02:22:21 [JavaFX Application Thread] graph.SynchronousBooleanNetwork.loadGraphFile()
[WARN] [] TCR_REDOX_METABOLOISM.zginml doesn't exist
2024-04-02 02:22:21 [JavaFX Application Thread] graph.SynchronousBooleanNetwork.loadGraphFile()
[WARN] [] TCR_REDOX_METABOLOISM.graphml doesn't exist
2024-04-02 02:22:21 [JavaFX Application Thread] graph.SynchronousBooleanNetwork.loadGraphFile()
[WARN] [] TCR_REDOX_METABOLOISM.zginml doesn't exist
2024-04-02 02:22:21 [JavaFX Application Thread] graph.SynchronousBooleanNetwork.loadGraphFile()
[WARN] [] TCR_REDOX_METABOLOISM.graphml doesn't exist
2024-04-02 02:22:21 [JavaFX Application Thread] graph.SynchronousBooleanNetwork.loadGraphFile()
[WARN] [] TCR_REDOX_METABOLOISM.zginml doesn't exist
2024-04-02 02:22:21 [JavaFX Application Thread] graph.SynchronousBooleanNetwork.loadGraphFile()
[WARN] [] TCR_REDOX_METABOLOISM.graphml doesn't exist
2024-04-02 02:22:21 [JavaFX Application Thread] graph.SynchronousBooleanNetwork.loadGraphFile()
[WARN] [] TCR_REDOX_METABOLOISM.zginml doesn't exist
2024-04-02 02:22:21 [JavaFX Application Thread] graph.SynchronousBooleanNetwork.loadGraphFile()
[WARN] [] TCR_REDOX_METABOLOISM.graphml doesn't exist
2024-04-02 02:22:21 [JavaFX Application Thread] graph.SynchronousBooleanNetwork.loadGraphFile()
[WARN] [] TCR_REDOX_METABOLOISM.zginml doesn't exist
2024-04-02 02:22:21 [JavaFX Application Thread] graph.SynchronousBooleanNetwork.loadGraphFile()
[WARN] [] TCR_REDOX_METABOLOISM.graphml doesn't exist
2024-04-02 02:22:21 [JavaFX Application Thread] graph.SynchronousBooleanNetwork.loadGraphFile()
[WARN] [] TCR_REDOX_METABOLOISM.zginml doesn't exist
2024-04-02 02:22:21 [JavaFX Application Thread] graph.SynchronousBooleanNetwork.loadGraphFile()
[WARN] [] TCR_REDOX_METABOLOISM.graphml doesn't exist
2024-04-02 02:22:21 [JavaFX Application Thread] graph.SynchronousBooleanNetwork.loadGraphFile()
[WARN] [] TCR_REDOX_METABOLOISM.zginml doesn't exist
2024-04-02 02:22:21 [JavaFX Application Thread] graph.SynchronousBooleanNetwork.loadGraphFile()
[WARN] [] TCR_REDOX_METABOLOISM.graphml doesn't exist
2024-04-02 02:22:21 [JavaFX Application Thread] graph.SynchronousBooleanNetwork.loadGraphFile()
[WARN] [] TCR_REDOX_METABOLOISM.zginml doesn't exist
2024-04-02 02:22:21 [JavaFX Application Thread] graph.SynchronousBooleanNetwork.loadGraphFile()
[WARN] [] TCR_REDOX_METABOLOISM.graphml doesn't exist
2024-04-02 02:22:21 [JavaFX Application Thread] graph.SynchronousBooleanNetwork.loadGraphFile()
[WARN] [] TCR_REDOX_METABOLOISM.zginml doesn't exist
2024-04-02 02:22:21 [JavaFX Application Thread] graph.SynchronousBooleanNetwork.loadGraphFile()
[WARN] [] TCR_REDOX_METABOLOISM.graphml doesn't exist
2024-04-02 02:22:21 [JavaFX Application Thread] graph.SynchronousBooleanNetwork.loadGraphFile()
[WARN] [] TCR_REDOX_METABOLOISM.zginml doesn't exist
2024-04-02 02:22:21 [JavaFX Application Thread] graph.SynchronousBooleanNetwork.loadGraphFile()
[WARN] [] TCR_REDOX_METABOLOISM.graphml doesn't exist
2024-04-02 02:22:21 [JavaFX Application Thread] graph.SynchronousBooleanNetwork.loadGraphFile()
[WARN] [] TCR_REDOX_METABOLOISM.zginml doesn't exist
2024-04-02 02:22:21 [JavaFX Application Thread] graph.SynchronousBooleanNetwork.loadGraphFile()
[WARN] [] TCR_REDOX_METABOLOISM.graphml doesn't exist
2024-04-02 02:22:21 [JavaFX Application Thread] graph.SynchronousBooleanNetwork.loadGraphFile()
[WARN] [] TCR_REDOX_METABOLOISM.zginml doesn't exist
2024-04-02 02:22:21 [JavaFX Application Thread] graph.SynchronousBooleanNetwork.loadGraphFile()
[WARN] [] TCR_REDOX_METABOLOISM.graphml doesn't exist
2024-04-02 02:22:21 [JavaFX Application Thread] graph.SynchronousBooleanNetwork.loadGraphFile()
[WARN] [] TCR_REDOX_METABOLOISM.zginml doesn't exist
2024-04-02 02:22:21 [JavaFX Application Thread] graph.SynchronousBooleanNetwork.loadGraphFile()
[WARN] [] TCR_REDOX_METABOLOISM.graphml doesn't exist
2024-04-02 02:22:21 [JavaFX Application Thread] graph.SynchronousBooleanNetwork.loadGraphFile()
[WARN] [] TCR_REDOX_METABOLOISM.zginml doesn't exist
2024-04-02 02:22:21 [JavaFX Application Thread] graph.SynchronousBooleanNetwork.loadGraphFile()
[WARN] [] TCR_REDOX_METABOLOISM.graphml doesn't exist
2024-04-02 02:22:21 [JavaFX Application Thread] graph.SynchronousBooleanNetwork.loadGraphFile()
[WARN] [] TCR_REDOX_METABOLOISM.zginml doesn't exist
2024-04-02 02:22:21 [JavaFX Application Thread] graph.SynchronousBooleanNetwork.loadGraphFile()
[WARN] [] TCR_REDOX_METABOLOISM.graphml doesn't exist
2024-04-02 02:22:21 [JavaFX Application Thread] graph.SynchronousBooleanNetwork.loadGraphFile()
[WARN] [] TCR_REDOX_METABOLOISM.zginml doesn't exist
2024-04-02 02:22:21 [JavaFX Application Thread] graph.SynchronousBooleanNetwork.loadGraphFile()
[WARN] [] TCR_REDOX_METABOLOISM.graphml doesn't exist
2024-04-02 02:22:21 [JavaFX Application Thread] graph.SynchronousBooleanNetwork.loadGraphFile()
[WARN] [] TCR_REDOX_METABOLOISM.zginml doesn't exist
2024-04-02 02:22:21 [JavaFX Application Thread] graph.SynchronousBooleanNetwork.loadGraphFile()
[WARN] [] TCR_REDOX_METABOLOISM.graphml doesn't exist
2024-04-02 02:22:21 [JavaFX Application Thread] graph.SynchronousBooleanNetwork.loadGraphFile()
[WARN] [] TCR_REDOX_METABOLOISM.zginml doesn't exist
2024-04-02 02:22:21 [JavaFX Application Thread] graph.SynchronousBooleanNetwork.loadGraphFile()
[WARN] [] TCR_REDOX_METABOLOISM.graphml doesn't exist
2024-04-02 02:22:21 [JavaFX Application Thread] graph.SynchronousBooleanNetwork.loadGraphFile()
[WARN] [] TCR_REDOX_METABOLOISM.zginml doesn't exist
2024-04-02 02:22:21 [JavaFX Application Thread] graph.SynchronousBooleanNetwork.loadGraphFile()
[WARN] [] TCR_REDOX_METABOLOISM.graphml doesn't exist
2024-04-02 02:22:21 [JavaFX Application Thread] graph.SynchronousBooleanNetwork.loadGraphFile()
[WARN] [] TCR_REDOX_METABOLOISM.zginml doesn't exist
2024-04-02 02:22:21 [JavaFX Application Thread] graph.SynchronousBooleanNetwork.loadGraphFile()
[WARN] [] TCR_REDOX_METABOLOISM.graphml doesn't exist
2024-04-02 02:22:21 [JavaFX Application Thread] graph.SynchronousBooleanNetwork.loadGraphFile()
[WARN] [] TCR_REDOX_METABOLOISM.zginml doesn't exist
2024-04-02 02:22:21 [JavaFX Application Thread] graph.SynchronousBooleanNetwork.loadGraphFile()
[WARN] [] TCR_REDOX_METABOLOISM.graphml doesn't exist
2024-04-02 02:22:21 [JavaFX Application Thread] graph.SynchronousBooleanNetwork.loadGraphFile()
[WARN] [] TCR_REDOX_METABOLOISM.zginml doesn't exist
2024-04-02 02:22:21 [JavaFX Application Thread] graph.SynchronousBooleanNetwork.loadGraphFile()
[WARN] [] TCR_REDOX_METABOLOISM.graphml doesn't exist
2024-04-02 02:22:21 [JavaFX Application Thread] graph.SynchronousBooleanNetwork.loadGraphFile()
[WARN] [] TCR_REDOX_METABOLOISM.zginml doesn't exist
2024-04-02 02:22:21 [JavaFX Application Thread] graph.SynchronousBooleanNetwork.loadGraphFile()
[WARN] [] TCR_REDOX_METABOLOISM.graphml doesn't exist
2024-04-02 02:22:21 [JavaFX Application Thread] graph.SynchronousBooleanNetwork.loadGraphFile()
[WARN] [] TCR_REDOX_METABOLOISM.zginml doesn't exist
2024-04-02 02:22:21 [JavaFX Application Thread] graph.SynchronousBooleanNetwork.loadGraphFile()
[WARN] [] TCR_REDOX_METABOLOISM.graphml doesn't exist
2024-04-02 02:22:21 [JavaFX Application Thread] graph.SynchronousBooleanNetwork.loadGraphFile()
[WARN] [] TCR_REDOX_METABOLOISM.zginml doesn't exist
2024-04-02 02:22:21 [JavaFX Application Thread] graph.SynchronousBooleanNetwork.loadGraphFile()
[WARN] [] TCR_REDOX_METABOLOISM.graphml doesn't exist
2024-04-02 02:22:21 [JavaFX Application Thread] graph.SynchronousBooleanNetwork.loadGraphFile()
[WARN] [] TCR_REDOX_METABOLOISM.zginml doesn't exist
2024-04-02 02:22:21 [JavaFX Application Thread] graph.SynchronousBooleanNetwork.loadGraphFile()
[WARN] [] TCR_REDOX_METABOLOISM.graphml doesn't exist
2024-04-02 02:22:21 [JavaFX Application Thread] graph.SynchronousBooleanNetwork.loadGraphFile()
[WARN] [] TCR_REDOX_METABOLOISM.zginml doesn't exist
2024-04-02 02:22:21 [JavaFX Application Thread] graph.SynchronousBooleanNetwork.loadGraphFile()
[WARN] [] TCR_REDOX_METABOLOISM.graphml doesn't exist
2024-04-02 02:22:21 [JavaFX Application Thread] graph.SynchronousBooleanNetwork.loadGraphFile()
[WARN] [] TCR_REDOX_METABOLOISM.zginml doesn't exist
2024-04-02 02:22:21 [JavaFX Application Thread] graph.SynchronousBooleanNetwork.loadGraphFile()
[WARN] [] TCR_REDOX_METABOLOISM.graphml doesn't exist
2024-04-02 02:22:21 [JavaFX Application Thread] graph.SynchronousBooleanNetwork.loadGraphFile()
[WARN] [] TCR_REDOX_METABOLOISM.zginml doesn't exist
2024-04-02 02:22:21 [JavaFX Application Thread] graph.SynchronousBooleanNetwork.loadGraphFile()
[WARN] [] TCR_REDOX_METABOLOISM.graphml doesn't exist
2024-04-02 02:22:21 [JavaFX Application Thread] graph.SynchronousBooleanNetwork.loadGraphFile()
[WARN] [] TCR_REDOX_METABOLOISM.zginml doesn't exist
2024-04-02 02:22:21 [JavaFX Application Thread] graph.SynchronousBooleanNetwork.loadGraphFile()
[WARN] [] TCR_REDOX_METABOLOISM.graphml doesn't exist
2024-04-02 02:22:21 [JavaFX Application Thread] graph.SynchronousBooleanNetwork.loadGraphFile()
[WARN] [] TCR_REDOX_METABOLOISM.zginml doesn't exist
2024-04-02 02:22:21 [JavaFX Application Thread] graph.SynchronousBooleanNetwork.loadGraphFile()
[WARN] [] TCR_REDOX_METABOLOISM.graphml doesn't exist
2024-04-02 02:22:21 [JavaFX Application Thread] graph.SynchronousBooleanNetwork.loadGraphFile()
[WARN] [] TCR_REDOX_METABOLOISM.zginml doesn't exist
2024-04-02 02:22:21 [JavaFX Application Thread] graph.SynchronousBooleanNetwork.loadGraphFile()
[WARN] [] TCR_REDOX_METABOLOISM.graphml doesn't exist
2024-04-02 02:22:21 [JavaFX Application Thread] graph.SynchronousBooleanNetwork.loadGraphFile()
[WARN] [] TCR_REDOX_METABOLOISM.zginml doesn't exist
2024-04-02 02:22:21 [JavaFX Application Thread] graph.SynchronousBooleanNetwork.loadGraphFile()
[WARN] [] TCR_REDOX_METABOLOISM.graphml doesn't exist
2024-04-02 02:22:21 [JavaFX Application Thread] graph.SynchronousBooleanNetwork.loadGraphFile()
[WARN] [] TCR_REDOX_METABOLOISM.zginml doesn't exist
2024-04-02 02:22:21 [JavaFX Application Thread] graph.SynchronousBooleanNetwork.loadGraphFile()
[WARN] [] TCR_REDOX_METABOLOISM.graphml doesn't exist
2024-04-02 02:22:21 [JavaFX Application Thread] graph.SynchronousBooleanNetwork.loadGraphFile()
[WARN] [] TCR_REDOX_METABOLOISM.zginml doesn't exist
2024-04-02 02:22:21 [JavaFX Application Thread] graph.SynchronousBooleanNetwork.loadGraphFile()
[WARN] [] TCR_REDOX_METABOLOISM.graphml doesn't exist
2024-04-02 02:22:21 [JavaFX Application Thread] graph.SynchronousBooleanNetwork.loadGraphFile()
[WARN] [] TCR_REDOX_METABOLOISM.zginml doesn't exist
2024-04-02 02:22:21 [JavaFX Application Thread] graph.SynchronousBooleanNetwork.loadGraphFile()
[WARN] [] TCR_REDOX_METABOLOISM.graphml doesn't exist
2024-04-02 02:22:21 [JavaFX Application Thread] graph.SynchronousBooleanNetwork.loadGraphFile()
[WARN] [] TCR_REDOX_METABOLOISM.zginml doesn't exist
2024-04-02 02:22:21 [JavaFX Application Thread] graph.SynchronousBooleanNetwork.loadGraphFile()
[WARN] [] TCR_REDOX_METABOLOISM.graphml doesn't exist
2024-04-02 02:22:21 [JavaFX Application Thread] graph.SynchronousBooleanNetwork.loadGraphFile()
[WARN] [] TCR_REDOX_METABOLOISM.zginml doesn't exist
2024-04-02 02:22:21 [JavaFX Application Thread] graph.SynchronousBooleanNetwork.loadGraphFile()
[WARN] [] TCR_REDOX_METABOLOISM.graphml doesn't exist
2024-04-02 02:22:21 [JavaFX Application Thread] graph.SynchronousBooleanNetwork.loadGraphFile()
[WARN] [] TCR_REDOX_METABOLOISM.zginml doesn't exist
2024-04-02 02:22:21 [JavaFX Application Thread] graph.SynchronousBooleanNetwork.loadGraphFile()
[WARN] [] TCR_REDOX_METABOLOISM.graphml doesn't exist
2024-04-02 02:22:21 [JavaFX Application Thread] graph.SynchronousBooleanNetwork.loadGraphFile()
[WARN] [] TCR_REDOX_METABOLOISM.zginml doesn't exist
2024-04-02 02:22:21 [JavaFX Application Thread] graph.SynchronousBooleanNetwork.loadGraphFile()
[WARN] [] TCR_REDOX_METABOLOISM.graphml doesn't exist
2024-04-02 02:22:21 [JavaFX Application Thread] graph.SynchronousBooleanNetwork.loadGraphFile()
[WARN] [] TCR_REDOX_METABOLOISM.zginml doesn't exist
2024-04-02 02:22:21 [JavaFX Application Thread] graph.SynchronousBooleanNetwork.loadGraphFile()
[WARN] [] TCR_REDOX_METABOLOISM.graphml doesn't exist
2024-04-02 02:22:21 [JavaFX Application Thread] graph.SynchronousBooleanNetwork.loadGraphFile()
[WARN] [] TCR_REDOX_METABOLOISM.zginml doesn't exist
2024-04-02 02:22:21 [JavaFX Application Thread] graph.SynchronousBooleanNetwork.loadGraphFile()
[WARN] [] TCR_REDOX_METABOLOISM.graphml doesn't exist
2024-04-02 02:22:21 [JavaFX Application Thread] graph.SynchronousBooleanNetwork.loadGraphFile()
[WARN] [] TCR_REDOX_METABOLOISM.zginml doesn't exist
2024-04-02 02:22:21 [JavaFX Application Thread] graph.SynchronousBooleanNetwork.loadGraphFile()
[WARN] [] TCR_REDOX_METABOLOISM.graphml doesn't exist
2024-04-02 02:22:21 [JavaFX Application Thread] graph.SynchronousBooleanNetwork.loadGraphFile()
[WARN] [] TCR_REDOX_METABOLOISM.zginml doesn't exist
2024-04-02 02:22:21 [JavaFX Application Thread] graph.SynchronousBooleanNetwork.loadGraphFile()
[WARN] [] TCR_REDOX_METABOLOISM.graphml doesn't exist
2024-04-02 02:22:21 [JavaFX Application Thread] graph.SynchronousBooleanNetwork.loadGraphFile()
[WARN] [] TCR_REDOX_METABOLOISM.zginml doesn't exist
2024-04-02 02:22:21 [JavaFX Application Thread] graph.SynchronousBooleanNetwork.loadGraphFile()
[WARN] [] TCR_REDOX_METABOLOISM.graphml doesn't exist
2024-04-02 02:22:21 [JavaFX Application Thread] graph.SynchronousBooleanNetwork.loadGraphFile()
[WARN] [] TCR_REDOX_METABOLOISM.zginml doesn't exist
2024-04-02 02:22:21 [JavaFX Application Thread] graph.SynchronousBooleanNetwork.loadGraphFile()
[WARN] [] TCR_REDOX_METABOLOISM.graphml doesn't exist
2024-04-02 02:22:21 [JavaFX Application Thread] graph.SynchronousBooleanNetwork.loadGraphFile()
[WARN] [] TCR_REDOX_METABOLOISM.zginml doesn't exist
2024-04-02 02:22:21 [JavaFX Application Thread] graph.SynchronousBooleanNetwork.loadGraphFile()
[WARN] [] TCR_REDOX_METABOLOISM.graphml doesn't exist
2024-04-02 02:22:21 [JavaFX Application Thread] graph.SynchronousBooleanNetwork.loadGraphFile()
[WARN] [] TCR_REDOX_METABOLOISM.zginml doesn't exist
2024-04-02 02:22:21 [JavaFX Application Thread] graph.SynchronousBooleanNetwork.loadGraphFile()
[WARN] [] TCR_REDOX_METABOLOISM.graphml doesn't exist
2024-04-02 02:22:21 [JavaFX Application Thread] graph.SynchronousBooleanNetwork.loadGraphFile()
[WARN] [] TCR_REDOX_METABOLOISM.zginml doesn't exist
2024-04-02 02:22:21 [JavaFX Application Thread] graph.SynchronousBooleanNetwork.loadGraphFile()
[WARN] [] TCR_REDOX_METABOLOISM.graphml doesn't exist
2024-04-02 02:22:21 [JavaFX Application Thread] graph.SynchronousBooleanNetwork.loadGraphFile()
[WARN] [] TCR_REDOX_METABOLOISM.zginml doesn't exist
2024-04-02 02:22:21 [JavaFX Application Thread] graph.SynchronousBooleanNetwork.loadGraphFile()
[WARN] [] TCR_REDOX_METABOLOISM.graphml doesn't exist
2024-04-02 02:22:21 [JavaFX Application Thread] graph.SynchronousBooleanNetwork.loadGraphFile()
[WARN] [] TCR_REDOX_METABOLOISM.zginml doesn't exist
2024-04-02 02:22:21 [JavaFX Application Thread] graph.SynchronousBooleanNetwork.loadGraphFile()
[WARN] [] TCR_REDOX_METABOLOISM.graphml doesn't exist
2024-04-02 02:22:21 [JavaFX Application Thread] graph.SynchronousBooleanNetwork.loadGraphFile()
[WARN] [] TCR_REDOX_METABOLOISM.zginml doesn't exist
2024-04-02 02:22:21 [JavaFX Application Thread] graph.SynchronousBooleanNetwork.loadGraphFile()
[WARN] [] TCR_REDOX_METABOLOISM.graphml doesn't exist
2024-04-02 02:22:21 [JavaFX Application Thread] graph.SynchronousBooleanNetwork.loadGraphFile()
[WARN] [] TCR_REDOX_METABOLOISM.zginml doesn't exist
2024-04-02 02:22:21 [JavaFX Application Thread] graph.SynchronousBooleanNetwork.loadGraphFile()
[WARN] [] TCR_REDOX_METABOLOISM.graphml doesn't exist
2024-04-02 02:22:21 [JavaFX Application Thread] graph.SynchronousBooleanNetwork.loadGraphFile()
[WARN] [] TCR_REDOX_METABOLOISM.zginml doesn't exist
2024-04-02 02:22:21 [JavaFX Application Thread] graph.SynchronousBooleanNetwork.loadGraphFile()
[WARN] [] TCR_REDOX_METABOLOISM.graphml doesn't exist
2024-04-02 02:22:21 [JavaFX Application Thread] graph.SynchronousBooleanNetwork.loadGraphFile()
[WARN] [] TCR_REDOX_METABOLOISM.zginml doesn't exist
2024-04-02 02:22:21 [JavaFX Application Thread] graph.SynchronousBooleanNetwork.loadGraphFile()
[WARN] [] TCR_REDOX_METABOLOISM.graphml doesn't exist
2024-04-02 02:22:21 [JavaFX Application Thread] graph.SynchronousBooleanNetwork.loadGraphFile()
[WARN] [] TCR_REDOX_METABOLOISM.zginml doesn't exist
2024-04-02 02:22:21 [JavaFX Application Thread] graph.SynchronousBooleanNetwork.loadGraphFile()
[WARN] [] TCR_REDOX_METABOLOISM.graphml doesn't exist
2024-04-02 02:22:21 [JavaFX Application Thread] graph.SynchronousBooleanNetwork.loadGraphFile()
[WARN] [] TCR_REDOX_METABOLOISM.zginml doesn't exist
2024-04-02 02:22:21 [JavaFX Application Thread] graph.SynchronousBooleanNetwork.loadGraphFile()
[WARN] [] TCR_REDOX_METABOLOISM.graphml doesn't exist
2024-04-02 02:22:21 [JavaFX Application Thread] graph.SynchronousBooleanNetwork.loadGraphFile()
[WARN] [] TCR_REDOX_METABOLOISM.zginml doesn't exist
2024-04-02 02:22:21 [JavaFX Application Thread] graph.SynchronousBooleanNetwork.loadGraphFile()
[WARN] [] TCR_REDOX_METABOLOISM.graphml doesn't exist
2024-04-02 02:22:21 [JavaFX Application Thread] graph.SynchronousBooleanNetwork.loadGraphFile()
[WARN] [] TCR_REDOX_METABOLOISM.zginml doesn't exist
2024-04-02 02:22:21 [JavaFX Application Thread] graph.SynchronousBooleanNetwork.loadGraphFile()
[WARN] [] TCR_REDOX_METABOLOISM.graphml doesn't exist
2024-04-02 02:22:21 [JavaFX Application Thread] graph.SynchronousBooleanNetwork.loadGraphFile()
[WARN] [] TCR_REDOX_METABOLOISM.zginml doesn't exist
2024-04-02 02:22:21 [JavaFX Application Thread] graph.SynchronousBooleanNetwork.loadGraphFile()
[WARN] [] TCR_REDOX_METABOLOISM.graphml doesn't exist
2024-04-02 02:22:21 [JavaFX Application Thread] graph.SynchronousBooleanNetwork.loadGraphFile()
[WARN] [] TCR_REDOX_METABOLOISM.zginml doesn't exist
2024-04-02 02:22:21 [JavaFX Application Thread] graph.SynchronousBooleanNetwork.loadGraphFile()
[WARN] [] TCR_REDOX_METABOLOISM.graphml doesn't exist
2024-04-02 02:22:21 [JavaFX Application Thread] graph.SynchronousBooleanNetwork.loadGraphFile()
[WARN] [] TCR_REDOX_METABOLOISM.zginml doesn't exist
2024-04-02 02:22:21 [JavaFX Application Thread] graph.SynchronousBooleanNetwork.loadGraphFile()
[WARN] [] TCR_REDOX_METABOLOISM.graphml doesn't exist
2024-04-02 02:22:21 [JavaFX Application Thread] graph.SynchronousBooleanNetwork.loadGraphFile()
[WARN] [] TCR_REDOX_METABOLOISM.zginml doesn't exist
2024-04-02 02:22:21 [JavaFX Application Thread] graph.SynchronousBooleanNetwork.loadGraphFile()
[WARN] [] TCR_REDOX_METABOLOISM.graphml doesn't exist
2024-04-02 02:22:21 [JavaFX Application Thread] graph.SynchronousBooleanNetwork.loadGraphFile()
[WARN] [] TCR_REDOX_METABOLOISM.zginml doesn't exist
2024-04-02 02:22:21 [JavaFX Application Thread] graph.SynchronousBooleanNetwork.loadGraphFile()
[WARN] [] TCR_REDOX_METABOLOISM.graphml doesn't exist
2024-04-02 02:22:21 [JavaFX Application Thread] graph.SynchronousBooleanNetwork.loadGraphFile()
[WARN] [] TCR_REDOX_METABOLOISM.zginml doesn't exist
2024-04-02 02:22:21 [JavaFX Application Thread] graph.SynchronousBooleanNetwork.loadGraphFile()
[WARN] [] TCR_REDOX_METABOLOISM.graphml doesn't exist
2024-04-02 02:22:21 [JavaFX Application Thread] graph.SynchronousBooleanNetwork.loadGraphFile()
[WARN] [] TCR_REDOX_METABOLOISM.zginml doesn't exist
2024-04-02 02:22:21 [JavaFX Application Thread] graph.SynchronousBooleanNetwork.loadGraphFile()
[WARN] [] TCR_REDOX_METABOLOISM.graphml doesn't exist
2024-04-02 02:22:21 [JavaFX Application Thread] graph.SynchronousBooleanNetwork.loadGraphFile()
[WARN] [] TCR_REDOX_METABOLOISM.zginml doesn't exist
2024-04-02 02:22:21 [JavaFX Application Thread] graph.SynchronousBooleanNetwork.loadGraphFile()
[WARN] [] TCR_REDOX_METABOLOISM.graphml doesn't exist
2024-04-02 02:22:21 [JavaFX Application Thread] graph.SynchronousBooleanNetwork.loadGraphFile()
[WARN] [] TCR_REDOX_METABOLOISM.zginml doesn't exist
2024-04-02 02:22:21 [JavaFX Application Thread] graph.SynchronousBooleanNetwork.loadGraphFile()
[WARN] [] TCR_REDOX_METABOLOISM.graphml doesn't exist
2024-04-02 02:22:21 [JavaFX Application Thread] graph.SynchronousBooleanNetwork.loadGraphFile()
[WARN] [] TCR_REDOX_METABOLOISM.zginml doesn't exist
2024-04-02 02:22:21 [JavaFX Application Thread] graph.SynchronousBooleanNetwork.loadGraphFile()
[WARN] [] TCR_REDOX_METABOLOISM.graphml doesn't exist
2024-04-02 02:22:21 [JavaFX Application Thread] graph.SynchronousBooleanNetwork.loadGraphFile()
[WARN] [] TCR_REDOX_METABOLOISM.zginml doesn't exist
2024-04-02 02:22:21 [JavaFX Application Thread] graph.SynchronousBooleanNetwork.loadGraphFile()
[WARN] [] TCR_REDOX_METABOLOISM.graphml doesn't exist
2024-04-02 02:22:21 [JavaFX Application Thread] graph.SynchronousBooleanNetwork.loadGraphFile()
[WARN] [] TCR_REDOX_METABOLOISM.zginml doesn't exist
2024-04-02 02:22:21 [JavaFX Application Thread] graph.SynchronousBooleanNetwork.loadGraphFile()
[WARN] [] TCR_REDOX_METABOLOISM.graphml doesn't exist
2024-04-02 02:22:21 [JavaFX Application Thread] graph.SynchronousBooleanNetwork.loadGraphFile()
[WARN] [] TCR_REDOX_METABOLOISM.zginml doesn't exist
2024-04-02 02:22:21 [JavaFX Application Thread] graph.SynchronousBooleanNetwork.loadGraphFile()
[WARN] [] TCR_REDOX_METABOLOISM.graphml doesn't exist
2024-04-02 02:22:21 [JavaFX Application Thread] graph.SynchronousBooleanNetwork.loadGraphFile()
[WARN] [] TCR_REDOX_METABOLOISM.zginml doesn't exist
2024-04-02 02:22:21 [JavaFX Application Thread] graph.SynchronousBooleanNetwork.loadGraphFile()
[WARN] [] TCR_REDOX_METABOLOISM.graphml doesn't exist
2024-04-02 02:22:21 [JavaFX Application Thread] graph.SynchronousBooleanNetwork.loadGraphFile()
[WARN] [] TCR_REDOX_METABOLOISM.zginml doesn't exist
2024-04-02 02:22:21 [JavaFX Application Thread] graph.SynchronousBooleanNetwork.loadGraphFile()
[WARN] [] TCR_REDOX_METABOLOISM.graphml doesn't exist
2024-04-02 02:22:21 [JavaFX Application Thread] graph.SynchronousBooleanNetwork.loadGraphFile()
[WARN] [] TCR_REDOX_METABOLOISM.zginml doesn't exist
2024-04-02 02:22:21 [JavaFX Application Thread] graph.SynchronousBooleanNetwork.loadGraphFile()
[WARN] [] TCR_REDOX_METABOLOISM.graphml doesn't exist
2024-04-02 02:22:21 [JavaFX Application Thread] graph.SynchronousBooleanNetwork.loadGraphFile()
[WARN] [] TCR_REDOX_METABOLOISM.zginml doesn't exist
2024-04-02 02:22:21 [JavaFX Application Thread] graph.SynchronousBooleanNetwork.loadGraphFile()
[WARN] [] TCR_REDOX_METABOLOISM.graphml doesn't exist
2024-04-02 02:22:21 [JavaFX Application Thread] graph.SynchronousBooleanNetwork.loadGraphFile()
[WARN] [] TCR_REDOX_METABOLOISM.zginml doesn't exist
2024-04-02 02:22:21 [JavaFX Application Thread] graph.SynchronousBooleanNetwork.loadGraphFile()
[WARN] [] TCR_REDOX_METABOLOISM.graphml doesn't exist
2024-04-02 02:22:21 [JavaFX Application Thread] graph.SynchronousBooleanNetwork.loadGraphFile()
[WARN] [] TCR_REDOX_METABOLOISM.zginml doesn't exist
2024-04-02 02:22:21 [JavaFX Application Thread] graph.SynchronousBooleanNetwork.loadGraphFile()
[WARN] [] TCR_REDOX_METABOLOISM.graphml doesn't exist
2024-04-02 02:22:21 [JavaFX Application Thread] graph.SynchronousBooleanNetwork.loadGraphFile()
[WARN] [] TCR_REDOX_METABOLOISM.zginml doesn't exist
2024-04-02 02:22:21 [JavaFX Application Thread] graph.SynchronousBooleanNetwork.loadGraphFile()
[WARN] [] TCR_REDOX_METABOLOISM.graphml doesn't exist
2024-04-02 02:22:21 [JavaFX Application Thread] graph.SynchronousBooleanNetwork.loadGraphFile()
[WARN] [] TCR_REDOX_METABOLOISM.zginml doesn't exist
2024-04-02 02:22:21 [JavaFX Application Thread] graph.SynchronousBooleanNetwork.loadGraphFile()
[WARN] [] TCR_REDOX_METABOLOISM.graphml doesn't exist
2024-04-02 02:22:21 [JavaFX Application Thread] graph.SynchronousBooleanNetwork.loadGraphFile()
[WARN] [] TCR_REDOX_METABOLOISM.zginml doesn't exist
2024-04-02 02:22:21 [JavaFX Application Thread] graph.SynchronousBooleanNetwork.loadGraphFile()
[WARN] [] TCR_REDOX_METABOLOISM.graphml doesn't exist
2024-04-02 02:22:21 [JavaFX Application Thread] graph.SynchronousBooleanNetwork.loadGraphFile()
[WARN] [] TCR_REDOX_METABOLOISM.zginml doesn't exist
2024-04-02 02:22:21 [JavaFX Application Thread] graph.SynchronousBooleanNetwork.loadGraphFile()
[WARN] [] TCR_REDOX_METABOLOISM.graphml doesn't exist
2024-04-02 02:22:21 [JavaFX Application Thread] graph.SynchronousBooleanNetwork.loadGraphFile()
[WARN] [] TCR_REDOX_METABOLOISM.zginml doesn't exist
2024-04-02 02:22:21 [JavaFX Application Thread] graph.SynchronousBooleanNetwork.loadGraphFile()
[WARN] [] TCR_REDOX_METABOLOISM.graphml doesn't exist
2024-04-02 02:22:21 [JavaFX Application Thread] graph.SynchronousBooleanNetwork.loadGraphFile()
[WARN] [] TCR_REDOX_METABOLOISM.zginml doesn't exist
2024-04-02 02:22:21 [JavaFX Application Thread] graph.SynchronousBooleanNetwork.loadGraphFile()
[WARN] [] TCR_REDOX_METABOLOISM.graphml doesn't exist
2024-04-02 02:22:21 [JavaFX Application Thread] graph.SynchronousBooleanNetwork.loadGraphFile()
[WARN] [] TCR_REDOX_METABOLOISM.zginml doesn't exist
2024-04-02 02:22:21 [JavaFX Application Thread] graph.SynchronousBooleanNetwork.loadGraphFile()
[WARN] [] TCR_REDOX_METABOLOISM.graphml doesn't exist
2024-04-02 02:22:21 [JavaFX Application Thread] graph.SynchronousBooleanNetwork.loadGraphFile()
[WARN] [] TCR_REDOX_METABOLOISM.zginml doesn't exist
2024-04-02 02:22:21 [JavaFX Application Thread] graph.SynchronousBooleanNetwork.loadGraphFile()
[WARN] [] TCR_REDOX_METABOLOISM.graphml doesn't exist
2024-04-02 02:22:21 [JavaFX Application Thread] graph.SynchronousBooleanNetwork.loadGraphFile()
[WARN] [] TCR_REDOX_METABOLOISM.zginml doesn't exist
2024-04-02 02:22:21 [JavaFX Application Thread] graph.SynchronousBooleanNetwork.loadGraphFile()
[WARN] [] TCR_REDOX_METABOLOISM.graphml doesn't exist
2024-04-02 02:22:21 [JavaFX Application Thread] graph.SynchronousBooleanNetwork.loadGraphFile()
[WARN] [] TCR_REDOX_METABOLOISM.zginml doesn't exist
2024-04-02 02:22:21 [JavaFX Application Thread] graph.SynchronousBooleanNetwork.loadGraphFile()
[WARN] [] TCR_REDOX_METABOLOISM.graphml doesn't exist
2024-04-02 02:22:21 [JavaFX Application Thread] graph.SynchronousBooleanNetwork.loadGraphFile()
[WARN] [] TCR_REDOX_METABOLOISM.zginml doesn't exist
2024-04-02 02:23:45 [JavaFX Application Thread] core.SettingsProvider.load()
[INFO] [] user settings loaded
2024-04-02 02:23:45 [JavaFX Application Thread] core.World.<init>()
[INFO] [setup] world initiated
2024-04-02 02:23:48 [JavaFX Application Thread] graph.SynchronousBooleanNetwork.loadGraphFile()
[WARN] [] TCR_REDOX_METABOLOISM.graphml doesn't exist
2024-04-02 02:23:48 [JavaFX Application Thread] graph.SynchronousBooleanNetwork.loadGraphFile()
[WARN] [] TCR_REDOX_METABOLOISM.zginml doesn't exist
2024-04-02 02:23:48 [JavaFX Application Thread] graph.SynchronousBooleanNetwork.loadGraphFile()
[WARN] [] TCR_REDOX_METABOLOISM.graphml doesn't exist
2024-04-02 02:23:48 [JavaFX Application Thread] graph.SynchronousBooleanNetwork.loadGraphFile()
[WARN] [] TCR_REDOX_METABOLOISM.zginml doesn't exist
2024-04-02 02:23:48 [JavaFX Application Thread] graph.SynchronousBooleanNetwork.loadGraphFile()
[WARN] [] TCR_REDOX_METABOLOISM.graphml doesn't exist
2024-04-02 02:23:48 [JavaFX Application Thread] graph.SynchronousBooleanNetwork.loadGraphFile()
[WARN] [] TCR_REDOX_METABOLOISM.zginml doesn't exist
2024-04-02 02:23:48 [JavaFX Application Thread] graph.SynchronousBooleanNetwork.loadGraphFile()
[WARN] [] TCR_REDOX_METABOLOISM.graphml doesn't exist
2024-04-02 02:23:48 [JavaFX Application Thread] graph.SynchronousBooleanNetwork.loadGraphFile()
[WARN] [] TCR_REDOX_METABOLOISM.zginml doesn't exist
2024-04-02 02:23:48 [JavaFX Application Thread] graph.SynchronousBooleanNetwork.loadGraphFile()
[WARN] [] TCR_REDOX_METABOLOISM.graphml doesn't exist
2024-04-02 02:23:48 [JavaFX Application Thread] graph.SynchronousBooleanNetwork.loadGraphFile()
[WARN] [] TCR_REDOX_METABOLOISM.zginml doesn't exist
2024-04-02 02:23:48 [JavaFX Application Thread] graph.SynchronousBooleanNetwork.loadGraphFile()
[WARN] [] TCR_REDOX_METABOLOISM.graphml doesn't exist
2024-04-02 02:23:48 [JavaFX Application Thread] graph.SynchronousBooleanNetwork.loadGraphFile()
[WARN] [] TCR_REDOX_METABOLOISM.zginml doesn't exist
2024-04-02 02:23:48 [JavaFX Application Thread] graph.SynchronousBooleanNetwork.loadGraphFile()
[WARN] [] TCR_REDOX_METABOLOISM.graphml doesn't exist
2024-04-02 02:23:48 [JavaFX Application Thread] graph.SynchronousBooleanNetwork.loadGraphFile()
[WARN] [] TCR_REDOX_METABOLOISM.zginml doesn't exist
2024-04-02 02:23:48 [JavaFX Application Thread] graph.SynchronousBooleanNetwork.loadGraphFile()
[WARN] [] TCR_REDOX_METABOLOISM.graphml doesn't exist
2024-04-02 02:23:48 [JavaFX Application Thread] graph.SynchronousBooleanNetwork.loadGraphFile()
[WARN] [] TCR_REDOX_METABOLOISM.zginml doesn't exist
2024-04-02 02:23:48 [JavaFX Application Thread] graph.SynchronousBooleanNetwork.loadGraphFile()
[WARN] [] TCR_REDOX_METABOLOISM.graphml doesn't exist
2024-04-02 02:23:48 [JavaFX Application Thread] graph.SynchronousBooleanNetwork.loadGraphFile()
[WARN] [] TCR_REDOX_METABOLOISM.zginml doesn't exist
2024-04-02 02:23:48 [JavaFX Application Thread] graph.SynchronousBooleanNetwork.loadGraphFile()
[WARN] [] TCR_REDOX_METABOLOISM.graphml doesn't exist
2024-04-02 02:23:48 [JavaFX Application Thread] graph.SynchronousBooleanNetwork.loadGraphFile()
[WARN] [] TCR_REDOX_METABOLOISM.zginml doesn't exist
2024-04-02 02:23:48 [JavaFX Application Thread] graph.SynchronousBooleanNetwork.loadGraphFile()
[WARN] [] TCR_REDOX_METABOLOISM.graphml doesn't exist
2024-04-02 02:23:48 [JavaFX Application Thread] graph.SynchronousBooleanNetwork.loadGraphFile()
[WARN] [] TCR_REDOX_METABOLOISM.zginml doesn't exist
2024-04-02 02:23:48 [JavaFX Application Thread] graph.SynchronousBooleanNetwork.loadGraphFile()
[WARN] [] TCR_REDOX_METABOLOISM.graphml doesn't exist
2024-04-02 02:23:48 [JavaFX Application Thread] graph.SynchronousBooleanNetwork.loadGraphFile()
[WARN] [] TCR_REDOX_METABOLOISM.zginml doesn't exist
2024-04-02 02:23:48 [JavaFX Application Thread] graph.SynchronousBooleanNetwork.loadGraphFile()
[WARN] [] TCR_REDOX_METABOLOISM.graphml doesn't exist
2024-04-02 02:23:48 [JavaFX Application Thread] graph.SynchronousBooleanNetwork.loadGraphFile()
[WARN] [] TCR_REDOX_METABOLOISM.zginml doesn't exist
2024-04-02 02:23:48 [JavaFX Application Thread] graph.SynchronousBooleanNetwork.loadGraphFile()
[WARN] [] TCR_REDOX_METABOLOISM.graphml doesn't exist
2024-04-02 02:23:48 [JavaFX Application Thread] graph.SynchronousBooleanNetwork.loadGraphFile()
[WARN] [] TCR_REDOX_METABOLOISM.zginml doesn't exist
2024-04-02 02:23:48 [JavaFX Application Thread] graph.SynchronousBooleanNetwork.loadGraphFile()
[WARN] [] TCR_REDOX_METABOLOISM.graphml doesn't exist
2024-04-02 02:23:48 [JavaFX Application Thread] graph.SynchronousBooleanNetwork.loadGraphFile()
[WARN] [] TCR_REDOX_METABOLOISM.zginml doesn't exist
2024-04-02 02:23:48 [JavaFX Application Thread] graph.SynchronousBooleanNetwork.loadGraphFile()
[WARN] [] TCR_REDOX_METABOLOISM.graphml doesn't exist
2024-04-02 02:23:48 [JavaFX Application Thread] graph.SynchronousBooleanNetwork.loadGraphFile()
[WARN] [] TCR_REDOX_METABOLOISM.zginml doesn't exist
2024-04-02 02:23:48 [JavaFX Application Thread] graph.SynchronousBooleanNetwork.loadGraphFile()
[WARN] [] TCR_REDOX_METABOLOISM.graphml doesn't exist
2024-04-02 02:23:48 [JavaFX Application Thread] graph.SynchronousBooleanNetwork.loadGraphFile()
[WARN] [] TCR_REDOX_METABOLOISM.zginml doesn't exist
2024-04-02 02:23:48 [JavaFX Application Thread] graph.SynchronousBooleanNetwork.loadGraphFile()
[WARN] [] TCR_REDOX_METABOLOISM.graphml doesn't exist
2024-04-02 02:23:48 [JavaFX Application Thread] graph.SynchronousBooleanNetwork.loadGraphFile()
[WARN] [] TCR_REDOX_METABOLOISM.zginml doesn't exist
2024-04-02 02:23:48 [JavaFX Application Thread] graph.SynchronousBooleanNetwork.loadGraphFile()
[WARN] [] TCR_REDOX_METABOLOISM.graphml doesn't exist
2024-04-02 02:23:48 [JavaFX Application Thread] graph.SynchronousBooleanNetwork.loadGraphFile()
[WARN] [] TCR_REDOX_METABOLOISM.zginml doesn't exist
2024-04-02 02:23:48 [JavaFX Application Thread] graph.SynchronousBooleanNetwork.loadGraphFile()
[WARN] [] TCR_REDOX_METABOLOISM.graphml doesn't exist
2024-04-02 02:23:48 [JavaFX Application Thread] graph.SynchronousBooleanNetwork.loadGraphFile()
[WARN] [] TCR_REDOX_METABOLOISM.zginml doesn't exist
2024-04-02 02:23:48 [JavaFX Application Thread] graph.SynchronousBooleanNetwork.loadGraphFile()
[WARN] [] TCR_REDOX_METABOLOISM.graphml doesn't exist
2024-04-02 02:23:48 [JavaFX Application Thread] graph.SynchronousBooleanNetwork.loadGraphFile()
[WARN] [] TCR_REDOX_METABOLOISM.zginml doesn't exist
2024-04-02 02:23:48 [JavaFX Application Thread] graph.SynchronousBooleanNetwork.loadGraphFile()
[WARN] [] TCR_REDOX_METABOLOISM.graphml doesn't exist
2024-04-02 02:23:48 [JavaFX Application Thread] graph.SynchronousBooleanNetwork.loadGraphFile()
[WARN] [] TCR_REDOX_METABOLOISM.zginml doesn't exist
2024-04-02 02:23:48 [JavaFX Application Thread] graph.SynchronousBooleanNetwork.loadGraphFile()
[WARN] [] TCR_REDOX_METABOLOISM.graphml doesn't exist
2024-04-02 02:23:48 [JavaFX Application Thread] graph.SynchronousBooleanNetwork.loadGraphFile()
[WARN] [] TCR_REDOX_METABOLOISM.zginml doesn't exist
2024-04-02 02:23:48 [JavaFX Application Thread] graph.SynchronousBooleanNetwork.loadGraphFile()
[WARN] [] TCR_REDOX_METABOLOISM.graphml doesn't exist
2024-04-02 02:23:48 [JavaFX Application Thread] graph.SynchronousBooleanNetwork.loadGraphFile()
[WARN] [] TCR_REDOX_METABOLOISM.zginml doesn't exist
2024-04-02 02:23:48 [JavaFX Application Thread] graph.SynchronousBooleanNetwork.loadGraphFile()
[WARN] [] TCR_REDOX_METABOLOISM.graphml doesn't exist
2024-04-02 02:23:48 [JavaFX Application Thread] graph.SynchronousBooleanNetwork.loadGraphFile()
[WARN] [] TCR_REDOX_METABOLOISM.zginml doesn't exist
2024-04-02 02:23:48 [JavaFX Application Thread] graph.SynchronousBooleanNetwork.loadGraphFile()
[WARN] [] TCR_REDOX_METABOLOISM.graphml doesn't exist
2024-04-02 02:23:48 [JavaFX Application Thread] graph.SynchronousBooleanNetwork.loadGraphFile()
[WARN] [] TCR_REDOX_METABOLOISM.zginml doesn't exist
2024-04-02 02:23:48 [JavaFX Application Thread] graph.SynchronousBooleanNetwork.loadGraphFile()
[WARN] [] TCR_REDOX_METABOLOISM.graphml doesn't exist
2024-04-02 02:23:48 [JavaFX Application Thread] graph.SynchronousBooleanNetwork.loadGraphFile()
[WARN] [] TCR_REDOX_METABOLOISM.zginml doesn't exist
2024-04-02 02:23:48 [JavaFX Application Thread] graph.SynchronousBooleanNetwork.loadGraphFile()
[WARN] [] TCR_REDOX_METABOLOISM.graphml doesn't exist
2024-04-02 02:23:48 [JavaFX Application Thread] graph.SynchronousBooleanNetwork.loadGraphFile()
[WARN] [] TCR_REDOX_METABOLOISM.zginml doesn't exist
2024-04-02 02:23:48 [JavaFX Application Thread] graph.SynchronousBooleanNetwork.loadGraphFile()
[WARN] [] TCR_REDOX_METABOLOISM.graphml doesn't exist
2024-04-02 02:23:48 [JavaFX Application Thread] graph.SynchronousBooleanNetwork.loadGraphFile()
[WARN] [] TCR_REDOX_METABOLOISM.zginml doesn't exist
2024-04-02 02:23:48 [JavaFX Application Thread] graph.SynchronousBooleanNetwork.loadGraphFile()
[WARN] [] TCR_REDOX_METABOLOISM.graphml doesn't exist
2024-04-02 02:23:48 [JavaFX Application Thread] graph.SynchronousBooleanNetwork.loadGraphFile()
[WARN] [] TCR_REDOX_METABOLOISM.zginml doesn't exist
2024-04-02 02:23:48 [JavaFX Application Thread] graph.SynchronousBooleanNetwork.loadGraphFile()
[WARN] [] TCR_REDOX_METABOLOISM.graphml doesn't exist
2024-04-02 02:23:48 [JavaFX Application Thread] graph.SynchronousBooleanNetwork.loadGraphFile()
[WARN] [] TCR_REDOX_METABOLOISM.zginml doesn't exist
2024-04-02 02:23:48 [JavaFX Application Thread] graph.SynchronousBooleanNetwork.loadGraphFile()
[WARN] [] TCR_REDOX_METABOLOISM.graphml doesn't exist
2024-04-02 02:23:48 [JavaFX Application Thread] graph.SynchronousBooleanNetwork.loadGraphFile()
[WARN] [] TCR_REDOX_METABOLOISM.zginml doesn't exist
2024-04-02 02:23:48 [JavaFX Application Thread] graph.SynchronousBooleanNetwork.loadGraphFile()
[WARN] [] TCR_REDOX_METABOLOISM.graphml doesn't exist
2024-04-02 02:23:48 [JavaFX Application Thread] graph.SynchronousBooleanNetwork.loadGraphFile()
[WARN] [] TCR_REDOX_METABOLOISM.zginml doesn't exist
2024-04-02 02:23:48 [JavaFX Application Thread] graph.SynchronousBooleanNetwork.loadGraphFile()
[WARN] [] TCR_REDOX_METABOLOISM.graphml doesn't exist
2024-04-02 02:23:48 [JavaFX Application Thread] graph.SynchronousBooleanNetwork.loadGraphFile()
[WARN] [] TCR_REDOX_METABOLOISM.zginml doesn't exist
2024-04-02 02:23:48 [JavaFX Application Thread] graph.SynchronousBooleanNetwork.loadGraphFile()
[WARN] [] TCR_REDOX_METABOLOISM.graphml doesn't exist
2024-04-02 02:23:48 [JavaFX Application Thread] graph.SynchronousBooleanNetwork.loadGraphFile()
[WARN] [] TCR_REDOX_METABOLOISM.zginml doesn't exist
2024-04-02 02:23:48 [JavaFX Application Thread] graph.SynchronousBooleanNetwork.loadGraphFile()
[WARN] [] TCR_REDOX_METABOLOISM.graphml doesn't exist
2024-04-02 02:23:48 [JavaFX Application Thread] graph.SynchronousBooleanNetwork.loadGraphFile()
[WARN] [] TCR_REDOX_METABOLOISM.zginml doesn't exist
2024-04-02 02:23:48 [JavaFX Application Thread] graph.SynchronousBooleanNetwork.loadGraphFile()
[WARN] [] TCR_REDOX_METABOLOISM.graphml doesn't exist
2024-04-02 02:23:48 [JavaFX Application Thread] graph.SynchronousBooleanNetwork.loadGraphFile()
[WARN] [] TCR_REDOX_METABOLOISM.zginml doesn't exist
2024-04-02 02:23:48 [JavaFX Application Thread] graph.SynchronousBooleanNetwork.loadGraphFile()
[WARN] [] TCR_REDOX_METABOLOISM.graphml doesn't exist
2024-04-02 02:23:48 [JavaFX Application Thread] graph.SynchronousBooleanNetwork.loadGraphFile()
[WARN] [] TCR_REDOX_METABOLOISM.zginml doesn't exist
2024-04-02 02:23:48 [JavaFX Application Thread] graph.SynchronousBooleanNetwork.loadGraphFile()
[WARN] [] TCR_REDOX_METABOLOISM.graphml doesn't exist
2024-04-02 02:23:48 [JavaFX Application Thread] graph.SynchronousBooleanNetwork.loadGraphFile()
[WARN] [] TCR_REDOX_METABOLOISM.zginml doesn't exist
2024-04-02 02:23:48 [JavaFX Application Thread] graph.SynchronousBooleanNetwork.loadGraphFile()
[WARN] [] TCR_REDOX_METABOLOISM.graphml doesn't exist
2024-04-02 02:23:48 [JavaFX Application Thread] graph.SynchronousBooleanNetwork.loadGraphFile()
[WARN] [] TCR_REDOX_METABOLOISM.zginml doesn't exist
2024-04-02 02:23:48 [JavaFX Application Thread] graph.SynchronousBooleanNetwork.loadGraphFile()
[WARN] [] TCR_REDOX_METABOLOISM.graphml doesn't exist
2024-04-02 02:23:48 [JavaFX Application Thread] graph.SynchronousBooleanNetwork.loadGraphFile()
[WARN] [] TCR_REDOX_METABOLOISM.zginml doesn't exist
2024-04-02 02:23:48 [JavaFX Application Thread] graph.SynchronousBooleanNetwork.loadGraphFile()
[WARN] [] TCR_REDOX_METABOLOISM.graphml doesn't exist
2024-04-02 02:23:48 [JavaFX Application Thread] graph.SynchronousBooleanNetwork.loadGraphFile()
[WARN] [] TCR_REDOX_METABOLOISM.zginml doesn't exist
2024-04-02 02:23:48 [JavaFX Application Thread] graph.SynchronousBooleanNetwork.loadGraphFile()
[WARN] [] TCR_REDOX_METABOLOISM.graphml doesn't exist
2024-04-02 02:23:48 [JavaFX Application Thread] graph.SynchronousBooleanNetwork.loadGraphFile()
[WARN] [] TCR_REDOX_METABOLOISM.zginml doesn't exist
2024-04-02 02:23:48 [JavaFX Application Thread] graph.SynchronousBooleanNetwork.loadGraphFile()
[WARN] [] TCR_REDOX_METABOLOISM.graphml doesn't exist
2024-04-02 02:23:48 [JavaFX Application Thread] graph.SynchronousBooleanNetwork.loadGraphFile()
[WARN] [] TCR_REDOX_METABOLOISM.zginml doesn't exist
2024-04-02 02:23:48 [JavaFX Application Thread] graph.SynchronousBooleanNetwork.loadGraphFile()
[WARN] [] TCR_REDOX_METABOLOISM.graphml doesn't exist
2024-04-02 02:23:48 [JavaFX Application Thread] graph.SynchronousBooleanNetwork.loadGraphFile()
[WARN] [] TCR_REDOX_METABOLOISM.zginml doesn't exist
2024-04-02 02:23:48 [JavaFX Application Thread] graph.SynchronousBooleanNetwork.loadGraphFile()
[WARN] [] TCR_REDOX_METABOLOISM.graphml doesn't exist
2024-04-02 02:23:48 [JavaFX Application Thread] graph.SynchronousBooleanNetwork.loadGraphFile()
[WARN] [] TCR_REDOX_METABOLOISM.zginml doesn't exist
2024-04-02 02:23:48 [JavaFX Application Thread] graph.SynchronousBooleanNetwork.loadGraphFile()
[WARN] [] TCR_REDOX_METABOLOISM.graphml doesn't exist
2024-04-02 02:23:48 [JavaFX Application Thread] graph.SynchronousBooleanNetwork.loadGraphFile()
[WARN] [] TCR_REDOX_METABOLOISM.zginml doesn't exist
2024-04-02 02:23:48 [JavaFX Application Thread] graph.SynchronousBooleanNetwork.loadGraphFile()
[WARN] [] TCR_REDOX_METABOLOISM.graphml doesn't exist
2024-04-02 02:23:48 [JavaFX Application Thread] graph.SynchronousBooleanNetwork.loadGraphFile()
[WARN] [] TCR_REDOX_METABOLOISM.zginml doesn't exist
2024-04-02 02:23:48 [JavaFX Application Thread] graph.SynchronousBooleanNetwork.loadGraphFile()
[WARN] [] TCR_REDOX_METABOLOISM.graphml doesn't exist
2024-04-02 02:23:48 [JavaFX Application Thread] graph.SynchronousBooleanNetwork.loadGraphFile()
[WARN] [] TCR_REDOX_METABOLOISM.zginml doesn't exist
2024-04-02 02:23:48 [JavaFX Application Thread] graph.SynchronousBooleanNetwork.loadGraphFile()
[WARN] [] TCR_REDOX_METABOLOISM.graphml doesn't exist
2024-04-02 02:23:48 [JavaFX Application Thread] graph.SynchronousBooleanNetwork.loadGraphFile()
[WARN] [] TCR_REDOX_METABOLOISM.zginml doesn't exist
2024-04-02 02:23:48 [JavaFX Application Thread] graph.SynchronousBooleanNetwork.loadGraphFile()
[WARN] [] TCR_REDOX_METABOLOISM.graphml doesn't exist
2024-04-02 02:23:48 [JavaFX Application Thread] graph.SynchronousBooleanNetwork.loadGraphFile()
[WARN] [] TCR_REDOX_METABOLOISM.zginml doesn't exist
2024-04-02 02:23:48 [JavaFX Application Thread] graph.SynchronousBooleanNetwork.loadGraphFile()
[WARN] [] TCR_REDOX_METABOLOISM.graphml doesn't exist
2024-04-02 02:23:48 [JavaFX Application Thread] graph.SynchronousBooleanNetwork.loadGraphFile()
[WARN] [] TCR_REDOX_METABOLOISM.zginml doesn't exist
2024-04-02 02:23:48 [JavaFX Application Thread] graph.SynchronousBooleanNetwork.loadGraphFile()
[WARN] [] TCR_REDOX_METABOLOISM.graphml doesn't exist
2024-04-02 02:23:48 [JavaFX Application Thread] graph.SynchronousBooleanNetwork.loadGraphFile()
[WARN] [] TCR_REDOX_METABOLOISM.zginml doesn't exist
2024-04-02 02:23:48 [JavaFX Application Thread] graph.SynchronousBooleanNetwork.loadGraphFile()
[WARN] [] TCR_REDOX_METABOLOISM.graphml doesn't exist
2024-04-02 02:23:48 [JavaFX Application Thread] graph.SynchronousBooleanNetwork.loadGraphFile()
[WARN] [] TCR_REDOX_METABOLOISM.zginml doesn't exist
2024-04-02 02:23:48 [JavaFX Application Thread] graph.SynchronousBooleanNetwork.loadGraphFile()
[WARN] [] TCR_REDOX_METABOLOISM.graphml doesn't exist
2024-04-02 02:23:48 [JavaFX Application Thread] graph.SynchronousBooleanNetwork.loadGraphFile()
[WARN] [] TCR_REDOX_METABOLOISM.zginml doesn't exist
2024-04-02 02:23:48 [JavaFX Application Thread] graph.SynchronousBooleanNetwork.loadGraphFile()
[WARN] [] TCR_REDOX_METABOLOISM.graphml doesn't exist
2024-04-02 02:23:48 [JavaFX Application Thread] graph.SynchronousBooleanNetwork.loadGraphFile()
[WARN] [] TCR_REDOX_METABOLOISM.zginml doesn't exist
2024-04-02 02:23:48 [JavaFX Application Thread] graph.SynchronousBooleanNetwork.loadGraphFile()
[WARN] [] TCR_REDOX_METABOLOISM.graphml doesn't exist
2024-04-02 02:23:48 [JavaFX Application Thread] graph.SynchronousBooleanNetwork.loadGraphFile()
[WARN] [] TCR_REDOX_METABOLOISM.zginml doesn't exist
2024-04-02 02:23:48 [JavaFX Application Thread] graph.SynchronousBooleanNetwork.loadGraphFile()
[WARN] [] TCR_REDOX_METABOLOISM.graphml doesn't exist
2024-04-02 02:23:48 [JavaFX Application Thread] graph.SynchronousBooleanNetwork.loadGraphFile()
[WARN] [] TCR_REDOX_METABOLOISM.zginml doesn't exist
2024-04-02 02:23:48 [JavaFX Application Thread] graph.SynchronousBooleanNetwork.loadGraphFile()
[WARN] [] TCR_REDOX_METABOLOISM.graphml doesn't exist
2024-04-02 02:23:48 [JavaFX Application Thread] graph.SynchronousBooleanNetwork.loadGraphFile()
[WARN] [] TCR_REDOX_METABOLOISM.zginml doesn't exist
2024-04-02 02:23:48 [JavaFX Application Thread] graph.SynchronousBooleanNetwork.loadGraphFile()
[WARN] [] TCR_REDOX_METABOLOISM.graphml doesn't exist
2024-04-02 02:23:48 [JavaFX Application Thread] graph.SynchronousBooleanNetwork.loadGraphFile()
[WARN] [] TCR_REDOX_METABOLOISM.zginml doesn't exist
2024-04-02 02:23:48 [JavaFX Application Thread] graph.SynchronousBooleanNetwork.loadGraphFile()
[WARN] [] TCR_REDOX_METABOLOISM.graphml doesn't exist
2024-04-02 02:23:48 [JavaFX Application Thread] graph.SynchronousBooleanNetwork.loadGraphFile()
[WARN] [] TCR_REDOX_METABOLOISM.zginml doesn't exist
2024-04-02 02:23:48 [JavaFX Application Thread] graph.SynchronousBooleanNetwork.loadGraphFile()
[WARN] [] TCR_REDOX_METABOLOISM.graphml doesn't exist
2024-04-02 02:23:48 [JavaFX Application Thread] graph.SynchronousBooleanNetwork.loadGraphFile()
[WARN] [] TCR_REDOX_METABOLOISM.zginml doesn't exist
2024-04-02 02:23:48 [JavaFX Application Thread] graph.SynchronousBooleanNetwork.loadGraphFile()
[WARN] [] TCR_REDOX_METABOLOISM.graphml doesn't exist
2024-04-02 02:23:48 [JavaFX Application Thread] graph.SynchronousBooleanNetwork.loadGraphFile()
[WARN] [] TCR_REDOX_METABOLOISM.zginml doesn't exist
2024-04-02 02:23:48 [JavaFX Application Thread] graph.SynchronousBooleanNetwork.loadGraphFile()
[WARN] [] TCR_REDOX_METABOLOISM.graphml doesn't exist
2024-04-02 02:23:48 [JavaFX Application Thread] graph.SynchronousBooleanNetwork.loadGraphFile()
[WARN] [] TCR_REDOX_METABOLOISM.zginml doesn't exist
2024-04-02 02:23:48 [JavaFX Application Thread] graph.SynchronousBooleanNetwork.loadGraphFile()
[WARN] [] TCR_REDOX_METABOLOISM.graphml doesn't exist
2024-04-02 02:23:48 [JavaFX Application Thread] graph.SynchronousBooleanNetwork.loadGraphFile()
[WARN] [] TCR_REDOX_METABOLOISM.zginml doesn't exist
2024-04-02 02:23:48 [JavaFX Application Thread] graph.SynchronousBooleanNetwork.loadGraphFile()
[WARN] [] TCR_REDOX_METABOLOISM.graphml doesn't exist
2024-04-02 02:23:48 [JavaFX Application Thread] graph.SynchronousBooleanNetwork.loadGraphFile()
[WARN] [] TCR_REDOX_METABOLOISM.zginml doesn't exist
2024-04-02 02:23:48 [JavaFX Application Thread] graph.SynchronousBooleanNetwork.loadGraphFile()
[WARN] [] TCR_REDOX_METABOLOISM.graphml doesn't exist
2024-04-02 02:23:48 [JavaFX Application Thread] graph.SynchronousBooleanNetwork.loadGraphFile()
[WARN] [] TCR_REDOX_METABOLOISM.zginml doesn't exist
2024-04-02 02:23:48 [JavaFX Application Thread] graph.SynchronousBooleanNetwork.loadGraphFile()
[WARN] [] TCR_REDOX_METABOLOISM.graphml doesn't exist
2024-04-02 02:23:48 [JavaFX Application Thread] graph.SynchronousBooleanNetwork.loadGraphFile()
[WARN] [] TCR_REDOX_METABOLOISM.zginml doesn't exist
2024-04-02 02:23:48 [JavaFX Application Thread] graph.SynchronousBooleanNetwork.loadGraphFile()
[WARN] [] TCR_REDOX_METABOLOISM.graphml doesn't exist
2024-04-02 02:23:48 [JavaFX Application Thread] graph.SynchronousBooleanNetwork.loadGraphFile()
[WARN] [] TCR_REDOX_METABOLOISM.zginml doesn't exist
2024-04-02 02:23:48 [JavaFX Application Thread] graph.SynchronousBooleanNetwork.loadGraphFile()
[WARN] [] TCR_REDOX_METABOLOISM.graphml doesn't exist
2024-04-02 02:23:48 [JavaFX Application Thread] graph.SynchronousBooleanNetwork.loadGraphFile()
[WARN] [] TCR_REDOX_METABOLOISM.zginml doesn't exist
2024-04-02 02:23:48 [JavaFX Application Thread] graph.SynchronousBooleanNetwork.loadGraphFile()
[WARN] [] TCR_REDOX_METABOLOISM.graphml doesn't exist
2024-04-02 02:23:48 [JavaFX Application Thread] graph.SynchronousBooleanNetwork.loadGraphFile()
[WARN] [] TCR_REDOX_METABOLOISM.zginml doesn't exist
2024-04-02 02:23:48 [JavaFX Application Thread] graph.SynchronousBooleanNetwork.loadGraphFile()
[WARN] [] TCR_REDOX_METABOLOISM.graphml doesn't exist
2024-04-02 02:23:48 [JavaFX Application Thread] graph.SynchronousBooleanNetwork.loadGraphFile()
[WARN] [] TCR_REDOX_METABOLOISM.zginml doesn't exist
2024-04-02 02:23:48 [JavaFX Application Thread] graph.SynchronousBooleanNetwork.loadGraphFile()
[WARN] [] TCR_REDOX_METABOLOISM.graphml doesn't exist
2024-04-02 02:23:48 [JavaFX Application Thread] graph.SynchronousBooleanNetwork.loadGraphFile()
[WARN] [] TCR_REDOX_METABOLOISM.zginml doesn't exist
2024-04-02 02:23:48 [JavaFX Application Thread] graph.SynchronousBooleanNetwork.loadGraphFile()
[WARN] [] TCR_REDOX_METABOLOISM.graphml doesn't exist
2024-04-02 02:23:48 [JavaFX Application Thread] graph.SynchronousBooleanNetwork.loadGraphFile()
[WARN] [] TCR_REDOX_METABOLOISM.zginml doesn't exist
2024-04-02 02:23:48 [JavaFX Application Thread] graph.SynchronousBooleanNetwork.loadGraphFile()
[WARN] [] TCR_REDOX_METABOLOISM.graphml doesn't exist
2024-04-02 02:23:48 [JavaFX Application Thread] graph.SynchronousBooleanNetwork.loadGraphFile()
[WARN] [] TCR_REDOX_METABOLOISM.zginml doesn't exist
2024-04-02 02:23:48 [JavaFX Application Thread] graph.SynchronousBooleanNetwork.loadGraphFile()
[WARN] [] TCR_REDOX_METABOLOISM.graphml doesn't exist
2024-04-02 02:23:48 [JavaFX Application Thread] graph.SynchronousBooleanNetwork.loadGraphFile()
[WARN] [] TCR_REDOX_METABOLOISM.zginml doesn't exist
2024-04-02 02:23:48 [JavaFX Application Thread] graph.SynchronousBooleanNetwork.loadGraphFile()
[WARN] [] TCR_REDOX_METABOLOISM.graphml doesn't exist
2024-04-02 02:23:48 [JavaFX Application Thread] graph.SynchronousBooleanNetwork.loadGraphFile()
[WARN] [] TCR_REDOX_METABOLOISM.zginml doesn't exist
2024-04-02 02:23:48 [JavaFX Application Thread] graph.SynchronousBooleanNetwork.loadGraphFile()
[WARN] [] TCR_REDOX_METABOLOISM.graphml doesn't exist
2024-04-02 02:23:48 [JavaFX Application Thread] graph.SynchronousBooleanNetwork.loadGraphFile()
[WARN] [] TCR_REDOX_METABOLOISM.zginml doesn't exist
2024-04-02 02:23:48 [JavaFX Application Thread] graph.SynchronousBooleanNetwork.loadGraphFile()
[WARN] [] TCR_REDOX_METABOLOISM.graphml doesn't exist
2024-04-02 02:23:48 [JavaFX Application Thread] graph.SynchronousBooleanNetwork.loadGraphFile()
[WARN] [] TCR_REDOX_METABOLOISM.zginml doesn't exist
2024-04-02 02:23:48 [JavaFX Application Thread] graph.SynchronousBooleanNetwork.loadGraphFile()
[WARN] [] TCR_REDOX_METABOLOISM.graphml doesn't exist
2024-04-02 02:23:48 [JavaFX Application Thread] graph.SynchronousBooleanNetwork.loadGraphFile()
[WARN] [] TCR_REDOX_METABOLOISM.zginml doesn't exist
2024-04-02 02:23:48 [JavaFX Application Thread] graph.SynchronousBooleanNetwork.loadGraphFile()
[WARN] [] TCR_REDOX_METABOLOISM.graphml doesn't exist
2024-04-02 02:23:48 [JavaFX Application Thread] graph.SynchronousBooleanNetwork.loadGraphFile()
[WARN] [] TCR_REDOX_METABOLOISM.zginml doesn't exist
2024-04-02 02:23:48 [JavaFX Application Thread] graph.SynchronousBooleanNetwork.loadGraphFile()
[WARN] [] TCR_REDOX_METABOLOISM.graphml doesn't exist
2024-04-02 02:23:48 [JavaFX Application Thread] graph.SynchronousBooleanNetwork.loadGraphFile()
[WARN] [] TCR_REDOX_METABOLOISM.zginml doesn't exist
2024-04-02 02:23:48 [JavaFX Application Thread] graph.SynchronousBooleanNetwork.loadGraphFile()
[WARN] [] TCR_REDOX_METABOLOISM.graphml doesn't exist
2024-04-02 02:23:48 [JavaFX Application Thread] graph.SynchronousBooleanNetwork.loadGraphFile()
[WARN] [] TCR_REDOX_METABOLOISM.zginml doesn't exist
2024-04-02 02:23:48 [JavaFX Application Thread] graph.SynchronousBooleanNetwork.loadGraphFile()
[WARN] [] TCR_REDOX_METABOLOISM.graphml doesn't exist
2024-04-02 02:23:48 [JavaFX Application Thread] graph.SynchronousBooleanNetwork.loadGraphFile()
[WARN] [] TCR_REDOX_METABOLOISM.zginml doesn't exist
2024-04-02 02:23:48 [JavaFX Application Thread] graph.SynchronousBooleanNetwork.loadGraphFile()
[WARN] [] TCR_REDOX_METABOLOISM.graphml doesn't exist
2024-04-02 02:23:48 [JavaFX Application Thread] graph.SynchronousBooleanNetwork.loadGraphFile()
[WARN] [] TCR_REDOX_METABOLOISM.zginml doesn't exist
2024-04-02 02:23:48 [JavaFX Application Thread] graph.SynchronousBooleanNetwork.loadGraphFile()
[WARN] [] TCR_REDOX_METABOLOISM.graphml doesn't exist
2024-04-02 02:23:48 [JavaFX Application Thread] graph.SynchronousBooleanNetwork.loadGraphFile()
[WARN] [] TCR_REDOX_METABOLOISM.zginml doesn't exist
2024-04-02 02:23:48 [JavaFX Application Thread] graph.SynchronousBooleanNetwork.loadGraphFile()
[WARN] [] TCR_REDOX_METABOLOISM.graphml doesn't exist
2024-04-02 02:23:48 [JavaFX Application Thread] graph.SynchronousBooleanNetwork.loadGraphFile()
[WARN] [] TCR_REDOX_METABOLOISM.zginml doesn't exist
2024-04-02 02:23:48 [JavaFX Application Thread] graph.SynchronousBooleanNetwork.loadGraphFile()
[WARN] [] TCR_REDOX_METABOLOISM.graphml doesn't exist
2024-04-02 02:23:48 [JavaFX Application Thread] graph.SynchronousBooleanNetwork.loadGraphFile()
[WARN] [] TCR_REDOX_METABOLOISM.zginml doesn't exist
2024-04-02 02:23:48 [JavaFX Application Thread] graph.SynchronousBooleanNetwork.loadGraphFile()
[WARN] [] TCR_REDOX_METABOLOISM.graphml doesn't exist
2024-04-02 02:23:48 [JavaFX Application Thread] graph.SynchronousBooleanNetwork.loadGraphFile()
[WARN] [] TCR_REDOX_METABOLOISM.zginml doesn't exist
2024-04-02 02:23:48 [JavaFX Application Thread] graph.SynchronousBooleanNetwork.loadGraphFile()
[WARN] [] TCR_REDOX_METABOLOISM.graphml doesn't exist
2024-04-02 02:23:48 [JavaFX Application Thread] graph.SynchronousBooleanNetwork.loadGraphFile()
[WARN] [] TCR_REDOX_METABOLOISM.zginml doesn't exist
2024-04-02 02:23:48 [JavaFX Application Thread] graph.SynchronousBooleanNetwork.loadGraphFile()
[WARN] [] TCR_REDOX_METABOLOISM.graphml doesn't exist
2024-04-02 02:23:48 [JavaFX Application Thread] graph.SynchronousBooleanNetwork.loadGraphFile()
[WARN] [] TCR_REDOX_METABOLOISM.zginml doesn't exist
2024-04-02 02:23:48 [JavaFX Application Thread] graph.SynchronousBooleanNetwork.loadGraphFile()
[WARN] [] TCR_REDOX_METABOLOISM.graphml doesn't exist
2024-04-02 02:23:48 [JavaFX Application Thread] graph.SynchronousBooleanNetwork.loadGraphFile()
[WARN] [] TCR_REDOX_METABOLOISM.zginml doesn't exist
2024-04-02 02:23:48 [JavaFX Application Thread] graph.SynchronousBooleanNetwork.loadGraphFile()
[WARN] [] TCR_REDOX_METABOLOISM.graphml doesn't exist
2024-04-02 02:23:48 [JavaFX Application Thread] graph.SynchronousBooleanNetwork.loadGraphFile()
[WARN] [] TCR_REDOX_METABOLOISM.zginml doesn't exist
2024-04-02 02:23:48 [JavaFX Application Thread] graph.SynchronousBooleanNetwork.loadGraphFile()
[WARN] [] TCR_REDOX_METABOLOISM.graphml doesn't exist
2024-04-02 02:23:48 [JavaFX Application Thread] graph.SynchronousBooleanNetwork.loadGraphFile()
[WARN] [] TCR_REDOX_METABOLOISM.zginml doesn't exist
2024-04-02 02:23:48 [JavaFX Application Thread] graph.SynchronousBooleanNetwork.loadGraphFile()
[WARN] [] TCR_REDOX_METABOLOISM.graphml doesn't exist
2024-04-02 02:23:48 [JavaFX Application Thread] graph.SynchronousBooleanNetwork.loadGraphFile()
[WARN] [] TCR_REDOX_METABOLOISM.zginml doesn't exist
2024-04-02 02:23:48 [JavaFX Application Thread] graph.SynchronousBooleanNetwork.loadGraphFile()
[WARN] [] TCR_REDOX_METABOLOISM.graphml doesn't exist
2024-04-02 02:23:48 [JavaFX Application Thread] graph.SynchronousBooleanNetwork.loadGraphFile()
[WARN] [] TCR_REDOX_METABOLOISM.zginml doesn't exist
2024-04-02 02:23:48 [JavaFX Application Thread] graph.SynchronousBooleanNetwork.loadGraphFile()
[WARN] [] TCR_REDOX_METABOLOISM.graphml doesn't exist
2024-04-02 02:23:48 [JavaFX Application Thread] graph.SynchronousBooleanNetwork.loadGraphFile()
[WARN] [] TCR_REDOX_METABOLOISM.zginml doesn't exist
2024-04-02 02:23:48 [JavaFX Application Thread] graph.SynchronousBooleanNetwork.loadGraphFile()
[WARN] [] TCR_REDOX_METABOLOISM.graphml doesn't exist
2024-04-02 02:23:48 [JavaFX Application Thread] graph.SynchronousBooleanNetwork.loadGraphFile()
[WARN] [] TCR_REDOX_METABOLOISM.zginml doesn't exist
2024-04-02 02:23:48 [JavaFX Application Thread] graph.SynchronousBooleanNetwork.loadGraphFile()
[WARN] [] TCR_REDOX_METABOLOISM.graphml doesn't exist
2024-04-02 02:23:48 [JavaFX Application Thread] graph.SynchronousBooleanNetwork.loadGraphFile()
[WARN] [] TCR_REDOX_METABOLOISM.zginml doesn't exist
2024-04-02 02:23:48 [JavaFX Application Thread] graph.SynchronousBooleanNetwork.loadGraphFile()
[WARN] [] TCR_REDOX_METABOLOISM.graphml doesn't exist
2024-04-02 02:23:48 [JavaFX Application Thread] graph.SynchronousBooleanNetwork.loadGraphFile()
[WARN] [] TCR_REDOX_METABOLOISM.zginml doesn't exist
2024-04-02 02:23:48 [JavaFX Application Thread] core.World.setup()
[INFO] [setup] tumor initiated
2024-04-02 02:23:48 [JavaFX Application Thread] core.World.setup()
[INFO] [setup] diffusion model initiated
2024-04-02 02:24:37 [pool-2-thread-1] update.PaceMaker.lambda$startClock$0()
[INFO] [step] World 17001 - step <1>]
2024-04-02 02:24:37 [pool-2-thread-1] core.World.update()
[INFO] [] World 17001 starting update
2024-04-02 02:24:37 [pool-2-thread-1] core.Tumor.tickAllCells()
[INFO] [] cells ticked
2024-04-02 02:24:37 [pool-2-thread-1] core.Tumor.tickAllCells()
[INFO] [] starting proliferation
2024-04-02 02:24:37 [pool-2-thread-1] core.Tumor.tickAllCells()
[INFO] [] proliferation done
2024-04-02 02:24:37 [pool-2-thread-1] core.World.update()
[INFO] [] World 17001 cells ticked
2024-04-02 02:24:37 [pool-2-thread-1] core.World.update()
[INFO] [] World 17001 tumor update done
2024-04-02 02:24:37 [pool-2-thread-1] core.World.update()
[INFO] [] World 17001 diffusion agents update done
